20:30:27.871 [main] DEBUG - Parsing relationship: /_rels/.rels
20:30:28.118 [main] DEBUG - Parsing relationship: /xl/_rels/workbook.xml.rels
20:30:28.119 [main] DEBUG - Parsing relationship: /xl/worksheets/_rels/sheet1.xml.rels
20:30:28.120 [main] DEBUG - Parsing relationship: /_rels/.rels
20:30:30.694 [main] DEBUG - Parsing relationship: /xl/_rels/workbook.xml.rels
20:30:30.694 [main] DEBUG - Parsing relationship: /xl/worksheets/_rels/sheet1.xml.rels
20:30:30.695 [main] DEBUG - Parsing relationship: /_rels/.rels
20:30:31.114 [main] INFO  - Taking screenshot
20:30:31.116 [main] INFO  - Quitting the website
20:30:47.912 [main] INFO  - Website is opened
20:30:47.916 [main] DEBUG - Parsing relationship: /xl/_rels/workbook.xml.rels
20:30:47.916 [main] DEBUG - Parsing relationship: /xl/worksheets/_rels/sheet1.xml.rels
20:30:47.917 [main] DEBUG - Parsing relationship: /_rels/.rels
20:30:55.285 [main] DEBUG - Parsing relationship: /xl/_rels/workbook.xml.rels
20:30:55.285 [main] DEBUG - Parsing relationship: /xl/worksheets/_rels/sheet1.xml.rels
20:30:55.286 [main] DEBUG - Parsing relationship: /_rels/.rels
20:30:57.549 [main] INFO  - Clearing search box and sending value
20:30:57.549 [main] INFO  - Navigating to For Business section
20:31:14.266 [main] DEBUG - Parsing relationship: /xl/_rels/workbook.xml.rels
20:31:14.266 [main] DEBUG - Parsing relationship: /xl/worksheets/_rels/sheet1.xml.rels
20:31:14.266 [main] DEBUG - Parsing relationship: /_rels/.rels
20:31:14.372 [main] DEBUG - Parsing relationship: /xl/_rels/workbook.xml.rels
20:31:14.372 [main] DEBUG - Parsing relationship: /xl/worksheets/_rels/sheet1.xml.rels
20:31:14.372 [main] DEBUG - Parsing relationship: /_rels/.rels
20:31:14.476 [main] DEBUG - Parsing relationship: /xl/_rels/workbook.xml.rels
20:31:14.476 [main] DEBUG - Parsing relationship: /xl/worksheets/_rels/sheet1.xml.rels
20:31:14.476 [main] DEBUG - Parsing relationship: /_rels/.rels
20:31:14.585 [main] DEBUG - Parsing relationship: /xl/_rels/workbook.xml.rels
20:31:14.585 [main] DEBUG - Parsing relationship: /xl/worksheets/_rels/sheet1.xml.rels
20:31:14.585 [main] DEBUG - Parsing relationship: /_rels/.rels
20:31:14.679 [main] DEBUG - Parsing relationship: /xl/_rels/workbook.xml.rels
20:31:14.679 [main] DEBUG - Parsing relationship: /xl/worksheets/_rels/sheet1.xml.rels
20:31:14.680 [main] DEBUG - Parsing relationship: /_rels/.rels
20:31:16.940 [main] DEBUG - Parsing relationship: /xl/_rels/workbook.xml.rels
20:31:16.940 [main] DEBUG - Parsing relationship: /xl/worksheets/_rels/sheet1.xml.rels
20:31:16.940 [main] DEBUG - Parsing relationship: /_rels/.rels
20:31:17.063 [main] DEBUG - Parsing relationship: /xl/_rels/workbook.xml.rels
20:31:17.063 [main] DEBUG - Parsing relationship: /xl/worksheets/_rels/sheet1.xml.rels
20:31:17.063 [main] DEBUG - Parsing relationship: /_rels/.rels
20:31:17.227 [main] DEBUG - Parsing relationship: /xl/_rels/workbook.xml.rels
20:31:17.228 [main] DEBUG - Parsing relationship: /xl/worksheets/_rels/sheet1.xml.rels
20:31:17.228 [main] DEBUG - Parsing relationship: /_rels/.rels
20:31:17.437 [main] INFO  - Taking screenshot
20:31:17.437 [main] INFO  - Quitting the website
20:31:33.838 [main] INFO  - Website is opened
20:31:33.846 [main] DEBUG - Parsing relationship: /xl/_rels/workbook.xml.rels
20:31:33.847 [main] DEBUG - Parsing relationship: /xl/worksheets/_rels/sheet1.xml.rels
20:31:33.848 [main] DEBUG - Parsing relationship: /_rels/.rels
20:31:39.906 [main] DEBUG - Parsing relationship: /xl/_rels/workbook.xml.rels
20:31:39.906 [main] DEBUG - Parsing relationship: /xl/worksheets/_rels/sheet1.xml.rels
20:31:39.906 [main] DEBUG - Parsing relationship: /_rels/.rels
20:31:42.142 [main] INFO  - Clearing search box and sending value
20:31:42.143 [main] INFO  - Navigating to For Business section
20:31:51.048 [main] DEBUG - Parsing relationship: /xl/_rels/workbook.xml.rels
20:31:51.049 [main] DEBUG - Parsing relationship: /xl/worksheets/_rels/sheet1.xml.rels
20:31:51.049 [main] DEBUG - Parsing relationship: /_rels/.rels
20:31:51.419 [main] DEBUG - Parsing relationship: /xl/_rels/workbook.xml.rels
20:31:51.420 [main] DEBUG - Parsing relationship: /xl/worksheets/_rels/sheet1.xml.rels
20:31:51.421 [main] DEBUG - Parsing relationship: /_rels/.rels
20:31:51.729 [main] DEBUG - Parsing relationship: /xl/_rels/workbook.xml.rels
20:31:51.730 [main] DEBUG - Parsing relationship: /xl/worksheets/_rels/sheet1.xml.rels
20:31:51.730 [main] DEBUG - Parsing relationship: /_rels/.rels
20:31:52.002 [main] DEBUG - Parsing relationship: /xl/_rels/workbook.xml.rels
20:31:52.003 [main] DEBUG - Parsing relationship: /xl/worksheets/_rels/sheet1.xml.rels
20:31:52.003 [main] DEBUG - Parsing relationship: /_rels/.rels
20:31:52.286 [main] DEBUG - Parsing relationship: /xl/_rels/workbook.xml.rels
20:31:52.287 [main] DEBUG - Parsing relationship: /xl/worksheets/_rels/sheet1.xml.rels
20:31:52.287 [main] DEBUG - Parsing relationship: /_rels/.rels
20:31:54.611 [main] DEBUG - Parsing relationship: /xl/_rels/workbook.xml.rels
20:31:54.611 [main] DEBUG - Parsing relationship: /xl/worksheets/_rels/sheet1.xml.rels
20:31:54.611 [main] DEBUG - Parsing relationship: /_rels/.rels
20:31:54.741 [main] DEBUG - Parsing relationship: /xl/_rels/workbook.xml.rels
20:31:54.741 [main] DEBUG - Parsing relationship: /xl/worksheets/_rels/sheet1.xml.rels
20:31:54.741 [main] DEBUG - Parsing relationship: /_rels/.rels
20:31:54.946 [main] DEBUG - Parsing relationship: /xl/_rels/workbook.xml.rels
20:31:54.947 [main] DEBUG - Parsing relationship: /xl/worksheets/_rels/sheet1.xml.rels
20:31:54.947 [main] DEBUG - Parsing relationship: /_rels/.rels
20:32:05.127 [main] INFO  - Taking screenshot
20:32:05.127 [main] INFO  - Quitting the website
20:32:24.124 [main] INFO  - Website is opened
20:32:24.130 [main] DEBUG - Parsing relationship: /xl/_rels/workbook.xml.rels
20:32:24.131 [main] DEBUG - Parsing relationship: /xl/worksheets/_rels/sheet1.xml.rels
20:32:24.131 [main] DEBUG - Parsing relationship: /_rels/.rels
20:32:29.536 [main] DEBUG - Parsing relationship: /xl/_rels/workbook.xml.rels
20:32:29.536 [main] DEBUG - Parsing relationship: /xl/worksheets/_rels/sheet1.xml.rels
20:32:29.536 [main] DEBUG - Parsing relationship: /_rels/.rels
20:32:31.800 [main] INFO  - Clearing search box and sending value
20:32:31.801 [main] INFO  - Navigating to For Business section
20:32:43.206 [main] DEBUG - Parsing relationship: /xl/_rels/workbook.xml.rels
20:32:43.206 [main] DEBUG - Parsing relationship: /xl/worksheets/_rels/sheet1.xml.rels
20:32:43.207 [main] DEBUG - Parsing relationship: /_rels/.rels
20:32:43.317 [main] DEBUG - Parsing relationship: /xl/_rels/workbook.xml.rels
20:32:43.317 [main] DEBUG - Parsing relationship: /xl/worksheets/_rels/sheet1.xml.rels
20:32:43.317 [main] DEBUG - Parsing relationship: /_rels/.rels
20:32:43.470 [main] DEBUG - Parsing relationship: /xl/_rels/workbook.xml.rels
20:32:43.470 [main] DEBUG - Parsing relationship: /xl/worksheets/_rels/sheet1.xml.rels
20:32:43.470 [main] DEBUG - Parsing relationship: /_rels/.rels
20:32:43.589 [main] DEBUG - Parsing relationship: /xl/_rels/workbook.xml.rels
20:32:43.589 [main] DEBUG - Parsing relationship: /xl/worksheets/_rels/sheet1.xml.rels
20:32:43.590 [main] DEBUG - Parsing relationship: /_rels/.rels
20:32:43.689 [main] DEBUG - Parsing relationship: /xl/_rels/workbook.xml.rels
20:32:43.689 [main] DEBUG - Parsing relationship: /xl/worksheets/_rels/sheet1.xml.rels
20:32:43.689 [main] DEBUG - Parsing relationship: /_rels/.rels
20:32:46.002 [main] DEBUG - Parsing relationship: /xl/_rels/workbook.xml.rels
20:32:46.003 [main] DEBUG - Parsing relationship: /xl/worksheets/_rels/sheet1.xml.rels
20:32:46.003 [main] DEBUG - Parsing relationship: /_rels/.rels
20:32:46.141 [main] DEBUG - Parsing relationship: /xl/_rels/workbook.xml.rels
20:32:46.141 [main] DEBUG - Parsing relationship: /xl/worksheets/_rels/sheet1.xml.rels
20:32:46.142 [main] DEBUG - Parsing relationship: /_rels/.rels
20:32:46.266 [main] DEBUG - Parsing relationship: /xl/_rels/workbook.xml.rels
20:32:46.266 [main] DEBUG - Parsing relationship: /xl/worksheets/_rels/sheet1.xml.rels
20:32:46.266 [main] DEBUG - Parsing relationship: /_rels/.rels
20:32:46.451 [main] DEBUG - Parsing relationship: /xl/_rels/workbook.xml.rels
20:32:46.451 [main] DEBUG - Parsing relationship: /xl/worksheets/_rels/sheet1.xml.rels
20:32:46.451 [main] DEBUG - Parsing relationship: /_rels/.rels
20:32:46.673 [main] INFO  - Taking screenshot
20:32:46.674 [main] INFO  - Quitting the website
20:33:03.055 [main] INFO  - Website is opened
20:33:03.060 [main] DEBUG - Parsing relationship: /xl/_rels/workbook.xml.rels
20:33:03.061 [main] DEBUG - Parsing relationship: /xl/worksheets/_rels/sheet1.xml.rels
20:33:03.061 [main] DEBUG - Parsing relationship: /_rels/.rels
20:33:09.379 [main] DEBUG - Parsing relationship: /xl/_rels/workbook.xml.rels
20:33:09.379 [main] DEBUG - Parsing relationship: /xl/worksheets/_rels/sheet1.xml.rels
20:33:09.380 [main] DEBUG - Parsing relationship: /_rels/.rels
20:33:11.674 [main] INFO  - Clearing search box and sending value
20:33:11.675 [main] INFO  - Navigating to For Business section
20:33:26.341 [main] DEBUG - Parsing relationship: /xl/_rels/workbook.xml.rels
20:33:26.341 [main] DEBUG - Parsing relationship: /xl/worksheets/_rels/sheet1.xml.rels
20:33:26.341 [main] DEBUG - Parsing relationship: /_rels/.rels
20:33:26.462 [main] DEBUG - Parsing relationship: /xl/_rels/workbook.xml.rels
20:33:26.463 [main] DEBUG - Parsing relationship: /xl/worksheets/_rels/sheet1.xml.rels
20:33:26.463 [main] DEBUG - Parsing relationship: /_rels/.rels
20:33:26.574 [main] DEBUG - Parsing relationship: /xl/_rels/workbook.xml.rels
20:33:26.574 [main] DEBUG - Parsing relationship: /xl/worksheets/_rels/sheet1.xml.rels
20:33:26.574 [main] DEBUG - Parsing relationship: /_rels/.rels
20:33:26.681 [main] DEBUG - Parsing relationship: /xl/_rels/workbook.xml.rels
20:33:26.682 [main] DEBUG - Parsing relationship: /xl/worksheets/_rels/sheet1.xml.rels
20:33:26.682 [main] DEBUG - Parsing relationship: /_rels/.rels
20:33:26.773 [main] DEBUG - Parsing relationship: /xl/_rels/workbook.xml.rels
20:33:26.774 [main] DEBUG - Parsing relationship: /xl/worksheets/_rels/sheet1.xml.rels
20:33:26.774 [main] DEBUG - Parsing relationship: /_rels/.rels
20:33:29.060 [main] DEBUG - Parsing relationship: /xl/_rels/workbook.xml.rels
20:33:29.060 [main] DEBUG - Parsing relationship: /xl/worksheets/_rels/sheet1.xml.rels
20:33:29.060 [main] DEBUG - Parsing relationship: /_rels/.rels
20:33:29.191 [main] DEBUG - Parsing relationship: /xl/_rels/workbook.xml.rels
20:33:29.191 [main] DEBUG - Parsing relationship: /xl/worksheets/_rels/sheet1.xml.rels
20:33:29.191 [main] DEBUG - Parsing relationship: /_rels/.rels
20:33:29.360 [main] DEBUG - Parsing relationship: /xl/_rels/workbook.xml.rels
20:33:29.361 [main] DEBUG - Parsing relationship: /xl/worksheets/_rels/sheet1.xml.rels
20:33:29.361 [main] DEBUG - Parsing relationship: /_rels/.rels
20:33:29.618 [main] INFO  - Taking screenshot
20:33:29.618 [main] INFO  - Quitting the website
20:33:52.029 [main] INFO  - Website is opened
20:33:52.040 [main] DEBUG - Parsing relationship: /xl/_rels/workbook.xml.rels
20:33:52.040 [main] DEBUG - Parsing relationship: /xl/worksheets/_rels/sheet1.xml.rels
20:33:52.041 [main] DEBUG - Parsing relationship: /_rels/.rels
20:34:02.909 [main] DEBUG - Parsing relationship: /xl/_rels/workbook.xml.rels
20:34:02.909 [main] DEBUG - Parsing relationship: /xl/worksheets/_rels/sheet1.xml.rels
20:34:02.909 [main] DEBUG - Parsing relationship: /_rels/.rels
20:34:05.297 [main] INFO  - Clearing search box and sending value
20:34:05.298 [main] INFO  - Navigating to For Business section
20:34:16.224 [main] DEBUG - Parsing relationship: /xl/_rels/workbook.xml.rels
20:34:16.224 [main] DEBUG - Parsing relationship: /xl/worksheets/_rels/sheet1.xml.rels
20:34:16.225 [main] DEBUG - Parsing relationship: /_rels/.rels
20:34:16.485 [main] DEBUG - Parsing relationship: /xl/_rels/workbook.xml.rels
20:34:16.486 [main] DEBUG - Parsing relationship: /xl/worksheets/_rels/sheet1.xml.rels
20:34:16.486 [main] DEBUG - Parsing relationship: /_rels/.rels
20:34:16.714 [main] DEBUG - Parsing relationship: /xl/_rels/workbook.xml.rels
20:34:16.714 [main] DEBUG - Parsing relationship: /xl/worksheets/_rels/sheet1.xml.rels
20:34:16.715 [main] DEBUG - Parsing relationship: /_rels/.rels
20:34:16.895 [main] DEBUG - Parsing relationship: /xl/_rels/workbook.xml.rels
20:34:16.896 [main] DEBUG - Parsing relationship: /xl/worksheets/_rels/sheet1.xml.rels
20:34:16.897 [main] DEBUG - Parsing relationship: /_rels/.rels
20:34:17.086 [main] DEBUG - Parsing relationship: /xl/_rels/workbook.xml.rels
20:34:17.087 [main] DEBUG - Parsing relationship: /xl/worksheets/_rels/sheet1.xml.rels
20:34:17.087 [main] DEBUG - Parsing relationship: /_rels/.rels
20:34:19.478 [main] DEBUG - Parsing relationship: /xl/_rels/workbook.xml.rels
20:34:19.478 [main] DEBUG - Parsing relationship: /xl/worksheets/_rels/sheet1.xml.rels
20:34:19.478 [main] DEBUG - Parsing relationship: /_rels/.rels
20:34:19.588 [main] DEBUG - Parsing relationship: /xl/_rels/workbook.xml.rels
20:34:19.588 [main] DEBUG - Parsing relationship: /xl/worksheets/_rels/sheet1.xml.rels
20:34:19.589 [main] DEBUG - Parsing relationship: /_rels/.rels
20:34:19.699 [main] DEBUG - Parsing relationship: /xl/_rels/workbook.xml.rels
20:34:19.699 [main] DEBUG - Parsing relationship: /xl/worksheets/_rels/sheet1.xml.rels
20:34:19.699 [main] DEBUG - Parsing relationship: /_rels/.rels
20:34:19.895 [main] DEBUG - Parsing relationship: /xl/_rels/workbook.xml.rels
20:34:19.895 [main] DEBUG - Parsing relationship: /xl/worksheets/_rels/sheet1.xml.rels
20:34:19.895 [main] DEBUG - Parsing relationship: /_rels/.rels
20:34:20.113 [main] INFO  - Taking screenshot
20:34:20.114 [main] INFO  - Quitting the website
20:34:34.451 [main] INFO  - Website is opened
20:34:39.635 [main] INFO  - Clicking search button
20:34:48.148 [main] INFO  - Clicking English checkbox
20:34:50.326 [main] INFO  - Clicking English check box
20:34:50.327 [main] INFO  - Clicking Beginner checkbox
20:34:54.561 [main] INFO  - Scrolling and clicking beginner box
20:35:00.650 [main] INFO  - Clicking First Course
20:35:12.583 [main] INFO  - Getting First course window handle
20:35:12.583 [main] INFO  - Getting the first first course details
20:35:12.640 [main] DEBUG - Parsing relationship: /xl/_rels/workbook.xml.rels
20:35:12.640 [main] DEBUG - Parsing relationship: /xl/worksheets/_rels/sheet1.xml.rels
20:35:12.641 [main] DEBUG - Parsing relationship: /_rels/.rels
20:35:12.662 [main] TRACE - Resolving type for handle ctsheetdimensiond310type
20:35:12.664 [main] TRACE - Resolving type for handle stref90a2type
20:35:12.689 [main] TRACE - Resolving type for handle propertiesee84doctype
20:35:12.694 [main] TRACE - Resolving type for handle ctproperties3f10type
20:35:12.705 [main] TRACE - Resolving type for handle properties288cdoctype
20:35:12.707 [main] TRACE - Resolving type for handle ctproperties2c18type
20:35:12.726 [main] DEBUG - Save content types part
20:35:12.844 [main] DEBUG - Save package relationships
20:35:12.853 [main] DEBUG - Save part 'docProps/app.xml'
20:35:12.855 [main] DEBUG - Save part 'docProps/core.xml'
20:35:12.859 [main] DEBUG - Save part 'xl/sharedStrings.xml'
20:35:12.860 [main] DEBUG - Save part 'xl/styles.xml'
20:35:12.860 [main] DEBUG - Save part 'xl/theme/theme1.xml'
20:35:12.861 [main] DEBUG - Save part 'xl/workbook.xml'
20:35:12.864 [main] DEBUG - Save part 'xl/worksheets/sheet1.xml'
20:35:12.867 [main] DEBUG - Save part 'xl/worksheets/sheet2.xml'
20:35:12.868 [main] DEBUG - Save part 'xl/worksheets/sheet3.xml'
20:35:12.869 [main] DEBUG - Save part 'xl/worksheets/sheet4.xml'
20:35:12.870 [main] DEBUG - Save part 'xl/worksheets/sheet5.xml'
20:35:12.878 [main] DEBUG - Parsing relationship: /xl/_rels/workbook.xml.rels
20:35:12.879 [main] DEBUG - Parsing relationship: /xl/worksheets/_rels/sheet1.xml.rels
20:35:12.879 [main] DEBUG - Parsing relationship: /_rels/.rels
20:35:12.921 [main] DEBUG - Save content types part
20:35:12.925 [main] DEBUG - Save package relationships
20:35:12.927 [main] DEBUG - Save part 'docProps/app.xml'
20:35:12.928 [main] DEBUG - Save part 'docProps/core.xml'
20:35:12.931 [main] DEBUG - Save part 'xl/sharedStrings.xml'
20:35:12.931 [main] DEBUG - Save part 'xl/styles.xml'
20:35:12.932 [main] DEBUG - Save part 'xl/theme/theme1.xml'
20:35:12.933 [main] DEBUG - Save part 'xl/workbook.xml'
20:35:12.935 [main] DEBUG - Save part 'xl/worksheets/sheet1.xml'
20:35:12.937 [main] DEBUG - Save part 'xl/worksheets/sheet2.xml'
20:35:12.938 [main] DEBUG - Save part 'xl/worksheets/sheet3.xml'
20:35:12.938 [main] DEBUG - Save part 'xl/worksheets/sheet4.xml'
20:35:12.938 [main] DEBUG - Save part 'xl/worksheets/sheet5.xml'
20:35:12.944 [main] DEBUG - Parsing relationship: /xl/_rels/workbook.xml.rels
20:35:12.944 [main] DEBUG - Parsing relationship: /xl/worksheets/_rels/sheet1.xml.rels
20:35:12.945 [main] DEBUG - Parsing relationship: /_rels/.rels
20:35:12.981 [main] DEBUG - Save content types part
20:35:12.983 [main] DEBUG - Save package relationships
20:35:12.984 [main] DEBUG - Save part 'docProps/app.xml'
20:35:12.985 [main] DEBUG - Save part 'docProps/core.xml'
20:35:12.986 [main] DEBUG - Save part 'xl/sharedStrings.xml'
20:35:12.987 [main] DEBUG - Save part 'xl/styles.xml'
20:35:12.987 [main] DEBUG - Save part 'xl/theme/theme1.xml'
20:35:12.988 [main] DEBUG - Save part 'xl/workbook.xml'
20:35:12.990 [main] DEBUG - Save part 'xl/worksheets/sheet1.xml'
20:35:12.992 [main] DEBUG - Save part 'xl/worksheets/sheet2.xml'
20:35:12.993 [main] DEBUG - Save part 'xl/worksheets/sheet3.xml'
20:35:12.993 [main] DEBUG - Save part 'xl/worksheets/sheet4.xml'
20:35:12.993 [main] DEBUG - Save part 'xl/worksheets/sheet5.xml'
20:35:19.152 [main] INFO  - Clicking Second Course
20:35:19.152 [main] INFO  - Getting window handles
20:35:19.296 [main] INFO  - Checking Second Course Title
20:35:21.953 [main] INFO  - Extracting Second course details
20:35:22.004 [main] DEBUG - Parsing relationship: /xl/_rels/workbook.xml.rels
20:35:22.004 [main] DEBUG - Parsing relationship: /xl/worksheets/_rels/sheet1.xml.rels
20:35:22.004 [main] DEBUG - Parsing relationship: /_rels/.rels
20:35:22.020 [main] DEBUG - Save content types part
20:35:22.022 [main] DEBUG - Save package relationships
20:35:22.026 [main] DEBUG - Save part 'docProps/app.xml'
20:35:22.026 [main] DEBUG - Save part 'docProps/core.xml'
20:35:22.028 [main] DEBUG - Save part 'xl/sharedStrings.xml'
20:35:22.029 [main] DEBUG - Save part 'xl/styles.xml'
20:35:22.029 [main] DEBUG - Save part 'xl/theme/theme1.xml'
20:35:22.029 [main] DEBUG - Save part 'xl/workbook.xml'
20:35:22.031 [main] DEBUG - Save part 'xl/worksheets/sheet1.xml'
20:35:22.033 [main] DEBUG - Save part 'xl/worksheets/sheet2.xml'
20:35:22.033 [main] DEBUG - Save part 'xl/worksheets/sheet3.xml'
20:35:22.034 [main] DEBUG - Save part 'xl/worksheets/sheet4.xml'
20:35:22.034 [main] DEBUG - Save part 'xl/worksheets/sheet5.xml'
20:35:22.038 [main] DEBUG - Parsing relationship: /xl/_rels/workbook.xml.rels
20:35:22.038 [main] DEBUG - Parsing relationship: /xl/worksheets/_rels/sheet1.xml.rels
20:35:22.038 [main] DEBUG - Parsing relationship: /_rels/.rels
20:35:22.061 [main] DEBUG - Save content types part
20:35:22.062 [main] DEBUG - Save package relationships
20:35:22.064 [main] DEBUG - Save part 'docProps/app.xml'
20:35:22.064 [main] DEBUG - Save part 'docProps/core.xml'
20:35:22.067 [main] DEBUG - Save part 'xl/sharedStrings.xml'
20:35:22.067 [main] DEBUG - Save part 'xl/styles.xml'
20:35:22.067 [main] DEBUG - Save part 'xl/theme/theme1.xml'
20:35:22.069 [main] DEBUG - Save part 'xl/workbook.xml'
20:35:22.071 [main] DEBUG - Save part 'xl/worksheets/sheet1.xml'
20:35:22.073 [main] DEBUG - Save part 'xl/worksheets/sheet2.xml'
20:35:22.074 [main] DEBUG - Save part 'xl/worksheets/sheet3.xml'
20:35:22.074 [main] DEBUG - Save part 'xl/worksheets/sheet4.xml'
20:35:22.075 [main] DEBUG - Save part 'xl/worksheets/sheet5.xml'
20:35:22.081 [main] DEBUG - Parsing relationship: /xl/_rels/workbook.xml.rels
20:35:22.081 [main] DEBUG - Parsing relationship: /xl/worksheets/_rels/sheet1.xml.rels
20:35:22.082 [main] DEBUG - Parsing relationship: /_rels/.rels
20:35:22.121 [main] DEBUG - Save content types part
20:35:22.122 [main] DEBUG - Save package relationships
20:35:22.124 [main] DEBUG - Save part 'docProps/app.xml'
20:35:22.124 [main] DEBUG - Save part 'docProps/core.xml'
20:35:22.126 [main] DEBUG - Save part 'xl/sharedStrings.xml'
20:35:22.126 [main] DEBUG - Save part 'xl/styles.xml'
20:35:22.127 [main] DEBUG - Save part 'xl/theme/theme1.xml'
20:35:22.128 [main] DEBUG - Save part 'xl/workbook.xml'
20:35:22.131 [main] DEBUG - Save part 'xl/worksheets/sheet1.xml'
20:35:22.134 [main] DEBUG - Save part 'xl/worksheets/sheet2.xml'
20:35:22.134 [main] DEBUG - Save part 'xl/worksheets/sheet3.xml'
20:35:22.135 [main] DEBUG - Save part 'xl/worksheets/sheet4.xml'
20:35:22.135 [main] DEBUG - Save part 'xl/worksheets/sheet5.xml'
20:35:24.221 [main] INFO  - Returning to Parent Window
20:35:24.245 [main] INFO  - Clearing search box
20:35:24.349 [main] INFO  - Searching values
20:35:24.350 [main] INFO  - Clicking search button
20:35:24.679 [main] INFO  - Clicking See All link
20:35:24.992 [main] DEBUG - Parsing relationship: /xl/_rels/workbook.xml.rels
20:35:24.992 [main] DEBUG - Parsing relationship: /xl/worksheets/_rels/sheet1.xml.rels
20:35:24.992 [main] DEBUG - Parsing relationship: /_rels/.rels
20:35:25.045 [main] DEBUG - Save content types part
20:35:25.047 [main] DEBUG - Save package relationships
20:35:25.048 [main] DEBUG - Save part 'docProps/app.xml'
20:35:25.048 [main] DEBUG - Save part 'docProps/core.xml'
20:35:25.050 [main] DEBUG - Save part 'xl/sharedStrings.xml'
20:35:25.050 [main] DEBUG - Save part 'xl/styles.xml'
20:35:25.050 [main] DEBUG - Save part 'xl/theme/theme1.xml'
20:35:25.051 [main] DEBUG - Save part 'xl/workbook.xml'
20:35:25.052 [main] DEBUG - Save part 'xl/worksheets/sheet1.xml'
20:35:25.053 [main] DEBUG - Save part 'xl/worksheets/sheet2.xml'
20:35:25.054 [main] DEBUG - Save part 'xl/worksheets/sheet3.xml'
20:35:25.054 [main] DEBUG - Save part 'xl/worksheets/sheet4.xml'
20:35:25.054 [main] DEBUG - Save part 'xl/worksheets/sheet5.xml'
20:35:25.059 [main] DEBUG - Parsing relationship: /xl/_rels/workbook.xml.rels
20:35:25.059 [main] DEBUG - Parsing relationship: /xl/worksheets/_rels/sheet1.xml.rels
20:35:25.059 [main] DEBUG - Parsing relationship: /_rels/.rels
20:35:25.079 [main] DEBUG - Save content types part
20:35:25.081 [main] DEBUG - Save package relationships
20:35:25.082 [main] DEBUG - Save part 'docProps/app.xml'
20:35:25.082 [main] DEBUG - Save part 'docProps/core.xml'
20:35:25.083 [main] DEBUG - Save part 'xl/sharedStrings.xml'
20:35:25.083 [main] DEBUG - Save part 'xl/styles.xml'
20:35:25.084 [main] DEBUG - Save part 'xl/theme/theme1.xml'
20:35:25.084 [main] DEBUG - Save part 'xl/workbook.xml'
20:35:25.086 [main] DEBUG - Save part 'xl/worksheets/sheet1.xml'
20:35:25.087 [main] DEBUG - Save part 'xl/worksheets/sheet2.xml'
20:35:25.087 [main] DEBUG - Save part 'xl/worksheets/sheet3.xml'
20:35:25.087 [main] DEBUG - Save part 'xl/worksheets/sheet4.xml'
20:35:25.088 [main] DEBUG - Save part 'xl/worksheets/sheet5.xml'
20:35:25.124 [main] DEBUG - Parsing relationship: /xl/_rels/workbook.xml.rels
20:35:25.125 [main] DEBUG - Parsing relationship: /xl/worksheets/_rels/sheet1.xml.rels
20:35:25.125 [main] DEBUG - Parsing relationship: /_rels/.rels
20:35:25.148 [main] DEBUG - Save content types part
20:35:25.149 [main] DEBUG - Save package relationships
20:35:25.151 [main] DEBUG - Save part 'docProps/app.xml'
20:35:25.151 [main] DEBUG - Save part 'docProps/core.xml'
20:35:25.152 [main] DEBUG - Save part 'xl/sharedStrings.xml'
20:35:25.153 [main] DEBUG - Save part 'xl/styles.xml'
20:35:25.153 [main] DEBUG - Save part 'xl/theme/theme1.xml'
20:35:25.154 [main] DEBUG - Save part 'xl/workbook.xml'
20:35:25.155 [main] DEBUG - Save part 'xl/worksheets/sheet1.xml'
20:35:25.157 [main] DEBUG - Save part 'xl/worksheets/sheet2.xml'
20:35:25.157 [main] DEBUG - Save part 'xl/worksheets/sheet3.xml'
20:35:25.157 [main] DEBUG - Save part 'xl/worksheets/sheet4.xml'
20:35:25.158 [main] DEBUG - Save part 'xl/worksheets/sheet5.xml'
20:35:25.162 [main] DEBUG - Parsing relationship: /xl/_rels/workbook.xml.rels
20:35:25.163 [main] DEBUG - Parsing relationship: /xl/worksheets/_rels/sheet1.xml.rels
20:35:25.163 [main] DEBUG - Parsing relationship: /_rels/.rels
20:35:25.185 [main] DEBUG - Save content types part
20:35:25.187 [main] DEBUG - Save package relationships
20:35:25.188 [main] DEBUG - Save part 'docProps/app.xml'
20:35:25.188 [main] DEBUG - Save part 'docProps/core.xml'
20:35:25.190 [main] DEBUG - Save part 'xl/sharedStrings.xml'
20:35:25.190 [main] DEBUG - Save part 'xl/styles.xml'
20:35:25.191 [main] DEBUG - Save part 'xl/theme/theme1.xml'
20:35:25.191 [main] DEBUG - Save part 'xl/workbook.xml'
20:35:25.193 [main] DEBUG - Save part 'xl/worksheets/sheet1.xml'
20:35:25.194 [main] DEBUG - Save part 'xl/worksheets/sheet2.xml'
20:35:25.195 [main] DEBUG - Save part 'xl/worksheets/sheet3.xml'
20:35:25.195 [main] DEBUG - Save part 'xl/worksheets/sheet4.xml'
20:35:25.195 [main] DEBUG - Save part 'xl/worksheets/sheet5.xml'
20:35:25.234 [main] DEBUG - Parsing relationship: /xl/_rels/workbook.xml.rels
20:35:25.234 [main] DEBUG - Parsing relationship: /xl/worksheets/_rels/sheet1.xml.rels
20:35:25.234 [main] DEBUG - Parsing relationship: /_rels/.rels
20:35:25.261 [main] DEBUG - Save content types part
20:35:25.263 [main] DEBUG - Save package relationships
20:35:25.265 [main] DEBUG - Save part 'docProps/app.xml'
20:35:25.265 [main] DEBUG - Save part 'docProps/core.xml'
20:35:25.268 [main] DEBUG - Save part 'xl/sharedStrings.xml'
20:35:25.268 [main] DEBUG - Save part 'xl/styles.xml'
20:35:25.268 [main] DEBUG - Save part 'xl/theme/theme1.xml'
20:35:25.269 [main] DEBUG - Save part 'xl/workbook.xml'
20:35:25.270 [main] DEBUG - Save part 'xl/worksheets/sheet1.xml'
20:35:25.272 [main] DEBUG - Save part 'xl/worksheets/sheet2.xml'
20:35:25.272 [main] DEBUG - Save part 'xl/worksheets/sheet3.xml'
20:35:25.272 [main] DEBUG - Save part 'xl/worksheets/sheet4.xml'
20:35:25.272 [main] DEBUG - Save part 'xl/worksheets/sheet5.xml'
20:35:25.277 [main] DEBUG - Parsing relationship: /xl/_rels/workbook.xml.rels
20:35:25.278 [main] DEBUG - Parsing relationship: /xl/worksheets/_rels/sheet1.xml.rels
20:35:25.278 [main] DEBUG - Parsing relationship: /_rels/.rels
20:35:25.303 [main] DEBUG - Save content types part
20:35:25.305 [main] DEBUG - Save package relationships
20:35:25.306 [main] DEBUG - Save part 'docProps/app.xml'
20:35:25.306 [main] DEBUG - Save part 'docProps/core.xml'
20:35:25.308 [main] DEBUG - Save part 'xl/sharedStrings.xml'
20:35:25.308 [main] DEBUG - Save part 'xl/styles.xml'
20:35:25.308 [main] DEBUG - Save part 'xl/theme/theme1.xml'
20:35:25.309 [main] DEBUG - Save part 'xl/workbook.xml'
20:35:25.311 [main] DEBUG - Save part 'xl/worksheets/sheet1.xml'
20:35:25.312 [main] DEBUG - Save part 'xl/worksheets/sheet2.xml'
20:35:25.313 [main] DEBUG - Save part 'xl/worksheets/sheet3.xml'
20:35:25.313 [main] DEBUG - Save part 'xl/worksheets/sheet4.xml'
20:35:25.313 [main] DEBUG - Save part 'xl/worksheets/sheet5.xml'
20:35:25.355 [main] DEBUG - Parsing relationship: /xl/_rels/workbook.xml.rels
20:35:25.356 [main] DEBUG - Parsing relationship: /xl/worksheets/_rels/sheet1.xml.rels
20:35:25.356 [main] DEBUG - Parsing relationship: /_rels/.rels
20:35:25.381 [main] DEBUG - Save content types part
20:35:25.382 [main] DEBUG - Save package relationships
20:35:25.383 [main] DEBUG - Save part 'docProps/app.xml'
20:35:25.384 [main] DEBUG - Save part 'docProps/core.xml'
20:35:25.385 [main] DEBUG - Save part 'xl/sharedStrings.xml'
20:35:25.385 [main] DEBUG - Save part 'xl/styles.xml'
20:35:25.385 [main] DEBUG - Save part 'xl/theme/theme1.xml'
20:35:25.386 [main] DEBUG - Save part 'xl/workbook.xml'
20:35:25.387 [main] DEBUG - Save part 'xl/worksheets/sheet1.xml'
20:35:25.388 [main] DEBUG - Save part 'xl/worksheets/sheet2.xml'
20:35:25.388 [main] DEBUG - Save part 'xl/worksheets/sheet3.xml'
20:35:25.389 [main] DEBUG - Save part 'xl/worksheets/sheet4.xml'
20:35:25.389 [main] DEBUG - Save part 'xl/worksheets/sheet5.xml'
20:35:25.393 [main] DEBUG - Parsing relationship: /xl/_rels/workbook.xml.rels
20:35:25.394 [main] DEBUG - Parsing relationship: /xl/worksheets/_rels/sheet1.xml.rels
20:35:25.394 [main] DEBUG - Parsing relationship: /_rels/.rels
20:35:25.417 [main] DEBUG - Save content types part
20:35:25.418 [main] DEBUG - Save package relationships
20:35:25.420 [main] DEBUG - Save part 'docProps/app.xml'
20:35:25.420 [main] DEBUG - Save part 'docProps/core.xml'
20:35:25.421 [main] DEBUG - Save part 'xl/sharedStrings.xml'
20:35:25.422 [main] DEBUG - Save part 'xl/styles.xml'
20:35:25.422 [main] DEBUG - Save part 'xl/theme/theme1.xml'
20:35:25.422 [main] DEBUG - Save part 'xl/workbook.xml'
20:35:25.424 [main] DEBUG - Save part 'xl/worksheets/sheet1.xml'
20:35:25.425 [main] DEBUG - Save part 'xl/worksheets/sheet2.xml'
20:35:25.425 [main] DEBUG - Save part 'xl/worksheets/sheet3.xml'
20:35:25.426 [main] DEBUG - Save part 'xl/worksheets/sheet4.xml'
20:35:25.426 [main] DEBUG - Save part 'xl/worksheets/sheet5.xml'
20:35:25.482 [main] DEBUG - Parsing relationship: /xl/_rels/workbook.xml.rels
20:35:25.482 [main] DEBUG - Parsing relationship: /xl/worksheets/_rels/sheet1.xml.rels
20:35:25.483 [main] DEBUG - Parsing relationship: /_rels/.rels
20:35:25.509 [main] DEBUG - Save content types part
20:35:25.510 [main] DEBUG - Save package relationships
20:35:25.511 [main] DEBUG - Save part 'docProps/app.xml'
20:35:25.512 [main] DEBUG - Save part 'docProps/core.xml'
20:35:25.513 [main] DEBUG - Save part 'xl/sharedStrings.xml'
20:35:25.513 [main] DEBUG - Save part 'xl/styles.xml'
20:35:25.514 [main] DEBUG - Save part 'xl/theme/theme1.xml'
20:35:25.515 [main] DEBUG - Save part 'xl/workbook.xml'
20:35:25.517 [main] DEBUG - Save part 'xl/worksheets/sheet1.xml'
20:35:25.518 [main] DEBUG - Save part 'xl/worksheets/sheet2.xml'
20:35:25.519 [main] DEBUG - Save part 'xl/worksheets/sheet3.xml'
20:35:25.519 [main] DEBUG - Save part 'xl/worksheets/sheet4.xml'
20:35:25.519 [main] DEBUG - Save part 'xl/worksheets/sheet5.xml'
20:35:25.524 [main] DEBUG - Parsing relationship: /xl/_rels/workbook.xml.rels
20:35:25.524 [main] DEBUG - Parsing relationship: /xl/worksheets/_rels/sheet1.xml.rels
20:35:25.524 [main] DEBUG - Parsing relationship: /_rels/.rels
20:35:25.549 [main] DEBUG - Save content types part
20:35:25.551 [main] DEBUG - Save package relationships
20:35:25.553 [main] DEBUG - Save part 'docProps/app.xml'
20:35:25.553 [main] DEBUG - Save part 'docProps/core.xml'
20:35:25.555 [main] DEBUG - Save part 'xl/sharedStrings.xml'
20:35:25.555 [main] DEBUG - Save part 'xl/styles.xml'
20:35:25.556 [main] DEBUG - Save part 'xl/theme/theme1.xml'
20:35:25.556 [main] DEBUG - Save part 'xl/workbook.xml'
20:35:25.558 [main] DEBUG - Save part 'xl/worksheets/sheet1.xml'
20:35:25.560 [main] DEBUG - Save part 'xl/worksheets/sheet2.xml'
20:35:25.560 [main] DEBUG - Save part 'xl/worksheets/sheet3.xml'
20:35:25.562 [main] DEBUG - Save part 'xl/worksheets/sheet4.xml'
20:35:25.562 [main] DEBUG - Save part 'xl/worksheets/sheet5.xml'
20:35:25.605 [main] DEBUG - Parsing relationship: /xl/_rels/workbook.xml.rels
20:35:25.605 [main] DEBUG - Parsing relationship: /xl/worksheets/_rels/sheet1.xml.rels
20:35:25.606 [main] DEBUG - Parsing relationship: /_rels/.rels
20:35:25.638 [main] DEBUG - Save content types part
20:35:25.640 [main] DEBUG - Save package relationships
20:35:25.642 [main] DEBUG - Save part 'docProps/app.xml'
20:35:25.642 [main] DEBUG - Save part 'docProps/core.xml'
20:35:25.644 [main] DEBUG - Save part 'xl/sharedStrings.xml'
20:35:25.644 [main] DEBUG - Save part 'xl/styles.xml'
20:35:25.645 [main] DEBUG - Save part 'xl/theme/theme1.xml'
20:35:25.645 [main] DEBUG - Save part 'xl/workbook.xml'
20:35:25.646 [main] DEBUG - Save part 'xl/worksheets/sheet1.xml'
20:35:25.648 [main] DEBUG - Save part 'xl/worksheets/sheet2.xml'
20:35:25.648 [main] DEBUG - Save part 'xl/worksheets/sheet3.xml'
20:35:25.648 [main] DEBUG - Save part 'xl/worksheets/sheet4.xml'
20:35:25.648 [main] DEBUG - Save part 'xl/worksheets/sheet5.xml'
20:35:25.654 [main] DEBUG - Parsing relationship: /xl/_rels/workbook.xml.rels
20:35:25.654 [main] DEBUG - Parsing relationship: /xl/worksheets/_rels/sheet1.xml.rels
20:35:25.654 [main] DEBUG - Parsing relationship: /_rels/.rels
20:35:25.679 [main] DEBUG - Save content types part
20:35:25.681 [main] DEBUG - Save package relationships
20:35:25.682 [main] DEBUG - Save part 'docProps/app.xml'
20:35:25.682 [main] DEBUG - Save part 'docProps/core.xml'
20:35:25.684 [main] DEBUG - Save part 'xl/sharedStrings.xml'
20:35:25.684 [main] DEBUG - Save part 'xl/styles.xml'
20:35:25.684 [main] DEBUG - Save part 'xl/theme/theme1.xml'
20:35:25.685 [main] DEBUG - Save part 'xl/workbook.xml'
20:35:25.686 [main] DEBUG - Save part 'xl/worksheets/sheet1.xml'
20:35:25.688 [main] DEBUG - Save part 'xl/worksheets/sheet2.xml'
20:35:25.688 [main] DEBUG - Save part 'xl/worksheets/sheet3.xml'
20:35:25.689 [main] DEBUG - Save part 'xl/worksheets/sheet4.xml'
20:35:25.689 [main] DEBUG - Save part 'xl/worksheets/sheet5.xml'
20:35:25.732 [main] DEBUG - Parsing relationship: /xl/_rels/workbook.xml.rels
20:35:25.733 [main] DEBUG - Parsing relationship: /xl/worksheets/_rels/sheet1.xml.rels
20:35:25.733 [main] DEBUG - Parsing relationship: /_rels/.rels
20:35:25.755 [main] DEBUG - Save content types part
20:35:25.757 [main] DEBUG - Save package relationships
20:35:25.758 [main] DEBUG - Save part 'docProps/app.xml'
20:35:25.758 [main] DEBUG - Save part 'docProps/core.xml'
20:35:25.760 [main] DEBUG - Save part 'xl/sharedStrings.xml'
20:35:25.760 [main] DEBUG - Save part 'xl/styles.xml'
20:35:25.760 [main] DEBUG - Save part 'xl/theme/theme1.xml'
20:35:25.761 [main] DEBUG - Save part 'xl/workbook.xml'
20:35:25.763 [main] DEBUG - Save part 'xl/worksheets/sheet1.xml'
20:35:25.764 [main] DEBUG - Save part 'xl/worksheets/sheet2.xml'
20:35:25.764 [main] DEBUG - Save part 'xl/worksheets/sheet3.xml'
20:35:25.765 [main] DEBUG - Save part 'xl/worksheets/sheet4.xml'
20:35:25.765 [main] DEBUG - Save part 'xl/worksheets/sheet5.xml'
20:35:25.769 [main] DEBUG - Parsing relationship: /xl/_rels/workbook.xml.rels
20:35:25.770 [main] DEBUG - Parsing relationship: /xl/worksheets/_rels/sheet1.xml.rels
20:35:25.770 [main] DEBUG - Parsing relationship: /_rels/.rels
20:35:25.801 [main] DEBUG - Save content types part
20:35:25.803 [main] DEBUG - Save package relationships
20:35:25.805 [main] DEBUG - Save part 'docProps/app.xml'
20:35:25.805 [main] DEBUG - Save part 'docProps/core.xml'
20:35:25.807 [main] DEBUG - Save part 'xl/sharedStrings.xml'
20:35:25.807 [main] DEBUG - Save part 'xl/styles.xml'
20:35:25.807 [main] DEBUG - Save part 'xl/theme/theme1.xml'
20:35:25.808 [main] DEBUG - Save part 'xl/workbook.xml'
20:35:25.809 [main] DEBUG - Save part 'xl/worksheets/sheet1.xml'
20:35:25.811 [main] DEBUG - Save part 'xl/worksheets/sheet2.xml'
20:35:25.812 [main] DEBUG - Save part 'xl/worksheets/sheet3.xml'
20:35:25.812 [main] DEBUG - Save part 'xl/worksheets/sheet4.xml'
20:35:25.813 [main] DEBUG - Save part 'xl/worksheets/sheet5.xml'
20:35:25.858 [main] DEBUG - Parsing relationship: /xl/_rels/workbook.xml.rels
20:35:25.859 [main] DEBUG - Parsing relationship: /xl/worksheets/_rels/sheet1.xml.rels
20:35:25.859 [main] DEBUG - Parsing relationship: /_rels/.rels
20:35:25.887 [main] DEBUG - Save content types part
20:35:25.888 [main] DEBUG - Save package relationships
20:35:25.891 [main] DEBUG - Save part 'docProps/app.xml'
20:35:25.891 [main] DEBUG - Save part 'docProps/core.xml'
20:35:25.893 [main] DEBUG - Save part 'xl/sharedStrings.xml'
20:35:25.894 [main] DEBUG - Save part 'xl/styles.xml'
20:35:25.894 [main] DEBUG - Save part 'xl/theme/theme1.xml'
20:35:25.895 [main] DEBUG - Save part 'xl/workbook.xml'
20:35:25.897 [main] DEBUG - Save part 'xl/worksheets/sheet1.xml'
20:35:25.898 [main] DEBUG - Save part 'xl/worksheets/sheet2.xml'
20:35:25.899 [main] DEBUG - Save part 'xl/worksheets/sheet3.xml'
20:35:25.899 [main] DEBUG - Save part 'xl/worksheets/sheet4.xml'
20:35:25.899 [main] DEBUG - Save part 'xl/worksheets/sheet5.xml'
20:35:25.904 [main] DEBUG - Parsing relationship: /xl/_rels/workbook.xml.rels
20:35:25.905 [main] DEBUG - Parsing relationship: /xl/worksheets/_rels/sheet1.xml.rels
20:35:25.905 [main] DEBUG - Parsing relationship: /_rels/.rels
20:35:25.931 [main] DEBUG - Save content types part
20:35:25.932 [main] DEBUG - Save package relationships
20:35:25.933 [main] DEBUG - Save part 'docProps/app.xml'
20:35:25.934 [main] DEBUG - Save part 'docProps/core.xml'
20:35:25.935 [main] DEBUG - Save part 'xl/sharedStrings.xml'
20:35:25.935 [main] DEBUG - Save part 'xl/styles.xml'
20:35:25.935 [main] DEBUG - Save part 'xl/theme/theme1.xml'
20:35:25.936 [main] DEBUG - Save part 'xl/workbook.xml'
20:35:25.938 [main] DEBUG - Save part 'xl/worksheets/sheet1.xml'
20:35:25.940 [main] DEBUG - Save part 'xl/worksheets/sheet2.xml'
20:35:25.941 [main] DEBUG - Save part 'xl/worksheets/sheet3.xml'
20:35:25.941 [main] DEBUG - Save part 'xl/worksheets/sheet4.xml'
20:35:25.941 [main] DEBUG - Save part 'xl/worksheets/sheet5.xml'
20:35:25.985 [main] DEBUG - Parsing relationship: /xl/_rels/workbook.xml.rels
20:35:25.986 [main] DEBUG - Parsing relationship: /xl/worksheets/_rels/sheet1.xml.rels
20:35:25.986 [main] DEBUG - Parsing relationship: /_rels/.rels
20:35:26.005 [main] DEBUG - Save content types part
20:35:26.007 [main] DEBUG - Save package relationships
20:35:26.007 [main] DEBUG - Save part 'docProps/app.xml'
20:35:26.008 [main] DEBUG - Save part 'docProps/core.xml'
20:35:26.009 [main] DEBUG - Save part 'xl/sharedStrings.xml'
20:35:26.009 [main] DEBUG - Save part 'xl/styles.xml'
20:35:26.009 [main] DEBUG - Save part 'xl/theme/theme1.xml'
20:35:26.010 [main] DEBUG - Save part 'xl/workbook.xml'
20:35:26.011 [main] DEBUG - Save part 'xl/worksheets/sheet1.xml'
20:35:26.012 [main] DEBUG - Save part 'xl/worksheets/sheet2.xml'
20:35:26.012 [main] DEBUG - Save part 'xl/worksheets/sheet3.xml'
20:35:26.012 [main] DEBUG - Save part 'xl/worksheets/sheet4.xml'
20:35:26.013 [main] DEBUG - Save part 'xl/worksheets/sheet5.xml'
20:35:26.018 [main] DEBUG - Parsing relationship: /xl/_rels/workbook.xml.rels
20:35:26.018 [main] DEBUG - Parsing relationship: /xl/worksheets/_rels/sheet1.xml.rels
20:35:26.018 [main] DEBUG - Parsing relationship: /_rels/.rels
20:35:26.039 [main] DEBUG - Save content types part
20:35:26.040 [main] DEBUG - Save package relationships
20:35:26.041 [main] DEBUG - Save part 'docProps/app.xml'
20:35:26.041 [main] DEBUG - Save part 'docProps/core.xml'
20:35:26.042 [main] DEBUG - Save part 'xl/sharedStrings.xml'
20:35:26.042 [main] DEBUG - Save part 'xl/styles.xml'
20:35:26.043 [main] DEBUG - Save part 'xl/theme/theme1.xml'
20:35:26.043 [main] DEBUG - Save part 'xl/workbook.xml'
20:35:26.044 [main] DEBUG - Save part 'xl/worksheets/sheet1.xml'
20:35:26.046 [main] DEBUG - Save part 'xl/worksheets/sheet2.xml'
20:35:26.046 [main] DEBUG - Save part 'xl/worksheets/sheet3.xml'
20:35:26.046 [main] DEBUG - Save part 'xl/worksheets/sheet4.xml'
20:35:26.046 [main] DEBUG - Save part 'xl/worksheets/sheet5.xml'
20:35:26.076 [main] DEBUG - Parsing relationship: /xl/_rels/workbook.xml.rels
20:35:26.076 [main] DEBUG - Parsing relationship: /xl/worksheets/_rels/sheet1.xml.rels
20:35:26.076 [main] DEBUG - Parsing relationship: /_rels/.rels
20:35:26.095 [main] DEBUG - Save content types part
20:35:26.096 [main] DEBUG - Save package relationships
20:35:26.097 [main] DEBUG - Save part 'docProps/app.xml'
20:35:26.097 [main] DEBUG - Save part 'docProps/core.xml'
20:35:26.098 [main] DEBUG - Save part 'xl/sharedStrings.xml'
20:35:26.098 [main] DEBUG - Save part 'xl/styles.xml'
20:35:26.099 [main] DEBUG - Save part 'xl/theme/theme1.xml'
20:35:26.099 [main] DEBUG - Save part 'xl/workbook.xml'
20:35:26.100 [main] DEBUG - Save part 'xl/worksheets/sheet1.xml'
20:35:26.102 [main] DEBUG - Save part 'xl/worksheets/sheet2.xml'
20:35:26.102 [main] DEBUG - Save part 'xl/worksheets/sheet3.xml'
20:35:26.102 [main] DEBUG - Save part 'xl/worksheets/sheet4.xml'
20:35:26.102 [main] DEBUG - Save part 'xl/worksheets/sheet5.xml'
20:35:26.106 [main] DEBUG - Parsing relationship: /xl/_rels/workbook.xml.rels
20:35:26.107 [main] DEBUG - Parsing relationship: /xl/worksheets/_rels/sheet1.xml.rels
20:35:26.107 [main] DEBUG - Parsing relationship: /_rels/.rels
20:35:26.129 [main] DEBUG - Save content types part
20:35:26.130 [main] DEBUG - Save package relationships
20:35:26.131 [main] DEBUG - Save part 'docProps/app.xml'
20:35:26.131 [main] DEBUG - Save part 'docProps/core.xml'
20:35:26.132 [main] DEBUG - Save part 'xl/sharedStrings.xml'
20:35:26.132 [main] DEBUG - Save part 'xl/styles.xml'
20:35:26.133 [main] DEBUG - Save part 'xl/theme/theme1.xml'
20:35:26.133 [main] DEBUG - Save part 'xl/workbook.xml'
20:35:26.134 [main] DEBUG - Save part 'xl/worksheets/sheet1.xml'
20:35:26.135 [main] DEBUG - Save part 'xl/worksheets/sheet2.xml'
20:35:26.136 [main] DEBUG - Save part 'xl/worksheets/sheet3.xml'
20:35:26.136 [main] DEBUG - Save part 'xl/worksheets/sheet4.xml'
20:35:26.136 [main] DEBUG - Save part 'xl/worksheets/sheet5.xml'
20:35:26.176 [main] DEBUG - Parsing relationship: /xl/_rels/workbook.xml.rels
20:35:26.176 [main] DEBUG - Parsing relationship: /xl/worksheets/_rels/sheet1.xml.rels
20:35:26.177 [main] DEBUG - Parsing relationship: /_rels/.rels
20:35:26.196 [main] DEBUG - Save content types part
20:35:26.198 [main] DEBUG - Save package relationships
20:35:26.199 [main] DEBUG - Save part 'docProps/app.xml'
20:35:26.199 [main] DEBUG - Save part 'docProps/core.xml'
20:35:26.201 [main] DEBUG - Save part 'xl/sharedStrings.xml'
20:35:26.201 [main] DEBUG - Save part 'xl/styles.xml'
20:35:26.201 [main] DEBUG - Save part 'xl/theme/theme1.xml'
20:35:26.202 [main] DEBUG - Save part 'xl/workbook.xml'
20:35:26.203 [main] DEBUG - Save part 'xl/worksheets/sheet1.xml'
20:35:26.204 [main] DEBUG - Save part 'xl/worksheets/sheet2.xml'
20:35:26.204 [main] DEBUG - Save part 'xl/worksheets/sheet3.xml'
20:35:26.205 [main] DEBUG - Save part 'xl/worksheets/sheet4.xml'
20:35:26.205 [main] DEBUG - Save part 'xl/worksheets/sheet5.xml'
20:35:26.210 [main] DEBUG - Parsing relationship: /xl/_rels/workbook.xml.rels
20:35:26.210 [main] DEBUG - Parsing relationship: /xl/worksheets/_rels/sheet1.xml.rels
20:35:26.210 [main] DEBUG - Parsing relationship: /_rels/.rels
20:35:26.235 [main] DEBUG - Save content types part
20:35:26.236 [main] DEBUG - Save package relationships
20:35:26.237 [main] DEBUG - Save part 'docProps/app.xml'
20:35:26.237 [main] DEBUG - Save part 'docProps/core.xml'
20:35:26.238 [main] DEBUG - Save part 'xl/sharedStrings.xml'
20:35:26.239 [main] DEBUG - Save part 'xl/styles.xml'
20:35:26.239 [main] DEBUG - Save part 'xl/theme/theme1.xml'
20:35:26.239 [main] DEBUG - Save part 'xl/workbook.xml'
20:35:26.241 [main] DEBUG - Save part 'xl/worksheets/sheet1.xml'
20:35:26.242 [main] DEBUG - Save part 'xl/worksheets/sheet2.xml'
20:35:26.242 [main] DEBUG - Save part 'xl/worksheets/sheet3.xml'
20:35:26.242 [main] DEBUG - Save part 'xl/worksheets/sheet4.xml'
20:35:26.243 [main] DEBUG - Save part 'xl/worksheets/sheet5.xml'
20:35:26.288 [main] DEBUG - Parsing relationship: /xl/_rels/workbook.xml.rels
20:35:26.290 [main] DEBUG - Parsing relationship: /xl/worksheets/_rels/sheet1.xml.rels
20:35:26.290 [main] DEBUG - Parsing relationship: /_rels/.rels
20:35:26.312 [main] DEBUG - Save content types part
20:35:26.314 [main] DEBUG - Save package relationships
20:35:26.315 [main] DEBUG - Save part 'docProps/app.xml'
20:35:26.315 [main] DEBUG - Save part 'docProps/core.xml'
20:35:26.316 [main] DEBUG - Save part 'xl/sharedStrings.xml'
20:35:26.317 [main] DEBUG - Save part 'xl/styles.xml'
20:35:26.317 [main] DEBUG - Save part 'xl/theme/theme1.xml'
20:35:26.317 [main] DEBUG - Save part 'xl/workbook.xml'
20:35:26.319 [main] DEBUG - Save part 'xl/worksheets/sheet1.xml'
20:35:26.320 [main] DEBUG - Save part 'xl/worksheets/sheet2.xml'
20:35:26.320 [main] DEBUG - Save part 'xl/worksheets/sheet3.xml'
20:35:26.320 [main] DEBUG - Save part 'xl/worksheets/sheet4.xml'
20:35:26.321 [main] DEBUG - Save part 'xl/worksheets/sheet5.xml'
20:35:26.325 [main] DEBUG - Parsing relationship: /xl/_rels/workbook.xml.rels
20:35:26.325 [main] DEBUG - Parsing relationship: /xl/worksheets/_rels/sheet1.xml.rels
20:35:26.326 [main] DEBUG - Parsing relationship: /_rels/.rels
20:35:26.349 [main] DEBUG - Save content types part
20:35:26.350 [main] DEBUG - Save package relationships
20:35:26.352 [main] DEBUG - Save part 'docProps/app.xml'
20:35:26.352 [main] DEBUG - Save part 'docProps/core.xml'
20:35:26.353 [main] DEBUG - Save part 'xl/sharedStrings.xml'
20:35:26.353 [main] DEBUG - Save part 'xl/styles.xml'
20:35:26.353 [main] DEBUG - Save part 'xl/theme/theme1.xml'
20:35:26.354 [main] DEBUG - Save part 'xl/workbook.xml'
20:35:26.355 [main] DEBUG - Save part 'xl/worksheets/sheet1.xml'
20:35:26.356 [main] DEBUG - Save part 'xl/worksheets/sheet2.xml'
20:35:26.357 [main] DEBUG - Save part 'xl/worksheets/sheet3.xml'
20:35:26.357 [main] DEBUG - Save part 'xl/worksheets/sheet4.xml'
20:35:26.357 [main] DEBUG - Save part 'xl/worksheets/sheet5.xml'
20:35:26.391 [main] DEBUG - Parsing relationship: /xl/_rels/workbook.xml.rels
20:35:26.391 [main] DEBUG - Parsing relationship: /xl/worksheets/_rels/sheet1.xml.rels
20:35:26.392 [main] DEBUG - Parsing relationship: /_rels/.rels
20:35:26.409 [main] DEBUG - Save content types part
20:35:26.410 [main] DEBUG - Save package relationships
20:35:26.411 [main] DEBUG - Save part 'docProps/app.xml'
20:35:26.411 [main] DEBUG - Save part 'docProps/core.xml'
20:35:26.412 [main] DEBUG - Save part 'xl/sharedStrings.xml'
20:35:26.413 [main] DEBUG - Save part 'xl/styles.xml'
20:35:26.413 [main] DEBUG - Save part 'xl/theme/theme1.xml'
20:35:26.413 [main] DEBUG - Save part 'xl/workbook.xml'
20:35:26.414 [main] DEBUG - Save part 'xl/worksheets/sheet1.xml'
20:35:26.415 [main] DEBUG - Save part 'xl/worksheets/sheet2.xml'
20:35:26.415 [main] DEBUG - Save part 'xl/worksheets/sheet3.xml'
20:35:26.416 [main] DEBUG - Save part 'xl/worksheets/sheet4.xml'
20:35:26.416 [main] DEBUG - Save part 'xl/worksheets/sheet5.xml'
20:35:26.420 [main] DEBUG - Parsing relationship: /xl/_rels/workbook.xml.rels
20:35:26.420 [main] DEBUG - Parsing relationship: /xl/worksheets/_rels/sheet1.xml.rels
20:35:26.420 [main] DEBUG - Parsing relationship: /_rels/.rels
20:35:26.439 [main] DEBUG - Save content types part
20:35:26.440 [main] DEBUG - Save package relationships
20:35:26.441 [main] DEBUG - Save part 'docProps/app.xml'
20:35:26.441 [main] DEBUG - Save part 'docProps/core.xml'
20:35:26.442 [main] DEBUG - Save part 'xl/sharedStrings.xml'
20:35:26.442 [main] DEBUG - Save part 'xl/styles.xml'
20:35:26.443 [main] DEBUG - Save part 'xl/theme/theme1.xml'
20:35:26.443 [main] DEBUG - Save part 'xl/workbook.xml'
20:35:26.444 [main] DEBUG - Save part 'xl/worksheets/sheet1.xml'
20:35:26.445 [main] DEBUG - Save part 'xl/worksheets/sheet2.xml'
20:35:26.445 [main] DEBUG - Save part 'xl/worksheets/sheet3.xml'
20:35:26.445 [main] DEBUG - Save part 'xl/worksheets/sheet4.xml'
20:35:26.445 [main] DEBUG - Save part 'xl/worksheets/sheet5.xml'
20:35:26.480 [main] DEBUG - Parsing relationship: /xl/_rels/workbook.xml.rels
20:35:26.480 [main] DEBUG - Parsing relationship: /xl/worksheets/_rels/sheet1.xml.rels
20:35:26.480 [main] DEBUG - Parsing relationship: /_rels/.rels
20:35:26.503 [main] DEBUG - Save content types part
20:35:26.504 [main] DEBUG - Save package relationships
20:35:26.505 [main] DEBUG - Save part 'docProps/app.xml'
20:35:26.506 [main] DEBUG - Save part 'docProps/core.xml'
20:35:26.507 [main] DEBUG - Save part 'xl/sharedStrings.xml'
20:35:26.507 [main] DEBUG - Save part 'xl/styles.xml'
20:35:26.507 [main] DEBUG - Save part 'xl/theme/theme1.xml'
20:35:26.508 [main] DEBUG - Save part 'xl/workbook.xml'
20:35:26.509 [main] DEBUG - Save part 'xl/worksheets/sheet1.xml'
20:35:26.510 [main] DEBUG - Save part 'xl/worksheets/sheet2.xml'
20:35:26.510 [main] DEBUG - Save part 'xl/worksheets/sheet3.xml'
20:35:26.511 [main] DEBUG - Save part 'xl/worksheets/sheet4.xml'
20:35:26.511 [main] DEBUG - Save part 'xl/worksheets/sheet5.xml'
20:35:26.516 [main] DEBUG - Parsing relationship: /xl/_rels/workbook.xml.rels
20:35:26.517 [main] DEBUG - Parsing relationship: /xl/worksheets/_rels/sheet1.xml.rels
20:35:26.517 [main] DEBUG - Parsing relationship: /_rels/.rels
20:35:26.550 [main] DEBUG - Save content types part
20:35:26.551 [main] DEBUG - Save package relationships
20:35:26.552 [main] DEBUG - Save part 'docProps/app.xml'
20:35:26.553 [main] DEBUG - Save part 'docProps/core.xml'
20:35:26.554 [main] DEBUG - Save part 'xl/sharedStrings.xml'
20:35:26.554 [main] DEBUG - Save part 'xl/styles.xml'
20:35:26.554 [main] DEBUG - Save part 'xl/theme/theme1.xml'
20:35:26.555 [main] DEBUG - Save part 'xl/workbook.xml'
20:35:26.556 [main] DEBUG - Save part 'xl/worksheets/sheet1.xml'
20:35:26.557 [main] DEBUG - Save part 'xl/worksheets/sheet2.xml'
