18:28:38.292 [main] TRACE - Reading unresolved handles for type system org.apache.xmlbeans.metadata.system.sXMLLANG
18:28:38.306 [main] TRACE - Finished loading type system org.apache.xmlbeans.metadata.system.sXMLLANG
18:28:38.307 [main] TRACE - Reading unresolved handles for type system org.apache.xmlbeans.metadata.system.sXMLCONFIG
18:28:38.308 [main] TRACE - Finished loading type system org.apache.xmlbeans.metadata.system.sXMLCONFIG
18:28:38.310 [main] TRACE - Reading unresolved handles for type system org.apache.poi.schemas.ooxml.system.ooxml
18:28:38.394 [main] TRACE - Finished loading type system org.apache.poi.schemas.ooxml.system.ooxml
18:28:38.396 [main] TRACE - Resolving type for handle themefd26doctype
18:28:38.508 [main] TRACE - Resolving type for handle stylesheet5d8bdoctype
18:28:38.531 [main] TRACE - Resolving type for handle ctstylesheet4257type
18:28:38.541 [main] TRACE - Resolving type for handle ctnumfmtsb58btype
18:28:38.547 [main] TRACE - Resolving type for handle ctnumfmt3870type
18:28:38.549 [main] TRACE - Resolving type for handle stnumfmtid76fbtype
18:28:38.559 [main] TRACE - Resolving type for handle stxstringf179type
18:28:38.563 [main] TRACE - Resolving type for handle ctfonts6623type
18:28:38.568 [main] TRACE - Resolving type for handle ctfont14d8type
18:28:38.576 [main] TRACE - Resolving type for handle ctfills2c6ftype
18:28:38.579 [main] TRACE - Resolving type for handle ctfill550ctype
18:28:38.583 [main] TRACE - Resolving type for handle ctborders0d66type
18:28:38.589 [main] TRACE - Resolving type for handle ctborderf935type
18:28:38.598 [main] TRACE - Resolving type for handle ctcellxfs1322type
18:28:38.605 [main] TRACE - Resolving type for handle ctxf97f7type
18:28:38.611 [main] TRACE - Resolving type for handle ctcellstylexfsa81ftype
18:28:38.616 [main] TRACE - Resolving type for handle ctdxfsb26atype
18:28:38.622 [main] TRACE - Resolving type for handle cttablestyles872ftype
18:28:38.630 [main] TRACE - Resolving type for handle sstf81fdoctype
18:28:38.639 [main] TRACE - Resolving type for handle ctsst44f3type
18:28:38.648 [main] TRACE - Resolving type for handle ctrsta472type
18:28:38.737 [main] TRACE - Resolving type for handle workbookec17doctype
18:28:38.748 [main] TRACE - Resolving type for handle ctworkbook83c3type
18:28:38.757 [main] TRACE - Resolving type for handle ctsheets49fdtype
18:28:38.762 [main] TRACE - Resolving type for handle ctsheet4dbetype
18:28:38.769 [main] TRACE - Resolving type for handle strelationshipid1e94type
18:28:38.773 [main] TRACE - Resolving type for handle worksheetf539doctype
18:28:38.785 [main] TRACE - Resolving type for handle ctworksheet530dtype
18:28:38.804 [main] TRACE - Resolving type for handle ctcols627ctype
18:28:38.814 [main] TRACE - Resolving type for handle ctcola95ftype
18:28:38.848 [main] TRACE - Resolving type for handle ctsheetdata8408type
18:28:38.855 [main] TRACE - Resolving type for handle ctrowdd39type
18:28:38.867 [main] TRACE - Resolving type for handle ctcell842btype
18:28:38.890 [main] TRACE - Resolving type for handle stcellrefe4e0type
18:28:38.907 [main] TRACE - Resolving type for handle cthyperlinks6416type
18:28:38.912 [main] TRACE - Resolving type for handle cthyperlink0c85type
18:28:38.966 [main] TRACE - Resolving type for handle stcelltypebf95type
18:28:38.990 [main] TRACE - Resolving type for handle stcellstylexfid70c7type
18:28:38.999 [main] TRACE - Resolving type for handle ctsheetdimensiond310type
18:28:39.002 [main] TRACE - Resolving type for handle stref90a2type
18:28:39.039 [main] TRACE - Resolving type for handle propertiesee84doctype
18:28:39.045 [main] TRACE - Resolving type for handle ctproperties3f10type
18:28:39.061 [main] TRACE - Resolving type for handle properties288cdoctype
18:28:39.063 [main] TRACE - Resolving type for handle ctproperties2c18type
18:28:39.095 [main] DEBUG - Save content types part
18:28:39.244 [main] DEBUG - Save package relationships
18:28:39.253 [main] DEBUG - Save part 'docProps/app.xml'
18:28:39.254 [main] DEBUG - Save part 'docProps/core.xml'
18:28:39.260 [main] DEBUG - Save part 'xl/sharedStrings.xml'
18:28:39.261 [main] DEBUG - Save part 'xl/styles.xml'
18:28:39.261 [main] DEBUG - Save part 'xl/theme/theme1.xml'
18:28:39.262 [main] DEBUG - Save part 'xl/workbook.xml'
18:28:39.265 [main] DEBUG - Save part 'xl/worksheets/sheet1.xml'
18:28:39.268 [main] DEBUG - Save part 'xl/worksheets/sheet2.xml'
18:28:39.269 [main] DEBUG - Save part 'xl/worksheets/sheet3.xml'
18:28:39.269 [main] DEBUG - Save part 'xl/worksheets/sheet4.xml'
18:28:39.270 [main] DEBUG - Save part 'xl/worksheets/sheet5.xml'
18:28:39.286 [main] DEBUG - Parsing relationship: /xl/_rels/workbook.xml.rels
18:28:39.289 [main] DEBUG - Parsing relationship: /xl/worksheets/_rels/sheet1.xml.rels
18:28:39.291 [main] DEBUG - Parsing relationship: /_rels/.rels
18:28:39.386 [main] DEBUG - Save content types part
18:28:39.389 [main] DEBUG - Save package relationships
18:28:39.391 [main] DEBUG - Save part 'docProps/app.xml'
18:28:39.391 [main] DEBUG - Save part 'docProps/core.xml'
18:28:39.395 [main] DEBUG - Save part 'xl/sharedStrings.xml'
18:28:39.396 [main] DEBUG - Save part 'xl/styles.xml'
18:28:39.396 [main] DEBUG - Save part 'xl/theme/theme1.xml'
18:28:39.397 [main] DEBUG - Save part 'xl/workbook.xml'
18:28:39.401 [main] DEBUG - Save part 'xl/worksheets/sheet1.xml'
18:28:39.405 [main] DEBUG - Save part 'xl/worksheets/sheet2.xml'
18:28:39.406 [main] DEBUG - Save part 'xl/worksheets/sheet3.xml'
18:28:39.406 [main] DEBUG - Save part 'xl/worksheets/sheet4.xml'
18:28:39.407 [main] DEBUG - Save part 'xl/worksheets/sheet5.xml'
18:28:39.420 [main] DEBUG - Parsing relationship: /xl/_rels/workbook.xml.rels
18:28:39.422 [main] DEBUG - Parsing relationship: /xl/worksheets/_rels/sheet1.xml.rels
18:28:39.430 [main] DEBUG - Parsing relationship: /_rels/.rels
18:28:39.512 [main] DEBUG - Save content types part
18:28:39.516 [main] DEBUG - Save package relationships
18:28:39.518 [main] DEBUG - Save part 'docProps/app.xml'
18:28:39.519 [main] DEBUG - Save part 'docProps/core.xml'
18:28:39.522 [main] DEBUG - Save part 'xl/sharedStrings.xml'
18:28:39.523 [main] DEBUG - Save part 'xl/styles.xml'
18:28:39.523 [main] DEBUG - Save part 'xl/theme/theme1.xml'
18:28:39.524 [main] DEBUG - Save part 'xl/workbook.xml'
18:28:39.529 [main] DEBUG - Save part 'xl/worksheets/sheet1.xml'
18:28:39.533 [main] DEBUG - Save part 'xl/worksheets/sheet2.xml'
18:28:39.534 [main] DEBUG - Save part 'xl/worksheets/sheet3.xml'
18:28:39.534 [main] DEBUG - Save part 'xl/worksheets/sheet4.xml'
18:28:39.534 [main] DEBUG - Save part 'xl/worksheets/sheet5.xml'
18:28:45.715 [main] INFO  - Clicking Second Course
18:28:45.719 [main] INFO  - Getting window handles
18:28:45.931 [main] INFO  - Checking Second Course Title
18:29:24.208 [main] INFO  - Extracting Second course details
18:29:44.398 [main] DEBUG - Parsing relationship: /xl/_rels/workbook.xml.rels
18:29:44.401 [main] DEBUG - Parsing relationship: /xl/worksheets/_rels/sheet1.xml.rels
18:29:44.402 [main] DEBUG - Parsing relationship: /_rels/.rels
18:29:44.465 [main] DEBUG - Save content types part
18:29:44.468 [main] DEBUG - Save package relationships
18:29:44.470 [main] DEBUG - Save part 'docProps/app.xml'
18:29:44.471 [main] DEBUG - Save part 'docProps/core.xml'
18:29:44.472 [main] DEBUG - Save part 'xl/sharedStrings.xml'
18:29:44.472 [main] DEBUG - Save part 'xl/styles.xml'
18:29:44.472 [main] DEBUG - Save part 'xl/theme/theme1.xml'
18:29:44.473 [main] DEBUG - Save part 'xl/workbook.xml'
18:29:44.475 [main] DEBUG - Save part 'xl/worksheets/sheet1.xml'
18:29:44.476 [main] DEBUG - Save part 'xl/worksheets/sheet2.xml'
18:29:44.476 [main] DEBUG - Save part 'xl/worksheets/sheet3.xml'
18:29:44.477 [main] DEBUG - Save part 'xl/worksheets/sheet4.xml'
18:29:44.477 [main] DEBUG - Save part 'xl/worksheets/sheet5.xml'
18:29:44.486 [main] DEBUG - Parsing relationship: /xl/_rels/workbook.xml.rels
18:29:44.488 [main] DEBUG - Parsing relationship: /xl/worksheets/_rels/sheet1.xml.rels
18:29:44.488 [main] DEBUG - Parsing relationship: /_rels/.rels
18:29:44.538 [main] DEBUG - Save content types part
18:29:44.540 [main] DEBUG - Save package relationships
18:29:44.542 [main] DEBUG - Save part 'docProps/app.xml'
18:29:44.542 [main] DEBUG - Save part 'docProps/core.xml'
18:29:44.544 [main] DEBUG - Save part 'xl/sharedStrings.xml'
18:29:44.546 [main] DEBUG - Save part 'xl/styles.xml'
18:29:44.546 [main] DEBUG - Save part 'xl/theme/theme1.xml'
18:29:44.546 [main] DEBUG - Save part 'xl/workbook.xml'
18:29:44.550 [main] DEBUG - Save part 'xl/worksheets/sheet1.xml'
18:29:44.552 [main] DEBUG - Save part 'xl/worksheets/sheet2.xml'
18:29:44.553 [main] DEBUG - Save part 'xl/worksheets/sheet3.xml'
18:29:44.553 [main] DEBUG - Save part 'xl/worksheets/sheet4.xml'
18:29:44.553 [main] DEBUG - Save part 'xl/worksheets/sheet5.xml'
18:29:44.565 [main] DEBUG - Parsing relationship: /xl/_rels/workbook.xml.rels
18:29:44.566 [main] DEBUG - Parsing relationship: /xl/worksheets/_rels/sheet1.xml.rels
18:29:44.568 [main] DEBUG - Parsing relationship: /_rels/.rels
18:29:44.618 [main] DEBUG - Save content types part
18:29:44.620 [main] DEBUG - Save package relationships
18:29:44.623 [main] DEBUG - Save part 'docProps/app.xml'
18:29:44.623 [main] DEBUG - Save part 'docProps/core.xml'
18:29:44.626 [main] DEBUG - Save part 'xl/sharedStrings.xml'
18:29:44.627 [main] DEBUG - Save part 'xl/styles.xml'
18:29:44.627 [main] DEBUG - Save part 'xl/theme/theme1.xml'
18:29:44.628 [main] DEBUG - Save part 'xl/workbook.xml'
18:29:44.631 [main] DEBUG - Save part 'xl/worksheets/sheet1.xml'
18:29:44.634 [main] DEBUG - Save part 'xl/worksheets/sheet2.xml'
18:29:44.634 [main] DEBUG - Save part 'xl/worksheets/sheet3.xml'
18:29:44.635 [main] DEBUG - Save part 'xl/worksheets/sheet4.xml'
18:29:44.635 [main] DEBUG - Save part 'xl/worksheets/sheet5.xml'
18:29:46.711 [main] INFO  - Returning to Parent Window
18:29:46.759 [main] INFO  - Clearing search box
18:29:46.974 [main] INFO  - Searching values
18:29:46.975 [main] INFO  - Clicking search button
18:29:47.304 [main] INFO  - Clicking See All link
18:29:48.157 [main] DEBUG - Parsing relationship: /xl/_rels/workbook.xml.rels
18:29:48.160 [main] DEBUG - Parsing relationship: /xl/worksheets/_rels/sheet1.xml.rels
18:29:48.161 [main] DEBUG - Parsing relationship: /_rels/.rels
18:29:48.291 [main] DEBUG - Save content types part
18:29:48.293 [main] DEBUG - Save package relationships
18:29:48.295 [main] DEBUG - Save part 'docProps/app.xml'
18:29:48.296 [main] DEBUG - Save part 'docProps/core.xml'
18:29:48.299 [main] DEBUG - Save part 'xl/sharedStrings.xml'
18:29:48.299 [main] DEBUG - Save part 'xl/styles.xml'
18:29:48.300 [main] DEBUG - Save part 'xl/theme/theme1.xml'
18:29:48.300 [main] DEBUG - Save part 'xl/workbook.xml'
18:29:48.304 [main] DEBUG - Save part 'xl/worksheets/sheet1.xml'
18:29:48.308 [main] DEBUG - Save part 'xl/worksheets/sheet2.xml'
18:29:48.309 [main] DEBUG - Save part 'xl/worksheets/sheet3.xml'
18:29:48.310 [main] DEBUG - Save part 'xl/worksheets/sheet4.xml'
18:29:48.310 [main] DEBUG - Save part 'xl/worksheets/sheet5.xml'
18:29:48.320 [main] DEBUG - Parsing relationship: /xl/_rels/workbook.xml.rels
18:29:48.321 [main] DEBUG - Parsing relationship: /xl/worksheets/_rels/sheet1.xml.rels
18:29:48.322 [main] DEBUG - Parsing relationship: /_rels/.rels
18:29:48.380 [main] DEBUG - Save content types part
18:29:48.382 [main] DEBUG - Save package relationships
18:29:48.385 [main] DEBUG - Save part 'docProps/app.xml'
18:29:48.385 [main] DEBUG - Save part 'docProps/core.xml'
18:29:48.388 [main] DEBUG - Save part 'xl/sharedStrings.xml'
18:29:48.388 [main] DEBUG - Save part 'xl/styles.xml'
18:29:48.389 [main] DEBUG - Save part 'xl/theme/theme1.xml'
18:29:48.389 [main] DEBUG - Save part 'xl/workbook.xml'
18:29:48.391 [main] DEBUG - Save part 'xl/worksheets/sheet1.xml'
18:29:48.394 [main] DEBUG - Save part 'xl/worksheets/sheet2.xml'
18:29:48.395 [main] DEBUG - Save part 'xl/worksheets/sheet3.xml'
18:29:48.395 [main] DEBUG - Save part 'xl/worksheets/sheet4.xml'
18:29:48.395 [main] DEBUG - Save part 'xl/worksheets/sheet5.xml'
18:29:48.449 [main] DEBUG - Parsing relationship: /xl/_rels/workbook.xml.rels
18:29:48.450 [main] DEBUG - Parsing relationship: /xl/worksheets/_rels/sheet1.xml.rels
18:29:48.451 [main] DEBUG - Parsing relationship: /_rels/.rels
18:29:48.508 [main] DEBUG - Save content types part
18:29:48.511 [main] DEBUG - Save package relationships
18:29:48.514 [main] DEBUG - Save part 'docProps/app.xml'
18:29:48.514 [main] DEBUG - Save part 'docProps/core.xml'
18:29:48.517 [main] DEBUG - Save part 'xl/sharedStrings.xml'
18:29:48.517 [main] DEBUG - Save part 'xl/styles.xml'
18:29:48.518 [main] DEBUG - Save part 'xl/theme/theme1.xml'
18:29:48.518 [main] DEBUG - Save part 'xl/workbook.xml'
18:29:48.521 [main] DEBUG - Save part 'xl/worksheets/sheet1.xml'
18:29:48.524 [main] DEBUG - Save part 'xl/worksheets/sheet2.xml'
18:29:48.525 [main] DEBUG - Save part 'xl/worksheets/sheet3.xml'
18:29:48.525 [main] DEBUG - Save part 'xl/worksheets/sheet4.xml'
18:29:48.526 [main] DEBUG - Save part 'xl/worksheets/sheet5.xml'
18:29:48.534 [main] DEBUG - Parsing relationship: /xl/_rels/workbook.xml.rels
18:29:48.535 [main] DEBUG - Parsing relationship: /xl/worksheets/_rels/sheet1.xml.rels
18:29:48.535 [main] DEBUG - Parsing relationship: /_rels/.rels
18:29:48.580 [main] DEBUG - Save content types part
18:29:48.582 [main] DEBUG - Save package relationships
18:29:48.583 [main] DEBUG - Save part 'docProps/app.xml'
18:29:48.584 [main] DEBUG - Save part 'docProps/core.xml'
18:29:48.587 [main] DEBUG - Save part 'xl/sharedStrings.xml'
18:29:48.588 [main] DEBUG - Save part 'xl/styles.xml'
18:29:48.588 [main] DEBUG - Save part 'xl/theme/theme1.xml'
18:29:48.588 [main] DEBUG - Save part 'xl/workbook.xml'
18:29:48.592 [main] DEBUG - Save part 'xl/worksheets/sheet1.xml'
18:29:48.596 [main] DEBUG - Save part 'xl/worksheets/sheet2.xml'
18:29:48.596 [main] DEBUG - Save part 'xl/worksheets/sheet3.xml'
18:29:48.597 [main] DEBUG - Save part 'xl/worksheets/sheet4.xml'
18:29:48.597 [main] DEBUG - Save part 'xl/worksheets/sheet5.xml'
18:29:48.648 [main] DEBUG - Parsing relationship: /xl/_rels/workbook.xml.rels
18:29:48.649 [main] DEBUG - Parsing relationship: /xl/worksheets/_rels/sheet1.xml.rels
18:29:48.650 [main] DEBUG - Parsing relationship: /_rels/.rels
18:29:48.711 [main] DEBUG - Save content types part
18:29:48.715 [main] DEBUG - Save package relationships
18:29:48.718 [main] DEBUG - Save part 'docProps/app.xml'
18:29:48.720 [main] DEBUG - Save part 'docProps/core.xml'
18:29:48.723 [main] DEBUG - Save part 'xl/sharedStrings.xml'
18:29:48.724 [main] DEBUG - Save part 'xl/styles.xml'
18:29:48.724 [main] DEBUG - Save part 'xl/theme/theme1.xml'
18:29:48.725 [main] DEBUG - Save part 'xl/workbook.xml'
18:29:48.729 [main] DEBUG - Save part 'xl/worksheets/sheet1.xml'
18:29:48.732 [main] DEBUG - Save part 'xl/worksheets/sheet2.xml'
18:29:48.733 [main] DEBUG - Save part 'xl/worksheets/sheet3.xml'
18:29:48.734 [main] DEBUG - Save part 'xl/worksheets/sheet4.xml'
18:29:48.734 [main] DEBUG - Save part 'xl/worksheets/sheet5.xml'
18:29:48.747 [main] DEBUG - Parsing relationship: /xl/_rels/workbook.xml.rels
18:29:48.748 [main] DEBUG - Parsing relationship: /xl/worksheets/_rels/sheet1.xml.rels
18:29:48.749 [main] DEBUG - Parsing relationship: /_rels/.rels
18:29:48.817 [main] DEBUG - Save content types part
18:29:48.820 [main] DEBUG - Save package relationships
18:29:48.824 [main] DEBUG - Save part 'docProps/app.xml'
18:29:48.824 [main] DEBUG - Save part 'docProps/core.xml'
18:29:48.828 [main] DEBUG - Save part 'xl/sharedStrings.xml'
18:29:48.828 [main] DEBUG - Save part 'xl/styles.xml'
18:29:48.829 [main] DEBUG - Save part 'xl/theme/theme1.xml'
18:29:48.830 [main] DEBUG - Save part 'xl/workbook.xml'
18:29:48.832 [main] DEBUG - Save part 'xl/worksheets/sheet1.xml'
18:29:48.836 [main] DEBUG - Save part 'xl/worksheets/sheet2.xml'
18:29:48.836 [main] DEBUG - Save part 'xl/worksheets/sheet3.xml'
18:29:48.837 [main] DEBUG - Save part 'xl/worksheets/sheet4.xml'
18:29:48.837 [main] DEBUG - Save part 'xl/worksheets/sheet5.xml'
18:29:48.892 [main] DEBUG - Parsing relationship: /xl/_rels/workbook.xml.rels
18:29:48.894 [main] DEBUG - Parsing relationship: /xl/worksheets/_rels/sheet1.xml.rels
18:29:48.895 [main] DEBUG - Parsing relationship: /_rels/.rels
18:29:48.957 [main] DEBUG - Save content types part
18:29:48.959 [main] DEBUG - Save package relationships
18:29:48.963 [main] DEBUG - Save part 'docProps/app.xml'
18:29:48.963 [main] DEBUG - Save part 'docProps/core.xml'
18:29:48.967 [main] DEBUG - Save part 'xl/sharedStrings.xml'
18:29:48.967 [main] DEBUG - Save part 'xl/styles.xml'
18:29:48.968 [main] DEBUG - Save part 'xl/theme/theme1.xml'
18:29:48.968 [main] DEBUG - Save part 'xl/workbook.xml'
18:29:48.971 [main] DEBUG - Save part 'xl/worksheets/sheet1.xml'
18:29:48.973 [main] DEBUG - Save part 'xl/worksheets/sheet2.xml'
18:29:48.974 [main] DEBUG - Save part 'xl/worksheets/sheet3.xml'
18:29:48.974 [main] DEBUG - Save part 'xl/worksheets/sheet4.xml'
18:29:48.975 [main] DEBUG - Save part 'xl/worksheets/sheet5.xml'
18:29:48.986 [main] DEBUG - Parsing relationship: /xl/_rels/workbook.xml.rels
18:29:48.987 [main] DEBUG - Parsing relationship: /xl/worksheets/_rels/sheet1.xml.rels
18:29:48.988 [main] DEBUG - Parsing relationship: /_rels/.rels
18:29:49.046 [main] DEBUG - Save content types part
18:29:49.048 [main] DEBUG - Save package relationships
18:29:49.050 [main] DEBUG - Save part 'docProps/app.xml'
18:29:49.050 [main] DEBUG - Save part 'docProps/core.xml'
18:29:49.051 [main] DEBUG - Save part 'xl/sharedStrings.xml'
18:29:49.051 [main] DEBUG - Save part 'xl/styles.xml'
18:29:49.052 [main] DEBUG - Save part 'xl/theme/theme1.xml'
18:29:49.053 [main] DEBUG - Save part 'xl/workbook.xml'
18:29:49.055 [main] DEBUG - Save part 'xl/worksheets/sheet1.xml'
18:29:49.057 [main] DEBUG - Save part 'xl/worksheets/sheet2.xml'
18:29:49.058 [main] DEBUG - Save part 'xl/worksheets/sheet3.xml'
18:29:49.058 [main] DEBUG - Save part 'xl/worksheets/sheet4.xml'
18:29:49.058 [main] DEBUG - Save part 'xl/worksheets/sheet5.xml'
18:29:49.109 [main] DEBUG - Parsing relationship: /xl/_rels/workbook.xml.rels
18:29:49.111 [main] DEBUG - Parsing relationship: /xl/worksheets/_rels/sheet1.xml.rels
18:29:49.113 [main] DEBUG - Parsing relationship: /_rels/.rels
18:29:49.171 [main] DEBUG - Save content types part
18:29:49.174 [main] DEBUG - Save package relationships
18:29:49.177 [main] DEBUG - Save part 'docProps/app.xml'
18:29:49.177 [main] DEBUG - Save part 'docProps/core.xml'
18:29:49.180 [main] DEBUG - Save part 'xl/sharedStrings.xml'
18:29:49.181 [main] DEBUG - Save part 'xl/styles.xml'
18:29:49.182 [main] DEBUG - Save part 'xl/theme/theme1.xml'
18:29:49.183 [main] DEBUG - Save part 'xl/workbook.xml'
18:29:49.186 [main] DEBUG - Save part 'xl/worksheets/sheet1.xml'
18:29:49.189 [main] DEBUG - Save part 'xl/worksheets/sheet2.xml'
18:29:49.190 [main] DEBUG - Save part 'xl/worksheets/sheet3.xml'
18:29:49.191 [main] DEBUG - Save part 'xl/worksheets/sheet4.xml'
18:29:49.191 [main] DEBUG - Save part 'xl/worksheets/sheet5.xml'
18:29:49.201 [main] DEBUG - Parsing relationship: /xl/_rels/workbook.xml.rels
18:29:49.203 [main] DEBUG - Parsing relationship: /xl/worksheets/_rels/sheet1.xml.rels
18:29:49.205 [main] DEBUG - Parsing relationship: /_rels/.rels
18:29:49.271 [main] DEBUG - Save content types part
18:29:49.273 [main] DEBUG - Save package relationships
18:29:49.276 [main] DEBUG - Save part 'docProps/app.xml'
18:29:49.276 [main] DEBUG - Save part 'docProps/core.xml'
18:29:49.278 [main] DEBUG - Save part 'xl/sharedStrings.xml'
18:29:49.279 [main] DEBUG - Save part 'xl/styles.xml'
18:29:49.279 [main] DEBUG - Save part 'xl/theme/theme1.xml'
18:29:49.279 [main] DEBUG - Save part 'xl/workbook.xml'
18:29:49.281 [main] DEBUG - Save part 'xl/worksheets/sheet1.xml'
18:29:49.285 [main] DEBUG - Save part 'xl/worksheets/sheet2.xml'
18:29:49.286 [main] DEBUG - Save part 'xl/worksheets/sheet3.xml'
18:29:49.286 [main] DEBUG - Save part 'xl/worksheets/sheet4.xml'
18:29:49.287 [main] DEBUG - Save part 'xl/worksheets/sheet5.xml'
18:29:49.337 [main] DEBUG - Parsing relationship: /xl/_rels/workbook.xml.rels
18:29:49.338 [main] DEBUG - Parsing relationship: /xl/worksheets/_rels/sheet1.xml.rels
18:29:49.339 [main] DEBUG - Parsing relationship: /_rels/.rels
18:29:49.390 [main] DEBUG - Save content types part
18:29:49.393 [main] DEBUG - Save package relationships
18:29:49.395 [main] DEBUG - Save part 'docProps/app.xml'
18:29:49.396 [main] DEBUG - Save part 'docProps/core.xml'
18:29:49.399 [main] DEBUG - Save part 'xl/sharedStrings.xml'
18:29:49.399 [main] DEBUG - Save part 'xl/styles.xml'
18:29:49.400 [main] DEBUG - Save part 'xl/theme/theme1.xml'
18:29:49.400 [main] DEBUG - Save part 'xl/workbook.xml'
18:29:49.403 [main] DEBUG - Save part 'xl/worksheets/sheet1.xml'
18:29:49.406 [main] DEBUG - Save part 'xl/worksheets/sheet2.xml'
18:29:49.407 [main] DEBUG - Save part 'xl/worksheets/sheet3.xml'
18:29:49.408 [main] DEBUG - Save part 'xl/worksheets/sheet4.xml'
18:29:49.408 [main] DEBUG - Save part 'xl/worksheets/sheet5.xml'
18:29:49.417 [main] DEBUG - Parsing relationship: /xl/_rels/workbook.xml.rels
18:29:49.418 [main] DEBUG - Parsing relationship: /xl/worksheets/_rels/sheet1.xml.rels
18:29:49.419 [main] DEBUG - Parsing relationship: /_rels/.rels
18:29:49.471 [main] DEBUG - Save content types part
18:29:49.474 [main] DEBUG - Save package relationships
18:29:49.476 [main] DEBUG - Save part 'docProps/app.xml'
18:29:49.476 [main] DEBUG - Save part 'docProps/core.xml'
18:29:49.478 [main] DEBUG - Save part 'xl/sharedStrings.xml'
18:29:49.479 [main] DEBUG - Save part 'xl/styles.xml'
18:29:49.479 [main] DEBUG - Save part 'xl/theme/theme1.xml'
18:29:49.480 [main] DEBUG - Save part 'xl/workbook.xml'
18:29:49.482 [main] DEBUG - Save part 'xl/worksheets/sheet1.xml'
18:29:49.487 [main] DEBUG - Save part 'xl/worksheets/sheet2.xml'
18:29:49.488 [main] DEBUG - Save part 'xl/worksheets/sheet3.xml'
18:29:49.489 [main] DEBUG - Save part 'xl/worksheets/sheet4.xml'
18:29:49.489 [main] DEBUG - Save part 'xl/worksheets/sheet5.xml'
18:29:49.543 [main] DEBUG - Parsing relationship: /xl/_rels/workbook.xml.rels
18:29:49.544 [main] DEBUG - Parsing relationship: /xl/worksheets/_rels/sheet1.xml.rels
18:29:49.546 [main] DEBUG - Parsing relationship: /_rels/.rels
18:29:49.604 [main] DEBUG - Save content types part
18:29:49.615 [main] DEBUG - Save package relationships
18:29:49.617 [main] DEBUG - Save part 'docProps/app.xml'
18:29:49.618 [main] DEBUG - Save part 'docProps/core.xml'
18:29:49.620 [main] DEBUG - Save part 'xl/sharedStrings.xml'
18:29:49.620 [main] DEBUG - Save part 'xl/styles.xml'
18:29:49.621 [main] DEBUG - Save part 'xl/theme/theme1.xml'
18:29:49.621 [main] DEBUG - Save part 'xl/workbook.xml'
18:29:49.625 [main] DEBUG - Save part 'xl/worksheets/sheet1.xml'
18:29:49.628 [main] DEBUG - Save part 'xl/worksheets/sheet2.xml'
18:29:49.629 [main] DEBUG - Save part 'xl/worksheets/sheet3.xml'
18:29:49.629 [main] DEBUG - Save part 'xl/worksheets/sheet4.xml'
18:29:49.630 [main] DEBUG - Save part 'xl/worksheets/sheet5.xml'
18:29:49.638 [main] DEBUG - Parsing relationship: /xl/_rels/workbook.xml.rels
18:29:49.639 [main] DEBUG - Parsing relationship: /xl/worksheets/_rels/sheet1.xml.rels
18:29:49.639 [main] DEBUG - Parsing relationship: /_rels/.rels
18:29:49.680 [main] DEBUG - Save content types part
18:29:49.682 [main] DEBUG - Save package relationships
18:29:49.686 [main] DEBUG - Save part 'docProps/app.xml'
18:29:49.687 [main] DEBUG - Save part 'docProps/core.xml'
18:29:49.690 [main] DEBUG - Save part 'xl/sharedStrings.xml'
18:29:49.691 [main] DEBUG - Save part 'xl/styles.xml'
18:29:49.691 [main] DEBUG - Save part 'xl/theme/theme1.xml'
18:29:49.691 [main] DEBUG - Save part 'xl/workbook.xml'
18:29:49.694 [main] DEBUG - Save part 'xl/worksheets/sheet1.xml'
18:29:49.696 [main] DEBUG - Save part 'xl/worksheets/sheet2.xml'
18:29:49.697 [main] DEBUG - Save part 'xl/worksheets/sheet3.xml'
18:29:49.697 [main] DEBUG - Save part 'xl/worksheets/sheet4.xml'
18:29:49.697 [main] DEBUG - Save part 'xl/worksheets/sheet5.xml'
18:29:49.746 [main] DEBUG - Parsing relationship: /xl/_rels/workbook.xml.rels
18:29:49.748 [main] DEBUG - Parsing relationship: /xl/worksheets/_rels/sheet1.xml.rels
18:29:49.749 [main] DEBUG - Parsing relationship: /_rels/.rels
18:29:49.800 [main] DEBUG - Save content types part
18:29:49.802 [main] DEBUG - Save package relationships
18:29:49.805 [main] DEBUG - Save part 'docProps/app.xml'
18:29:49.805 [main] DEBUG - Save part 'docProps/core.xml'
18:29:49.808 [main] DEBUG - Save part 'xl/sharedStrings.xml'
18:29:49.808 [main] DEBUG - Save part 'xl/styles.xml'
18:29:49.810 [main] DEBUG - Save part 'xl/theme/theme1.xml'
18:29:49.811 [main] DEBUG - Save part 'xl/workbook.xml'
18:29:49.813 [main] DEBUG - Save part 'xl/worksheets/sheet1.xml'
18:29:49.815 [main] DEBUG - Save part 'xl/worksheets/sheet2.xml'
18:29:49.816 [main] DEBUG - Save part 'xl/worksheets/sheet3.xml'
18:29:49.816 [main] DEBUG - Save part 'xl/worksheets/sheet4.xml'
18:29:49.817 [main] DEBUG - Save part 'xl/worksheets/sheet5.xml'
18:29:49.824 [main] DEBUG - Parsing relationship: /xl/_rels/workbook.xml.rels
18:29:49.825 [main] DEBUG - Parsing relationship: /xl/worksheets/_rels/sheet1.xml.rels
18:29:49.826 [main] DEBUG - Parsing relationship: /_rels/.rels
18:29:49.879 [main] DEBUG - Save content types part
18:29:49.882 [main] DEBUG - Save package relationships
18:29:49.885 [main] DEBUG - Save part 'docProps/app.xml'
18:29:49.885 [main] DEBUG - Save part 'docProps/core.xml'
18:29:49.888 [main] DEBUG - Save part 'xl/sharedStrings.xml'
18:29:49.889 [main] DEBUG - Save part 'xl/styles.xml'
18:29:49.890 [main] DEBUG - Save part 'xl/theme/theme1.xml'
18:29:49.890 [main] DEBUG - Save part 'xl/workbook.xml'
18:29:49.894 [main] DEBUG - Save part 'xl/worksheets/sheet1.xml'
18:29:49.897 [main] DEBUG - Save part 'xl/worksheets/sheet2.xml'
18:29:49.898 [main] DEBUG - Save part 'xl/worksheets/sheet3.xml'
18:29:49.899 [main] DEBUG - Save part 'xl/worksheets/sheet4.xml'
18:29:49.899 [main] DEBUG - Save part 'xl/worksheets/sheet5.xml'
18:29:49.951 [main] DEBUG - Parsing relationship: /xl/_rels/workbook.xml.rels
18:29:49.952 [main] DEBUG - Parsing relationship: /xl/worksheets/_rels/sheet1.xml.rels
18:29:49.953 [main] DEBUG - Parsing relationship: /_rels/.rels
18:29:49.997 [main] DEBUG - Save content types part
18:29:49.998 [main] DEBUG - Save package relationships
18:29:49.999 [main] DEBUG - Save part 'docProps/app.xml'
18:29:50.000 [main] DEBUG - Save part 'docProps/core.xml'
18:29:50.001 [main] DEBUG - Save part 'xl/sharedStrings.xml'
18:29:50.001 [main] DEBUG - Save part 'xl/styles.xml'
18:29:50.001 [main] DEBUG - Save part 'xl/theme/theme1.xml'
18:29:50.002 [main] DEBUG - Save part 'xl/workbook.xml'
18:29:50.003 [main] DEBUG - Save part 'xl/worksheets/sheet1.xml'
18:29:50.007 [main] DEBUG - Save part 'xl/worksheets/sheet2.xml'
18:29:50.008 [main] DEBUG - Save part 'xl/worksheets/sheet3.xml'
18:29:50.008 [main] DEBUG - Save part 'xl/worksheets/sheet4.xml'
18:29:50.008 [main] DEBUG - Save part 'xl/worksheets/sheet5.xml'
18:29:50.016 [main] DEBUG - Parsing relationship: /xl/_rels/workbook.xml.rels
18:29:50.017 [main] DEBUG - Parsing relationship: /xl/worksheets/_rels/sheet1.xml.rels
18:29:50.017 [main] DEBUG - Parsing relationship: /_rels/.rels
18:29:50.055 [main] DEBUG - Save content types part
18:29:50.057 [main] DEBUG - Save package relationships
18:29:50.058 [main] DEBUG - Save part 'docProps/app.xml'
18:29:50.059 [main] DEBUG - Save part 'docProps/core.xml'
18:29:50.060 [main] DEBUG - Save part 'xl/sharedStrings.xml'
18:29:50.061 [main] DEBUG - Save part 'xl/styles.xml'
18:29:50.061 [main] DEBUG - Save part 'xl/theme/theme1.xml'
18:29:50.061 [main] DEBUG - Save part 'xl/workbook.xml'
18:29:50.064 [main] DEBUG - Save part 'xl/worksheets/sheet1.xml'
18:29:50.066 [main] DEBUG - Save part 'xl/worksheets/sheet2.xml'
18:29:50.066 [main] DEBUG - Save part 'xl/worksheets/sheet3.xml'
18:29:50.066 [main] DEBUG - Save part 'xl/worksheets/sheet4.xml'
18:29:50.066 [main] DEBUG - Save part 'xl/worksheets/sheet5.xml'
18:29:50.111 [main] DEBUG - Parsing relationship: /xl/_rels/workbook.xml.rels
18:29:50.112 [main] DEBUG - Parsing relationship: /xl/worksheets/_rels/sheet1.xml.rels
18:29:50.112 [main] DEBUG - Parsing relationship: /_rels/.rels
18:29:50.161 [main] DEBUG - Save content types part
18:29:50.164 [main] DEBUG - Save package relationships
18:29:50.166 [main] DEBUG - Save part 'docProps/app.xml'
18:29:50.167 [main] DEBUG - Save part 'docProps/core.xml'
18:29:50.169 [main] DEBUG - Save part 'xl/sharedStrings.xml'
18:29:50.169 [main] DEBUG - Save part 'xl/styles.xml'
18:29:50.170 [main] DEBUG - Save part 'xl/theme/theme1.xml'
18:29:50.170 [main] DEBUG - Save part 'xl/workbook.xml'
18:29:50.173 [main] DEBUG - Save part 'xl/worksheets/sheet1.xml'
18:29:50.175 [main] DEBUG - Save part 'xl/worksheets/sheet2.xml'
18:29:50.175 [main] DEBUG - Save part 'xl/worksheets/sheet3.xml'
18:29:50.176 [main] DEBUG - Save part 'xl/worksheets/sheet4.xml'
18:29:50.176 [main] DEBUG - Save part 'xl/worksheets/sheet5.xml'
18:29:50.182 [main] DEBUG - Parsing relationship: /xl/_rels/workbook.xml.rels
18:29:50.184 [main] DEBUG - Parsing relationship: /xl/worksheets/_rels/sheet1.xml.rels
18:29:50.184 [main] DEBUG - Parsing relationship: /_rels/.rels
18:29:50.229 [main] DEBUG - Save content types part
18:29:50.232 [main] DEBUG - Save package relationships
18:29:50.234 [main] DEBUG - Save part 'docProps/app.xml'
18:29:50.234 [main] DEBUG - Save part 'docProps/core.xml'
18:29:50.237 [main] DEBUG - Save part 'xl/sharedStrings.xml'
18:29:50.237 [main] DEBUG - Save part 'xl/styles.xml'
18:29:50.237 [main] DEBUG - Save part 'xl/theme/theme1.xml'
18:29:50.238 [main] DEBUG - Save part 'xl/workbook.xml'
18:29:50.239 [main] DEBUG - Save part 'xl/worksheets/sheet1.xml'
18:29:50.241 [main] DEBUG - Save part 'xl/worksheets/sheet2.xml'
18:29:50.241 [main] DEBUG - Save part 'xl/worksheets/sheet3.xml'
18:29:50.242 [main] DEBUG - Save part 'xl/worksheets/sheet4.xml'
18:29:50.243 [main] DEBUG - Save part 'xl/worksheets/sheet5.xml'
18:29:50.290 [main] DEBUG - Parsing relationship: /xl/_rels/workbook.xml.rels
18:29:50.290 [main] DEBUG - Parsing relationship: /xl/worksheets/_rels/sheet1.xml.rels
18:29:50.292 [main] DEBUG - Parsing relationship: /_rels/.rels
18:29:50.326 [main] DEBUG - Save content types part
18:29:50.328 [main] DEBUG - Save package relationships
18:29:50.329 [main] DEBUG - Save part 'docProps/app.xml'
18:29:50.329 [main] DEBUG - Save part 'docProps/core.xml'
18:29:50.330 [main] DEBUG - Save part 'xl/sharedStrings.xml'
18:29:50.331 [main] DEBUG - Save part 'xl/styles.xml'
18:29:50.331 [main] DEBUG - Save part 'xl/theme/theme1.xml'
18:29:50.331 [main] DEBUG - Save part 'xl/workbook.xml'
18:29:50.334 [main] DEBUG - Save part 'xl/worksheets/sheet1.xml'
18:29:50.336 [main] DEBUG - Save part 'xl/worksheets/sheet2.xml'
18:29:50.336 [main] DEBUG - Save part 'xl/worksheets/sheet3.xml'
18:29:50.336 [main] DEBUG - Save part 'xl/worksheets/sheet4.xml'
18:29:50.337 [main] DEBUG - Save part 'xl/worksheets/sheet5.xml'
18:29:50.343 [main] DEBUG - Parsing relationship: /xl/_rels/workbook.xml.rels
18:29:50.344 [main] DEBUG - Parsing relationship: /xl/worksheets/_rels/sheet1.xml.rels
18:29:50.345 [main] DEBUG - Parsing relationship: /_rels/.rels
18:29:50.378 [main] DEBUG - Save content types part
18:29:50.379 [main] DEBUG - Save package relationships
18:29:50.380 [main] DEBUG - Save part 'docProps/app.xml'
18:29:50.381 [main] DEBUG - Save part 'docProps/core.xml'
18:29:50.382 [main] DEBUG - Save part 'xl/sharedStrings.xml'
18:29:50.383 [main] DEBUG - Save part 'xl/styles.xml'
18:29:50.383 [main] DEBUG - Save part 'xl/theme/theme1.xml'
18:29:50.383 [main] DEBUG - Save part 'xl/workbook.xml'
18:29:50.384 [main] DEBUG - Save part 'xl/worksheets/sheet1.xml'
18:29:50.386 [main] DEBUG - Save part 'xl/worksheets/sheet2.xml'
18:29:50.386 [main] DEBUG - Save part 'xl/worksheets/sheet3.xml'
18:29:50.386 [main] DEBUG - Save part 'xl/worksheets/sheet4.xml'
18:29:50.387 [main] DEBUG - Save part 'xl/worksheets/sheet5.xml'
18:29:50.432 [main] DEBUG - Parsing relationship: /xl/_rels/workbook.xml.rels
18:29:50.434 [main] DEBUG - Parsing relationship: /xl/worksheets/_rels/sheet1.xml.rels
18:29:50.435 [main] DEBUG - Parsing relationship: /_rels/.rels
18:29:50.471 [main] DEBUG - Save content types part
18:29:50.475 [main] DEBUG - Save package relationships
18:29:50.476 [main] DEBUG - Save part 'docProps/app.xml'
18:29:50.477 [main] DEBUG - Save part 'docProps/core.xml'
18:29:50.478 [main] DEBUG - Save part 'xl/sharedStrings.xml'
18:29:50.478 [main] DEBUG - Save part 'xl/styles.xml'
18:29:50.479 [main] DEBUG - Save part 'xl/theme/theme1.xml'
18:29:50.479 [main] DEBUG - Save part 'xl/workbook.xml'
18:29:50.480 [main] DEBUG - Save part 'xl/worksheets/sheet1.xml'
18:29:50.482 [main] DEBUG - Save part 'xl/worksheets/sheet2.xml'
18:29:50.482 [main] DEBUG - Save part 'xl/worksheets/sheet3.xml'
18:29:50.483 [main] DEBUG - Save part 'xl/worksheets/sheet4.xml'
18:29:50.483 [main] DEBUG - Save part 'xl/worksheets/sheet5.xml'
18:29:50.489 [main] DEBUG - Parsing relationship: /xl/_rels/workbook.xml.rels
18:29:50.490 [main] DEBUG - Parsing relationship: /xl/worksheets/_rels/sheet1.xml.rels
18:29:50.491 [main] DEBUG - Parsing relationship: /_rels/.rels
18:29:50.526 [main] DEBUG - Save content types part
18:29:50.528 [main] DEBUG - Save package relationships
18:29:50.530 [main] DEBUG - Save part 'docProps/app.xml'
18:29:50.530 [main] DEBUG - Save part 'docProps/core.xml'
18:29:50.532 [main] DEBUG - Save part 'xl/sharedStrings.xml'
18:29:50.532 [main] DEBUG - Save part 'xl/styles.xml'
18:29:50.533 [main] DEBUG - Save part 'xl/theme/theme1.xml'
18:29:50.533 [main] DEBUG - Save part 'xl/workbook.xml'
18:29:50.535 [main] DEBUG - Save part 'xl/worksheets/sheet1.xml'
18:29:50.538 [main] DEBUG - Save part 'xl/worksheets/sheet2.xml'
18:29:50.539 [main] DEBUG - Save part 'xl/worksheets/sheet3.xml'
18:29:50.539 [main] DEBUG - Save part 'xl/worksheets/sheet4.xml'
18:29:50.539 [main] DEBUG - Save part 'xl/worksheets/sheet5.xml'
18:29:50.587 [main] DEBUG - Parsing relationship: /xl/_rels/workbook.xml.rels
18:29:50.588 [main] DEBUG - Parsing relationship: /xl/worksheets/_rels/sheet1.xml.rels
18:29:50.588 [main] DEBUG - Parsing relationship: /_rels/.rels
18:29:50.628 [main] DEBUG - Save content types part
18:29:50.630 [main] DEBUG - Save package relationships
18:29:50.631 [main] DEBUG - Save part 'docProps/app.xml'
18:29:50.631 [main] DEBUG - Save part 'docProps/core.xml'
18:29:50.634 [main] DEBUG - Save part 'xl/sharedStrings.xml'
18:29:50.634 [main] DEBUG - Save part 'xl/styles.xml'
18:29:50.634 [main] DEBUG - Save part 'xl/theme/theme1.xml'
18:29:50.635 [main] DEBUG - Save part 'xl/workbook.xml'
18:29:50.636 [main] DEBUG - Save part 'xl/worksheets/sheet1.xml'
18:29:50.637 [main] DEBUG - Save part 'xl/worksheets/sheet2.xml'
18:29:50.637 [main] DEBUG - Save part 'xl/worksheets/sheet3.xml'
18:29:50.638 [main] DEBUG - Save part 'xl/worksheets/sheet4.xml'
18:29:50.638 [main] DEBUG - Save part 'xl/worksheets/sheet5.xml'
18:29:50.646 [main] DEBUG - Parsing relationship: /xl/_rels/workbook.xml.rels
18:29:50.647 [main] DEBUG - Parsing relationship: /xl/worksheets/_rels/sheet1.xml.rels
18:29:50.648 [main] DEBUG - Parsing relationship: /_rels/.rels
18:29:50.685 [main] DEBUG - Save content types part
18:29:50.687 [main] DEBUG - Save package relationships
18:29:50.689 [main] DEBUG - Save part 'docProps/app.xml'
18:29:50.689 [main] DEBUG - Save part 'docProps/core.xml'
18:29:50.690 [main] DEBUG - Save part 'xl/sharedStrings.xml'
18:29:50.690 [main] DEBUG - Save part 'xl/styles.xml'
18:29:50.691 [main] DEBUG - Save part 'xl/theme/theme1.xml'
18:29:50.691 [main] DEBUG - Save part 'xl/workbook.xml'
18:29:50.693 [main] DEBUG - Save part 'xl/worksheets/sheet1.xml'
18:29:50.695 [main] DEBUG - Save part 'xl/worksheets/sheet2.xml'
18:29:50.695 [main] DEBUG - Save part 'xl/worksheets/sheet3.xml'
18:29:50.695 [main] DEBUG - Save part 'xl/worksheets/sheet4.xml'
18:29:50.695 [main] DEBUG - Save part 'xl/worksheets/sheet5.xml'
18:29:50.740 [main] DEBUG - Parsing relationship: /xl/_rels/workbook.xml.rels
18:29:50.741 [main] DEBUG - Parsing relationship: /xl/worksheets/_rels/sheet1.xml.rels
18:29:50.741 [main] DEBUG - Parsing relationship: /_rels/.rels
18:29:50.779 [main] DEBUG - Save content types part
18:29:50.781 [main] DEBUG - Save package relationships
18:29:50.783 [main] DEBUG - Save part 'docProps/app.xml'
18:29:50.783 [main] DEBUG - Save part 'docProps/core.xml'
18:29:50.787 [main] DEBUG - Save part 'xl/sharedStrings.xml'
18:29:50.787 [main] DEBUG - Save part 'xl/styles.xml'
18:29:50.787 [main] DEBUG - Save part 'xl/theme/theme1.xml'
18:29:50.788 [main] DEBUG - Save part 'xl/workbook.xml'
18:29:50.789 [main] DEBUG - Save part 'xl/worksheets/sheet1.xml'
18:29:50.791 [main] DEBUG - Save part 'xl/worksheets/sheet2.xml'
18:29:50.791 [main] DEBUG - Save part 'xl/worksheets/sheet3.xml'
18:29:50.791 [main] DEBUG - Save part 'xl/worksheets/sheet4.xml'
18:29:50.791 [main] DEBUG - Save part 'xl/worksheets/sheet5.xml'
18:29:50.799 [main] DEBUG - Parsing relationship: /xl/_rels/workbook.xml.rels
18:29:50.800 [main] DEBUG - Parsing relationship: /xl/worksheets/_rels/sheet1.xml.rels
18:29:50.801 [main] DEBUG - Parsing relationship: /_rels/.rels
18:29:50.843 [main] DEBUG - Save content types part
18:29:50.846 [main] DEBUG - Save package relationships
18:29:50.848 [main] DEBUG - Save part 'docProps/app.xml'
18:29:50.848 [main] DEBUG - Save part 'docProps/core.xml'
18:29:50.850 [main] DEBUG - Save part 'xl/sharedStrings.xml'
18:29:50.851 [main] DEBUG - Save part 'xl/styles.xml'
18:29:50.851 [main] DEBUG - Save part 'xl/theme/theme1.xml'
18:29:50.851 [main] DEBUG - Save part 'xl/workbook.xml'
18:29:50.854 [main] DEBUG - Save part 'xl/worksheets/sheet1.xml'
18:29:50.858 [main] DEBUG - Save part 'xl/worksheets/sheet2.xml'
18:29:50.858 [main] DEBUG - Save part 'xl/worksheets/sheet3.xml'
18:29:50.859 [main] DEBUG - Save part 'xl/worksheets/sheet4.xml'
18:29:50.859 [main] DEBUG - Save part 'xl/worksheets/sheet5.xml'
18:29:50.905 [main] DEBUG - Parsing relationship: /xl/_rels/workbook.xml.rels
18:29:50.906 [main] DEBUG - Parsing relationship: /xl/worksheets/_rels/sheet1.xml.rels
18:29:50.907 [main] DEBUG - Parsing relationship: /_rels/.rels
18:29:50.946 [main] DEBUG - Save content types part
18:29:50.948 [main] DEBUG - Save package relationships
18:29:50.950 [main] DEBUG - Save part 'docProps/app.xml'
18:29:50.970 [main] DEBUG - Save part 'docProps/core.xml'
18:29:50.972 [main] DEBUG - Save part 'xl/sharedStrings.xml'
18:29:50.974 [main] DEBUG - Save part 'xl/styles.xml'
18:29:50.974 [main] DEBUG - Save part 'xl/theme/theme1.xml'
18:29:50.975 [main] DEBUG - Save part 'xl/workbook.xml'
18:29:50.977 [main] DEBUG - Save part 'xl/worksheets/sheet1.xml'
18:29:50.979 [main] DEBUG - Save part 'xl/worksheets/sheet2.xml'
18:29:50.980 [main] DEBUG - Save part 'xl/worksheets/sheet3.xml'
18:29:50.980 [main] DEBUG - Save part 'xl/worksheets/sheet4.xml'
18:29:50.981 [main] DEBUG - Save part 'xl/worksheets/sheet5.xml'
18:29:50.988 [main] DEBUG - Parsing relationship: /xl/_rels/workbook.xml.rels
18:29:50.989 [main] DEBUG - Parsing relationship: /xl/worksheets/_rels/sheet1.xml.rels
18:29:50.990 [main] DEBUG - Parsing relationship: /_rels/.rels
18:29:51.032 [main] DEBUG - Save content types part
18:29:51.034 [main] DEBUG - Save package relationships
18:29:51.036 [main] DEBUG - Save part 'docProps/app.xml'
18:29:51.036 [main] DEBUG - Save part 'docProps/core.xml'
18:29:51.037 [main] DEBUG - Save part 'xl/sharedStrings.xml'
18:29:51.037 [main] DEBUG - Save part 'xl/styles.xml'
18:29:51.038 [main] DEBUG - Save part 'xl/theme/theme1.xml'
18:29:51.038 [main] DEBUG - Save part 'xl/workbook.xml'
18:29:51.039 [main] DEBUG - Save part 'xl/worksheets/sheet1.xml'
18:29:51.040 [main] DEBUG - Save part 'xl/worksheets/sheet2.xml'
18:29:51.041 [main] DEBUG - Save part 'xl/worksheets/sheet3.xml'
18:29:51.041 [main] DEBUG - Save part 'xl/worksheets/sheet4.xml'
18:29:51.041 [main] DEBUG - Save part 'xl/worksheets/sheet5.xml'
18:29:51.090 [main] DEBUG - Parsing relationship: /xl/_rels/workbook.xml.rels
18:29:51.091 [main] DEBUG - Parsing relationship: /xl/worksheets/_rels/sheet1.xml.rels
18:29:51.091 [main] DEBUG - Parsing relationship: /_rels/.rels
18:29:51.126 [main] DEBUG - Save content types part
18:29:51.128 [main] DEBUG - Save package relationships
18:29:51.129 [main] DEBUG - Save part 'docProps/app.xml'
18:29:51.129 [main] DEBUG - Save part 'docProps/core.xml'
18:29:51.131 [main] DEBUG - Save part 'xl/sharedStrings.xml'
18:29:51.131 [main] DEBUG - Save part 'xl/styles.xml'
18:29:51.131 [main] DEBUG - Save part 'xl/theme/theme1.xml'
18:29:51.131 [main] DEBUG - Save part 'xl/workbook.xml'
18:29:51.132 [main] DEBUG - Save part 'xl/worksheets/sheet1.xml'
18:29:51.134 [main] DEBUG - Save part 'xl/worksheets/sheet2.xml'
18:29:51.134 [main] DEBUG - Save part 'xl/worksheets/sheet3.xml'
18:29:51.134 [main] DEBUG - Save part 'xl/worksheets/sheet4.xml'
18:29:51.135 [main] DEBUG - Save part 'xl/worksheets/sheet5.xml'
18:29:51.140 [main] DEBUG - Parsing relationship: /xl/_rels/workbook.xml.rels
18:29:51.141 [main] DEBUG - Parsing relationship: /xl/worksheets/_rels/sheet1.xml.rels
18:29:51.141 [main] DEBUG - Parsing relationship: /_rels/.rels
18:29:51.174 [main] DEBUG - Save content types part
18:29:51.176 [main] DEBUG - Save package relationships
18:29:51.177 [main] DEBUG - Save part 'docProps/app.xml'
18:29:51.178 [main] DEBUG - Save part 'docProps/core.xml'
18:29:51.179 [main] DEBUG - Save part 'xl/sharedStrings.xml'
18:29:51.179 [main] DEBUG - Save part 'xl/styles.xml'
18:29:51.179 [main] DEBUG - Save part 'xl/theme/theme1.xml'
18:29:51.180 [main] DEBUG - Save part 'xl/workbook.xml'
18:29:51.183 [main] DEBUG - Save part 'xl/worksheets/sheet1.xml'
18:29:51.184 [main] DEBUG - Save part 'xl/worksheets/sheet2.xml'
18:29:51.185 [main] DEBUG - Save part 'xl/worksheets/sheet3.xml'
18:29:51.185 [main] DEBUG - Save part 'xl/worksheets/sheet4.xml'
18:29:51.185 [main] DEBUG - Save part 'xl/worksheets/sheet5.xml'
18:29:51.234 [main] DEBUG - Parsing relationship: /xl/_rels/workbook.xml.rels
18:29:51.235 [main] DEBUG - Parsing relationship: /xl/worksheets/_rels/sheet1.xml.rels
18:29:51.236 [main] DEBUG - Parsing relationship: /_rels/.rels
18:29:51.281 [main] DEBUG - Save content types part
18:29:51.284 [main] DEBUG - Save package relationships
18:29:51.285 [main] DEBUG - Save part 'docProps/app.xml'
18:29:51.286 [main] DEBUG - Save part 'docProps/core.xml'
18:29:51.288 [main] DEBUG - Save part 'xl/sharedStrings.xml'
18:29:51.288 [main] DEBUG - Save part 'xl/styles.xml'
18:29:51.288 [main] DEBUG - Save part 'xl/theme/theme1.xml'
18:29:51.289 [main] DEBUG - Save part 'xl/workbook.xml'
18:29:51.291 [main] DEBUG - Save part 'xl/worksheets/sheet1.xml'
18:29:51.293 [main] DEBUG - Save part 'xl/worksheets/sheet2.xml'
18:29:51.294 [main] DEBUG - Save part 'xl/worksheets/sheet3.xml'
18:29:51.295 [main] DEBUG - Save part 'xl/worksheets/sheet4.xml'
18:29:51.295 [main] DEBUG - Save part 'xl/worksheets/sheet5.xml'
18:29:51.302 [main] DEBUG - Parsing relationship: /xl/_rels/workbook.xml.rels
18:29:51.302 [main] DEBUG - Parsing relationship: /xl/worksheets/_rels/sheet1.xml.rels
18:29:51.303 [main] DEBUG - Parsing relationship: /_rels/.rels
18:29:51.338 [main] DEBUG - Save content types part
18:29:51.340 [main] DEBUG - Save package relationships
18:29:51.342 [main] DEBUG - Save part 'docProps/app.xml'
18:29:51.342 [main] DEBUG - Save part 'docProps/core.xml'
18:29:51.344 [main] DEBUG - Save part 'xl/sharedStrings.xml'
18:29:51.344 [main] DEBUG - Save part 'xl/styles.xml'
18:29:51.345 [main] DEBUG - Save part 'xl/theme/theme1.xml'
18:29:51.346 [main] DEBUG - Save part 'xl/workbook.xml'
18:29:51.348 [main] DEBUG - Save part 'xl/worksheets/sheet1.xml'
18:29:51.349 [main] DEBUG - Save part 'xl/worksheets/sheet2.xml'
18:29:51.350 [main] DEBUG - Save part 'xl/worksheets/sheet3.xml'
18:29:51.350 [main] DEBUG - Save part 'xl/worksheets/sheet4.xml'
18:29:51.350 [main] DEBUG - Save part 'xl/worksheets/sheet5.xml'
18:29:51.396 [main] DEBUG - Parsing relationship: /xl/_rels/workbook.xml.rels
18:29:51.397 [main] DEBUG - Parsing relationship: /xl/worksheets/_rels/sheet1.xml.rels
18:29:51.398 [main] DEBUG - Parsing relationship: /_rels/.rels
18:29:51.439 [main] DEBUG - Save content types part
18:29:51.440 [main] DEBUG - Save package relationships
18:29:51.443 [main] DEBUG - Save part 'docProps/app.xml'
18:29:51.444 [main] DEBUG - Save part 'docProps/core.xml'
18:29:51.446 [main] DEBUG - Save part 'xl/sharedStrings.xml'
18:29:51.446 [main] DEBUG - Save part 'xl/styles.xml'
18:29:51.446 [main] DEBUG - Save part 'xl/theme/theme1.xml'
18:29:51.447 [main] DEBUG - Save part 'xl/workbook.xml'
18:29:51.449 [main] DEBUG - Save part 'xl/worksheets/sheet1.xml'
18:29:51.450 [main] DEBUG - Save part 'xl/worksheets/sheet2.xml'
18:29:51.452 [main] DEBUG - Save part 'xl/worksheets/sheet3.xml'
18:29:51.452 [main] DEBUG - Save part 'xl/worksheets/sheet4.xml'
18:29:51.452 [main] DEBUG - Save part 'xl/worksheets/sheet5.xml'
18:29:51.458 [main] DEBUG - Parsing relationship: /xl/_rels/workbook.xml.rels
18:29:51.459 [main] DEBUG - Parsing relationship: /xl/worksheets/_rels/sheet1.xml.rels
18:29:51.460 [main] DEBUG - Parsing relationship: /_rels/.rels
18:29:51.491 [main] DEBUG - Save content types part
18:29:51.494 [main] DEBUG - Save package relationships
18:29:51.496 [main] DEBUG - Save part 'docProps/app.xml'
18:29:51.496 [main] DEBUG - Save part 'docProps/core.xml'
18:29:51.498 [main] DEBUG - Save part 'xl/sharedStrings.xml'
18:29:51.498 [main] DEBUG - Save part 'xl/styles.xml'
18:29:51.498 [main] DEBUG - Save part 'xl/theme/theme1.xml'
18:29:51.499 [main] DEBUG - Save part 'xl/workbook.xml'
18:29:51.501 [main] DEBUG - Save part 'xl/worksheets/sheet1.xml'
18:29:51.503 [main] DEBUG - Save part 'xl/worksheets/sheet2.xml'
18:29:51.503 [main] DEBUG - Save part 'xl/worksheets/sheet3.xml'
18:29:51.504 [main] DEBUG - Save part 'xl/worksheets/sheet4.xml'
18:29:51.504 [main] DEBUG - Save part 'xl/worksheets/sheet5.xml'
18:29:51.551 [main] DEBUG - Parsing relationship: /xl/_rels/workbook.xml.rels
18:29:51.553 [main] DEBUG - Parsing relationship: /xl/worksheets/_rels/sheet1.xml.rels
18:29:51.554 [main] DEBUG - Parsing relationship: /_rels/.rels
18:29:51.601 [main] DEBUG - Save content types part
18:29:51.605 [main] DEBUG - Save package relationships
18:29:51.607 [main] DEBUG - Save part 'docProps/app.xml'
18:29:51.608 [main] DEBUG - Save part 'docProps/core.xml'
18:29:51.610 [main] DEBUG - Save part 'xl/sharedStrings.xml'
18:29:51.611 [main] DEBUG - Save part 'xl/styles.xml'
18:29:51.611 [main] DEBUG - Save part 'xl/theme/theme1.xml'
18:29:51.612 [main] DEBUG - Save part 'xl/workbook.xml'
18:29:51.615 [main] DEBUG - Save part 'xl/worksheets/sheet1.xml'
18:29:51.617 [main] DEBUG - Save part 'xl/worksheets/sheet2.xml'
18:29:51.618 [main] DEBUG - Save part 'xl/worksheets/sheet3.xml'
18:29:51.618 [main] DEBUG - Save part 'xl/worksheets/sheet4.xml'
18:29:51.618 [main] DEBUG - Save part 'xl/worksheets/sheet5.xml'
18:29:51.627 [main] DEBUG - Parsing relationship: /xl/_rels/workbook.xml.rels
18:29:51.628 [main] DEBUG - Parsing relationship: /xl/worksheets/_rels/sheet1.xml.rels
18:29:51.630 [main] DEBUG - Parsing relationship: /_rels/.rels
18:29:51.664 [main] DEBUG - Save content types part
18:29:51.666 [main] DEBUG - Save package relationships
18:29:51.667 [main] DEBUG - Save part 'docProps/app.xml'
18:29:51.668 [main] DEBUG - Save part 'docProps/core.xml'
18:29:51.669 [main] DEBUG - Save part 'xl/sharedStrings.xml'
18:29:51.669 [main] DEBUG - Save part 'xl/styles.xml'
18:29:51.669 [main] DEBUG - Save part 'xl/theme/theme1.xml'
18:29:51.670 [main] DEBUG - Save part 'xl/workbook.xml'
18:29:51.670 [main] DEBUG - Save part 'xl/worksheets/sheet1.xml'
18:29:51.673 [main] DEBUG - Save part 'xl/worksheets/sheet2.xml'
18:29:51.674 [main] DEBUG - Save part 'xl/worksheets/sheet3.xml'
18:29:51.674 [main] DEBUG - Save part 'xl/worksheets/sheet4.xml'
18:29:51.674 [main] DEBUG - Save part 'xl/worksheets/sheet5.xml'
18:29:51.711 [main] DEBUG - Parsing relationship: /xl/_rels/workbook.xml.rels
18:29:51.711 [main] DEBUG - Parsing relationship: /xl/worksheets/_rels/sheet1.xml.rels
18:29:51.712 [main] DEBUG - Parsing relationship: /_rels/.rels
18:29:51.741 [main] DEBUG - Save content types part
18:29:51.743 [main] DEBUG - Save package relationships
18:29:51.745 [main] DEBUG - Save part 'docProps/app.xml'
18:29:51.745 [main] DEBUG - Save part 'docProps/core.xml'
18:29:51.746 [main] DEBUG - Save part 'xl/sharedStrings.xml'
18:29:51.747 [main] DEBUG - Save part 'xl/styles.xml'
18:29:51.747 [main] DEBUG - Save part 'xl/theme/theme1.xml'
18:29:51.747 [main] DEBUG - Save part 'xl/workbook.xml'
18:29:51.748 [main] DEBUG - Save part 'xl/worksheets/sheet1.xml'
18:29:51.751 [main] DEBUG - Save part 'xl/worksheets/sheet2.xml'
18:29:51.751 [main] DEBUG - Save part 'xl/worksheets/sheet3.xml'
18:29:51.751 [main] DEBUG - Save part 'xl/worksheets/sheet4.xml'
