17:24:44.487 [main] DEBUG - Save part 'xl/styles.xml'
17:24:44.501 [main] DEBUG - Save part 'xl/theme/theme1.xml'
17:24:44.502 [main] DEBUG - Save part 'xl/workbook.xml'
17:24:44.504 [main] DEBUG - Save part 'xl/worksheets/sheet1.xml'
17:24:44.505 [main] DEBUG - Save part 'xl/worksheets/sheet2.xml'
17:24:44.505 [main] DEBUG - Save part 'xl/worksheets/sheet3.xml'
17:24:44.506 [main] DEBUG - Save part 'xl/worksheets/sheet4.xml'
17:24:44.506 [main] DEBUG - Save part 'xl/worksheets/sheet5.xml'
17:24:44.550 [main] DEBUG - Parsing relationship: /xl/_rels/workbook.xml.rels
17:24:44.551 [main] DEBUG - Parsing relationship: /xl/worksheets/_rels/sheet1.xml.rels
17:24:44.571 [main] DEBUG - Parsing relationship: /_rels/.rels
17:24:44.614 [main] DEBUG - Save content types part
17:24:44.616 [main] DEBUG - Save package relationships
17:24:44.617 [main] DEBUG - Save part 'docProps/app.xml'
17:24:44.617 [main] DEBUG - Save part 'docProps/core.xml'
17:24:44.619 [main] DEBUG - Save part 'xl/sharedStrings.xml'
17:24:44.620 [main] DEBUG - Save part 'xl/styles.xml'
17:24:44.620 [main] DEBUG - Save part 'xl/theme/theme1.xml'
17:24:44.620 [main] DEBUG - Save part 'xl/workbook.xml'
17:24:44.622 [main] DEBUG - Save part 'xl/worksheets/sheet1.xml'
17:24:44.623 [main] DEBUG - Save part 'xl/worksheets/sheet2.xml'
17:24:44.623 [main] DEBUG - Save part 'xl/worksheets/sheet3.xml'
17:24:44.623 [main] DEBUG - Save part 'xl/worksheets/sheet4.xml'
17:24:44.623 [main] DEBUG - Save part 'xl/worksheets/sheet5.xml'
17:24:44.630 [main] DEBUG - Parsing relationship: /xl/_rels/workbook.xml.rels
17:24:44.632 [main] DEBUG - Parsing relationship: /xl/worksheets/_rels/sheet1.xml.rels
17:24:44.632 [main] DEBUG - Parsing relationship: /_rels/.rels
17:24:44.670 [main] DEBUG - Save content types part
17:24:44.673 [main] DEBUG - Save package relationships
17:24:44.674 [main] DEBUG - Save part 'docProps/app.xml'
17:24:44.675 [main] DEBUG - Save part 'docProps/core.xml'
17:24:44.676 [main] DEBUG - Save part 'xl/sharedStrings.xml'
17:24:44.676 [main] DEBUG - Save part 'xl/styles.xml'
17:24:44.677 [main] DEBUG - Save part 'xl/theme/theme1.xml'
17:24:44.678 [main] DEBUG - Save part 'xl/workbook.xml'
17:24:44.680 [main] DEBUG - Save part 'xl/worksheets/sheet1.xml'
17:24:44.682 [main] DEBUG - Save part 'xl/worksheets/sheet2.xml'
17:24:44.682 [main] DEBUG - Save part 'xl/worksheets/sheet3.xml'
17:24:44.683 [main] DEBUG - Save part 'xl/worksheets/sheet4.xml'
17:24:44.683 [main] DEBUG - Save part 'xl/worksheets/sheet5.xml'
17:24:44.726 [main] DEBUG - Parsing relationship: /xl/_rels/workbook.xml.rels
17:24:44.727 [main] DEBUG - Parsing relationship: /xl/worksheets/_rels/sheet1.xml.rels
17:24:44.727 [main] DEBUG - Parsing relationship: /_rels/.rels
17:24:44.759 [main] DEBUG - Save content types part
17:24:44.761 [main] DEBUG - Save package relationships
17:24:44.762 [main] DEBUG - Save part 'docProps/app.xml'
17:24:44.764 [main] DEBUG - Save part 'docProps/core.xml'
17:24:44.766 [main] DEBUG - Save part 'xl/sharedStrings.xml'
17:24:44.766 [main] DEBUG - Save part 'xl/styles.xml'
17:24:44.766 [main] DEBUG - Save part 'xl/theme/theme1.xml'
17:24:44.767 [main] DEBUG - Save part 'xl/workbook.xml'
17:24:44.769 [main] DEBUG - Save part 'xl/worksheets/sheet1.xml'
17:24:44.771 [main] DEBUG - Save part 'xl/worksheets/sheet2.xml'
17:24:44.772 [main] DEBUG - Save part 'xl/worksheets/sheet3.xml'
17:24:44.772 [main] DEBUG - Save part 'xl/worksheets/sheet4.xml'
17:24:44.772 [main] DEBUG - Save part 'xl/worksheets/sheet5.xml'
17:24:44.780 [main] DEBUG - Parsing relationship: /xl/_rels/workbook.xml.rels
17:24:44.780 [main] DEBUG - Parsing relationship: /xl/worksheets/_rels/sheet1.xml.rels
17:24:44.781 [main] DEBUG - Parsing relationship: /_rels/.rels
17:24:44.818 [main] DEBUG - Save content types part
17:24:44.821 [main] DEBUG - Save package relationships
17:24:44.822 [main] DEBUG - Save part 'docProps/app.xml'
17:24:44.822 [main] DEBUG - Save part 'docProps/core.xml'
17:24:44.823 [main] DEBUG - Save part 'xl/sharedStrings.xml'
17:24:44.823 [main] DEBUG - Save part 'xl/styles.xml'
17:24:44.824 [main] DEBUG - Save part 'xl/theme/theme1.xml'
17:24:44.824 [main] DEBUG - Save part 'xl/workbook.xml'
17:24:44.825 [main] DEBUG - Save part 'xl/worksheets/sheet1.xml'
17:24:44.827 [main] DEBUG - Save part 'xl/worksheets/sheet2.xml'
17:24:44.827 [main] DEBUG - Save part 'xl/worksheets/sheet3.xml'
17:24:44.828 [main] DEBUG - Save part 'xl/worksheets/sheet4.xml'
17:24:44.828 [main] DEBUG - Save part 'xl/worksheets/sheet5.xml'
17:24:44.875 [main] DEBUG - Parsing relationship: /xl/_rels/workbook.xml.rels
17:24:44.876 [main] DEBUG - Parsing relationship: /xl/worksheets/_rels/sheet1.xml.rels
17:24:44.876 [main] DEBUG - Parsing relationship: /_rels/.rels
17:24:44.912 [main] DEBUG - Save content types part
17:24:44.914 [main] DEBUG - Save package relationships
17:24:44.916 [main] DEBUG - Save part 'docProps/app.xml'
17:24:44.916 [main] DEBUG - Save part 'docProps/core.xml'
17:24:44.918 [main] DEBUG - Save part 'xl/sharedStrings.xml'
17:24:44.918 [main] DEBUG - Save part 'xl/styles.xml'
17:24:44.918 [main] DEBUG - Save part 'xl/theme/theme1.xml'
17:24:44.920 [main] DEBUG - Save part 'xl/workbook.xml'
17:24:44.922 [main] DEBUG - Save part 'xl/worksheets/sheet1.xml'
17:24:44.924 [main] DEBUG - Save part 'xl/worksheets/sheet2.xml'
17:24:44.925 [main] DEBUG - Save part 'xl/worksheets/sheet3.xml'
17:24:44.925 [main] DEBUG - Save part 'xl/worksheets/sheet4.xml'
17:24:44.925 [main] DEBUG - Save part 'xl/worksheets/sheet5.xml'
17:24:44.930 [main] DEBUG - Parsing relationship: /xl/_rels/workbook.xml.rels
17:24:44.931 [main] DEBUG - Parsing relationship: /xl/worksheets/_rels/sheet1.xml.rels
17:24:44.932 [main] DEBUG - Parsing relationship: /_rels/.rels
17:24:44.963 [main] DEBUG - Save content types part
17:24:44.965 [main] DEBUG - Save package relationships
17:24:44.966 [main] DEBUG - Save part 'docProps/app.xml'
17:24:44.966 [main] DEBUG - Save part 'docProps/core.xml'
17:24:44.967 [main] DEBUG - Save part 'xl/sharedStrings.xml'
17:24:44.968 [main] DEBUG - Save part 'xl/styles.xml'
17:24:44.968 [main] DEBUG - Save part 'xl/theme/theme1.xml'
17:24:44.968 [main] DEBUG - Save part 'xl/workbook.xml'
17:24:44.971 [main] DEBUG - Save part 'xl/worksheets/sheet1.xml'
17:24:44.973 [main] DEBUG - Save part 'xl/worksheets/sheet2.xml'
17:24:44.974 [main] DEBUG - Save part 'xl/worksheets/sheet3.xml'
17:24:44.974 [main] DEBUG - Save part 'xl/worksheets/sheet4.xml'
17:24:44.974 [main] DEBUG - Save part 'xl/worksheets/sheet5.xml'
17:24:45.015 [main] DEBUG - Parsing relationship: /xl/_rels/workbook.xml.rels
17:24:45.015 [main] DEBUG - Parsing relationship: /xl/worksheets/_rels/sheet1.xml.rels
17:24:45.016 [main] DEBUG - Parsing relationship: /_rels/.rels
17:24:45.047 [main] DEBUG - Save content types part
17:24:45.050 [main] DEBUG - Save package relationships
17:24:45.052 [main] DEBUG - Save part 'docProps/app.xml'
17:24:45.052 [main] DEBUG - Save part 'docProps/core.xml'
17:24:45.054 [main] DEBUG - Save part 'xl/sharedStrings.xml'
17:24:45.054 [main] DEBUG - Save part 'xl/styles.xml'
17:24:45.054 [main] DEBUG - Save part 'xl/theme/theme1.xml'
17:24:45.055 [main] DEBUG - Save part 'xl/workbook.xml'
17:24:45.057 [main] DEBUG - Save part 'xl/worksheets/sheet1.xml'
17:24:45.058 [main] DEBUG - Save part 'xl/worksheets/sheet2.xml'
17:24:45.059 [main] DEBUG - Save part 'xl/worksheets/sheet3.xml'
17:24:45.059 [main] DEBUG - Save part 'xl/worksheets/sheet4.xml'
17:24:45.059 [main] DEBUG - Save part 'xl/worksheets/sheet5.xml'
17:24:45.066 [main] DEBUG - Parsing relationship: /xl/_rels/workbook.xml.rels
17:24:45.067 [main] DEBUG - Parsing relationship: /xl/worksheets/_rels/sheet1.xml.rels
17:24:45.067 [main] DEBUG - Parsing relationship: /_rels/.rels
17:24:45.094 [main] DEBUG - Save content types part
17:24:45.096 [main] DEBUG - Save package relationships
17:24:45.097 [main] DEBUG - Save part 'docProps/app.xml'
17:24:45.097 [main] DEBUG - Save part 'docProps/core.xml'
17:24:45.098 [main] DEBUG - Save part 'xl/sharedStrings.xml'
17:24:45.099 [main] DEBUG - Save part 'xl/styles.xml'
17:24:45.099 [main] DEBUG - Save part 'xl/theme/theme1.xml'
17:24:45.100 [main] DEBUG - Save part 'xl/workbook.xml'
17:24:45.102 [main] DEBUG - Save part 'xl/worksheets/sheet1.xml'
17:24:45.104 [main] DEBUG - Save part 'xl/worksheets/sheet2.xml'
17:24:45.104 [main] DEBUG - Save part 'xl/worksheets/sheet3.xml'
17:24:45.104 [main] DEBUG - Save part 'xl/worksheets/sheet4.xml'
17:24:45.104 [main] DEBUG - Save part 'xl/worksheets/sheet5.xml'
17:24:45.145 [main] DEBUG - Parsing relationship: /xl/_rels/workbook.xml.rels
17:24:45.146 [main] DEBUG - Parsing relationship: /xl/worksheets/_rels/sheet1.xml.rels
17:24:45.147 [main] DEBUG - Parsing relationship: /_rels/.rels
17:24:45.183 [main] DEBUG - Save content types part
17:24:45.185 [main] DEBUG - Save package relationships
17:24:45.187 [main] DEBUG - Save part 'docProps/app.xml'
17:24:45.187 [main] DEBUG - Save part 'docProps/core.xml'
17:24:45.190 [main] DEBUG - Save part 'xl/sharedStrings.xml'
17:24:45.191 [main] DEBUG - Save part 'xl/styles.xml'
17:24:45.191 [main] DEBUG - Save part 'xl/theme/theme1.xml'
17:24:45.192 [main] DEBUG - Save part 'xl/workbook.xml'
17:24:45.194 [main] DEBUG - Save part 'xl/worksheets/sheet1.xml'
17:24:45.196 [main] DEBUG - Save part 'xl/worksheets/sheet2.xml'
17:24:45.196 [main] DEBUG - Save part 'xl/worksheets/sheet3.xml'
17:24:45.196 [main] DEBUG - Save part 'xl/worksheets/sheet4.xml'
17:24:45.197 [main] DEBUG - Save part 'xl/worksheets/sheet5.xml'
17:24:45.206 [main] DEBUG - Parsing relationship: /xl/_rels/workbook.xml.rels
17:24:45.206 [main] DEBUG - Parsing relationship: /xl/worksheets/_rels/sheet1.xml.rels
17:24:45.210 [main] DEBUG - Parsing relationship: /_rels/.rels
17:24:45.257 [main] DEBUG - Save content types part
17:24:45.259 [main] DEBUG - Save package relationships
17:24:45.261 [main] DEBUG - Save part 'docProps/app.xml'
17:24:45.261 [main] DEBUG - Save part 'docProps/core.xml'
17:24:45.263 [main] DEBUG - Save part 'xl/sharedStrings.xml'
17:24:45.264 [main] DEBUG - Save part 'xl/styles.xml'
17:24:45.264 [main] DEBUG - Save part 'xl/theme/theme1.xml'
17:24:45.265 [main] DEBUG - Save part 'xl/workbook.xml'
17:24:45.267 [main] DEBUG - Save part 'xl/worksheets/sheet1.xml'
17:24:45.271 [main] DEBUG - Save part 'xl/worksheets/sheet2.xml'
17:24:45.272 [main] DEBUG - Save part 'xl/worksheets/sheet3.xml'
17:24:45.272 [main] DEBUG - Save part 'xl/worksheets/sheet4.xml'
17:24:45.272 [main] DEBUG - Save part 'xl/worksheets/sheet5.xml'
17:24:45.325 [main] DEBUG - Parsing relationship: /xl/_rels/workbook.xml.rels
17:24:45.326 [main] DEBUG - Parsing relationship: /xl/worksheets/_rels/sheet1.xml.rels
17:24:45.327 [main] DEBUG - Parsing relationship: /_rels/.rels
17:24:45.370 [main] DEBUG - Save content types part
17:24:45.372 [main] DEBUG - Save package relationships
17:24:45.374 [main] DEBUG - Save part 'docProps/app.xml'
17:24:45.374 [main] DEBUG - Save part 'docProps/core.xml'
17:24:45.376 [main] DEBUG - Save part 'xl/sharedStrings.xml'
17:24:45.376 [main] DEBUG - Save part 'xl/styles.xml'
17:24:45.377 [main] DEBUG - Save part 'xl/theme/theme1.xml'
17:24:45.377 [main] DEBUG - Save part 'xl/workbook.xml'
17:24:45.379 [main] DEBUG - Save part 'xl/worksheets/sheet1.xml'
17:24:45.381 [main] DEBUG - Save part 'xl/worksheets/sheet2.xml'
17:24:45.382 [main] DEBUG - Save part 'xl/worksheets/sheet3.xml'
17:24:45.382 [main] DEBUG - Save part 'xl/worksheets/sheet4.xml'
17:24:45.382 [main] DEBUG - Save part 'xl/worksheets/sheet5.xml'
17:24:45.392 [main] DEBUG - Parsing relationship: /xl/_rels/workbook.xml.rels
17:24:45.393 [main] DEBUG - Parsing relationship: /xl/worksheets/_rels/sheet1.xml.rels
17:24:45.394 [main] DEBUG - Parsing relationship: /_rels/.rels
17:24:45.436 [main] DEBUG - Save content types part
17:24:45.438 [main] DEBUG - Save package relationships
17:24:45.439 [main] DEBUG - Save part 'docProps/app.xml'
17:24:45.441 [main] DEBUG - Save part 'docProps/core.xml'
17:24:45.443 [main] DEBUG - Save part 'xl/sharedStrings.xml'
17:24:45.443 [main] DEBUG - Save part 'xl/styles.xml'
17:24:45.444 [main] DEBUG - Save part 'xl/theme/theme1.xml'
17:24:45.444 [main] DEBUG - Save part 'xl/workbook.xml'
17:24:45.446 [main] DEBUG - Save part 'xl/worksheets/sheet1.xml'
17:24:45.448 [main] DEBUG - Save part 'xl/worksheets/sheet2.xml'
17:24:45.448 [main] DEBUG - Save part 'xl/worksheets/sheet3.xml'
17:24:45.449 [main] DEBUG - Save part 'xl/worksheets/sheet4.xml'
17:24:45.449 [main] DEBUG - Save part 'xl/worksheets/sheet5.xml'
17:24:45.497 [main] DEBUG - Parsing relationship: /xl/_rels/workbook.xml.rels
17:24:45.498 [main] DEBUG - Parsing relationship: /xl/worksheets/_rels/sheet1.xml.rels
17:24:45.499 [main] DEBUG - Parsing relationship: /_rels/.rels
17:24:45.527 [main] DEBUG - Save content types part
17:24:45.528 [main] DEBUG - Save package relationships
17:24:45.530 [main] DEBUG - Save part 'docProps/app.xml'
17:24:45.530 [main] DEBUG - Save part 'docProps/core.xml'
17:24:45.532 [main] DEBUG - Save part 'xl/sharedStrings.xml'
17:24:45.532 [main] DEBUG - Save part 'xl/styles.xml'
17:24:45.532 [main] DEBUG - Save part 'xl/theme/theme1.xml'
17:24:45.532 [main] DEBUG - Save part 'xl/workbook.xml'
17:24:45.534 [main] DEBUG - Save part 'xl/worksheets/sheet1.xml'
17:24:45.535 [main] DEBUG - Save part 'xl/worksheets/sheet2.xml'
17:24:45.535 [main] DEBUG - Save part 'xl/worksheets/sheet3.xml'
17:24:45.535 [main] DEBUG - Save part 'xl/worksheets/sheet4.xml'
17:24:45.535 [main] DEBUG - Save part 'xl/worksheets/sheet5.xml'
17:24:45.543 [main] DEBUG - Parsing relationship: /xl/_rels/workbook.xml.rels
17:24:45.543 [main] DEBUG - Parsing relationship: /xl/worksheets/_rels/sheet1.xml.rels
17:24:45.544 [main] DEBUG - Parsing relationship: /_rels/.rels
17:24:45.582 [main] DEBUG - Save content types part
17:24:45.584 [main] DEBUG - Save package relationships
17:24:45.585 [main] DEBUG - Save part 'docProps/app.xml'
17:24:45.585 [main] DEBUG - Save part 'docProps/core.xml'
17:24:45.587 [main] DEBUG - Save part 'xl/sharedStrings.xml'
17:24:45.588 [main] DEBUG - Save part 'xl/styles.xml'
17:24:45.588 [main] DEBUG - Save part 'xl/theme/theme1.xml'
17:24:45.589 [main] DEBUG - Save part 'xl/workbook.xml'
17:24:45.591 [main] DEBUG - Save part 'xl/worksheets/sheet1.xml'
17:24:45.593 [main] DEBUG - Save part 'xl/worksheets/sheet2.xml'
17:24:45.593 [main] DEBUG - Save part 'xl/worksheets/sheet3.xml'
17:24:45.593 [main] DEBUG - Save part 'xl/worksheets/sheet4.xml'
17:24:45.594 [main] DEBUG - Save part 'xl/worksheets/sheet5.xml'
17:24:45.633 [main] DEBUG - Parsing relationship: /xl/_rels/workbook.xml.rels
17:24:45.633 [main] DEBUG - Parsing relationship: /xl/worksheets/_rels/sheet1.xml.rels
17:24:45.634 [main] DEBUG - Parsing relationship: /_rels/.rels
17:24:45.663 [main] DEBUG - Save content types part
17:24:45.664 [main] DEBUG - Save package relationships
17:24:45.665 [main] DEBUG - Save part 'docProps/app.xml'
17:24:45.665 [main] DEBUG - Save part 'docProps/core.xml'
17:24:45.667 [main] DEBUG - Save part 'xl/sharedStrings.xml'
17:24:45.667 [main] DEBUG - Save part 'xl/styles.xml'
17:24:45.668 [main] DEBUG - Save part 'xl/theme/theme1.xml'
17:24:45.668 [main] DEBUG - Save part 'xl/workbook.xml'
17:24:45.670 [main] DEBUG - Save part 'xl/worksheets/sheet1.xml'
17:24:45.671 [main] DEBUG - Save part 'xl/worksheets/sheet2.xml'
17:24:45.671 [main] DEBUG - Save part 'xl/worksheets/sheet3.xml'
17:24:45.672 [main] DEBUG - Save part 'xl/worksheets/sheet4.xml'
17:24:45.672 [main] DEBUG - Save part 'xl/worksheets/sheet5.xml'
17:24:45.678 [main] DEBUG - Parsing relationship: /xl/_rels/workbook.xml.rels
17:24:45.678 [main] DEBUG - Parsing relationship: /xl/worksheets/_rels/sheet1.xml.rels
17:24:45.678 [main] DEBUG - Parsing relationship: /_rels/.rels
17:24:45.711 [main] DEBUG - Save content types part
17:24:45.713 [main] DEBUG - Save package relationships
17:24:45.714 [main] DEBUG - Save part 'docProps/app.xml'
17:24:45.715 [main] DEBUG - Save part 'docProps/core.xml'
17:24:45.717 [main] DEBUG - Save part 'xl/sharedStrings.xml'
17:24:45.717 [main] DEBUG - Save part 'xl/styles.xml'
17:24:45.718 [main] DEBUG - Save part 'xl/theme/theme1.xml'
17:24:45.718 [main] DEBUG - Save part 'xl/workbook.xml'
17:24:45.722 [main] DEBUG - Save part 'xl/worksheets/sheet1.xml'
17:24:45.724 [main] DEBUG - Save part 'xl/worksheets/sheet2.xml'
17:24:45.724 [main] DEBUG - Save part 'xl/worksheets/sheet3.xml'
17:24:45.724 [main] DEBUG - Save part 'xl/worksheets/sheet4.xml'
17:24:45.724 [main] DEBUG - Save part 'xl/worksheets/sheet5.xml'
17:24:45.771 [main] DEBUG - Parsing relationship: /xl/_rels/workbook.xml.rels
17:24:45.772 [main] DEBUG - Parsing relationship: /xl/worksheets/_rels/sheet1.xml.rels
17:24:45.773 [main] DEBUG - Parsing relationship: /_rels/.rels
17:24:45.816 [main] DEBUG - Save content types part
17:24:45.818 [main] DEBUG - Save package relationships
17:24:45.819 [main] DEBUG - Save part 'docProps/app.xml'
17:24:45.819 [main] DEBUG - Save part 'docProps/core.xml'
17:24:45.821 [main] DEBUG - Save part 'xl/sharedStrings.xml'
17:24:45.821 [main] DEBUG - Save part 'xl/styles.xml'
17:24:45.821 [main] DEBUG - Save part 'xl/theme/theme1.xml'
17:24:45.822 [main] DEBUG - Save part 'xl/workbook.xml'
17:24:45.823 [main] DEBUG - Save part 'xl/worksheets/sheet1.xml'
17:24:45.825 [main] DEBUG - Save part 'xl/worksheets/sheet2.xml'
17:24:45.825 [main] DEBUG - Save part 'xl/worksheets/sheet3.xml'
17:24:45.825 [main] DEBUG - Save part 'xl/worksheets/sheet4.xml'
17:24:45.825 [main] DEBUG - Save part 'xl/worksheets/sheet5.xml'
17:24:45.832 [main] DEBUG - Parsing relationship: /xl/_rels/workbook.xml.rels
17:24:45.833 [main] DEBUG - Parsing relationship: /xl/worksheets/_rels/sheet1.xml.rels
17:24:45.834 [main] DEBUG - Parsing relationship: /_rels/.rels
17:24:45.862 [main] DEBUG - Save content types part
17:24:45.864 [main] DEBUG - Save package relationships
17:24:45.866 [main] DEBUG - Save part 'docProps/app.xml'
17:24:45.866 [main] DEBUG - Save part 'docProps/core.xml'
17:24:45.869 [main] DEBUG - Save part 'xl/sharedStrings.xml'
17:24:45.870 [main] DEBUG - Save part 'xl/styles.xml'
17:24:45.870 [main] DEBUG - Save part 'xl/theme/theme1.xml'
17:24:45.870 [main] DEBUG - Save part 'xl/workbook.xml'
17:24:45.872 [main] DEBUG - Save part 'xl/worksheets/sheet1.xml'
17:24:45.874 [main] DEBUG - Save part 'xl/worksheets/sheet2.xml'
17:24:45.875 [main] DEBUG - Save part 'xl/worksheets/sheet3.xml'
17:24:45.875 [main] DEBUG - Save part 'xl/worksheets/sheet4.xml'
17:24:45.876 [main] DEBUG - Save part 'xl/worksheets/sheet5.xml'
17:24:45.911 [main] DEBUG - Parsing relationship: /xl/_rels/workbook.xml.rels
17:24:45.912 [main] DEBUG - Parsing relationship: /xl/worksheets/_rels/sheet1.xml.rels
17:24:45.912 [main] DEBUG - Parsing relationship: /_rels/.rels
17:24:45.936 [main] DEBUG - Save content types part
17:24:45.937 [main] DEBUG - Save package relationships
17:24:45.938 [main] DEBUG - Save part 'docProps/app.xml'
17:24:45.939 [main] DEBUG - Save part 'docProps/core.xml'
17:24:45.940 [main] DEBUG - Save part 'xl/sharedStrings.xml'
17:24:45.940 [main] DEBUG - Save part 'xl/styles.xml'
17:24:45.941 [main] DEBUG - Save part 'xl/theme/theme1.xml'
17:24:45.941 [main] DEBUG - Save part 'xl/workbook.xml'
17:24:45.942 [main] DEBUG - Save part 'xl/worksheets/sheet1.xml'
17:24:45.943 [main] DEBUG - Save part 'xl/worksheets/sheet2.xml'
17:24:45.944 [main] DEBUG - Save part 'xl/worksheets/sheet3.xml'
17:24:45.944 [main] DEBUG - Save part 'xl/worksheets/sheet4.xml'
17:24:45.944 [main] DEBUG - Save part 'xl/worksheets/sheet5.xml'
17:24:45.949 [main] DEBUG - Parsing relationship: /xl/_rels/workbook.xml.rels
17:24:45.951 [main] DEBUG - Parsing relationship: /xl/worksheets/_rels/sheet1.xml.rels
17:24:45.951 [main] DEBUG - Parsing relationship: /_rels/.rels
17:24:45.976 [main] DEBUG - Save content types part
17:24:45.977 [main] DEBUG - Save package relationships
17:24:45.979 [main] DEBUG - Save part 'docProps/app.xml'
17:24:45.979 [main] DEBUG - Save part 'docProps/core.xml'
17:24:45.980 [main] DEBUG - Save part 'xl/sharedStrings.xml'
17:24:45.980 [main] DEBUG - Save part 'xl/styles.xml'
17:24:45.980 [main] DEBUG - Save part 'xl/theme/theme1.xml'
17:24:45.981 [main] DEBUG - Save part 'xl/workbook.xml'
17:24:45.982 [main] DEBUG - Save part 'xl/worksheets/sheet1.xml'
17:24:45.982 [main] DEBUG - Save part 'xl/worksheets/sheet2.xml'
17:24:45.983 [main] DEBUG - Save part 'xl/worksheets/sheet3.xml'
17:24:45.983 [main] DEBUG - Save part 'xl/worksheets/sheet4.xml'
17:24:45.983 [main] DEBUG - Save part 'xl/worksheets/sheet5.xml'
17:24:46.023 [main] DEBUG - Parsing relationship: /xl/_rels/workbook.xml.rels
17:24:46.032 [main] DEBUG - Parsing relationship: /xl/worksheets/_rels/sheet1.xml.rels
17:24:46.032 [main] DEBUG - Parsing relationship: /_rels/.rels
17:24:46.062 [main] DEBUG - Save content types part
17:24:46.064 [main] DEBUG - Save package relationships
17:24:46.066 [main] DEBUG - Save part 'docProps/app.xml'
17:24:46.066 [main] DEBUG - Save part 'docProps/core.xml'
17:24:46.068 [main] DEBUG - Save part 'xl/sharedStrings.xml'
17:24:46.068 [main] DEBUG - Save part 'xl/styles.xml'
17:24:46.069 [main] DEBUG - Save part 'xl/theme/theme1.xml'
17:24:46.069 [main] DEBUG - Save part 'xl/workbook.xml'
17:24:46.070 [main] DEBUG - Save part 'xl/worksheets/sheet1.xml'
17:24:46.072 [main] DEBUG - Save part 'xl/worksheets/sheet2.xml'
17:24:46.073 [main] DEBUG - Save part 'xl/worksheets/sheet3.xml'
17:24:46.073 [main] DEBUG - Save part 'xl/worksheets/sheet4.xml'
17:24:46.073 [main] DEBUG - Save part 'xl/worksheets/sheet5.xml'
17:24:46.079 [main] DEBUG - Parsing relationship: /xl/_rels/workbook.xml.rels
17:24:46.079 [main] DEBUG - Parsing relationship: /xl/worksheets/_rels/sheet1.xml.rels
17:24:46.081 [main] DEBUG - Parsing relationship: /_rels/.rels
17:24:46.110 [main] DEBUG - Save content types part
17:24:46.111 [main] DEBUG - Save package relationships
17:24:46.113 [main] DEBUG - Save part 'docProps/app.xml'
17:24:46.113 [main] DEBUG - Save part 'docProps/core.xml'
17:24:46.115 [main] DEBUG - Save part 'xl/sharedStrings.xml'
17:24:46.115 [main] DEBUG - Save part 'xl/styles.xml'
17:24:46.115 [main] DEBUG - Save part 'xl/theme/theme1.xml'
17:24:46.116 [main] DEBUG - Save part 'xl/workbook.xml'
17:24:46.119 [main] DEBUG - Save part 'xl/worksheets/sheet1.xml'
17:24:46.121 [main] DEBUG - Save part 'xl/worksheets/sheet2.xml'
17:24:46.121 [main] DEBUG - Save part 'xl/worksheets/sheet3.xml'
17:24:46.121 [main] DEBUG - Save part 'xl/worksheets/sheet4.xml'
17:24:46.122 [main] DEBUG - Save part 'xl/worksheets/sheet5.xml'
17:24:46.163 [main] DEBUG - Parsing relationship: /xl/_rels/workbook.xml.rels
17:24:46.164 [main] DEBUG - Parsing relationship: /xl/worksheets/_rels/sheet1.xml.rels
17:24:46.164 [main] DEBUG - Parsing relationship: /_rels/.rels
17:24:46.193 [main] DEBUG - Save content types part
17:24:46.194 [main] DEBUG - Save package relationships
17:24:46.196 [main] DEBUG - Save part 'docProps/app.xml'
17:24:46.196 [main] DEBUG - Save part 'docProps/core.xml'
17:24:46.197 [main] DEBUG - Save part 'xl/sharedStrings.xml'
17:24:46.197 [main] DEBUG - Save part 'xl/styles.xml'
17:24:46.197 [main] DEBUG - Save part 'xl/theme/theme1.xml'
17:24:46.198 [main] DEBUG - Save part 'xl/workbook.xml'
17:24:46.198 [main] DEBUG - Save part 'xl/worksheets/sheet1.xml'
17:24:46.201 [main] DEBUG - Save part 'xl/worksheets/sheet2.xml'
17:24:46.201 [main] DEBUG - Save part 'xl/worksheets/sheet3.xml'
17:24:46.202 [main] DEBUG - Save part 'xl/worksheets/sheet4.xml'
17:24:46.202 [main] DEBUG - Save part 'xl/worksheets/sheet5.xml'
17:24:46.207 [main] DEBUG - Parsing relationship: /xl/_rels/workbook.xml.rels
17:24:46.207 [main] DEBUG - Parsing relationship: /xl/worksheets/_rels/sheet1.xml.rels
17:24:46.208 [main] DEBUG - Parsing relationship: /_rels/.rels
17:24:46.238 [main] DEBUG - Save content types part
17:24:46.241 [main] DEBUG - Save package relationships
17:24:46.243 [main] DEBUG - Save part 'docProps/app.xml'
17:24:46.244 [main] DEBUG - Save part 'docProps/core.xml'
17:24:46.245 [main] DEBUG - Save part 'xl/sharedStrings.xml'
17:24:46.246 [main] DEBUG - Save part 'xl/styles.xml'
17:24:46.246 [main] DEBUG - Save part 'xl/theme/theme1.xml'
17:24:46.247 [main] DEBUG - Save part 'xl/workbook.xml'
17:24:46.249 [main] DEBUG - Save part 'xl/worksheets/sheet1.xml'
17:24:46.251 [main] DEBUG - Save part 'xl/worksheets/sheet2.xml'
17:24:46.251 [main] DEBUG - Save part 'xl/worksheets/sheet3.xml'
17:24:46.251 [main] DEBUG - Save part 'xl/worksheets/sheet4.xml'
17:24:46.252 [main] DEBUG - Save part 'xl/worksheets/sheet5.xml'
17:24:46.253 [main] INFO  - Extracting Languages
17:24:46.426 [main] INFO  - Taking screenshot
17:24:46.543 [main] INFO  - Closing See All section
17:24:46.791 [main] INFO  - Taking screenshot
17:24:46.936 [main] DEBUG - Parsing relationship: /xl/_rels/workbook.xml.rels
17:24:46.937 [main] DEBUG - Parsing relationship: /xl/worksheets/_rels/sheet1.xml.rels
17:24:46.938 [main] DEBUG - Parsing relationship: /_rels/.rels
17:24:46.956 [main] DEBUG - Save content types part
17:24:46.958 [main] DEBUG - Save package relationships
17:24:46.959 [main] DEBUG - Save part 'docProps/app.xml'
17:24:46.959 [main] DEBUG - Save part 'docProps/core.xml'
17:24:46.961 [main] DEBUG - Save part 'xl/sharedStrings.xml'
17:24:46.961 [main] DEBUG - Save part 'xl/styles.xml'
17:24:46.961 [main] DEBUG - Save part 'xl/theme/theme1.xml'
17:24:46.962 [main] DEBUG - Save part 'xl/workbook.xml'
17:24:46.963 [main] DEBUG - Save part 'xl/worksheets/sheet1.xml'
17:24:46.965 [main] DEBUG - Save part 'xl/worksheets/sheet2.xml'
17:24:46.965 [main] DEBUG - Save part 'xl/worksheets/sheet3.xml'
17:24:46.965 [main] DEBUG - Save part 'xl/worksheets/sheet4.xml'
17:24:46.965 [main] DEBUG - Save part 'xl/worksheets/sheet5.xml'
17:24:46.971 [main] DEBUG - Parsing relationship: /xl/_rels/workbook.xml.rels
17:24:46.972 [main] DEBUG - Parsing relationship: /xl/worksheets/_rels/sheet1.xml.rels
17:24:46.973 [main] DEBUG - Parsing relationship: /_rels/.rels
17:24:46.997 [main] DEBUG - Save content types part
17:24:46.998 [main] DEBUG - Save package relationships
17:24:47.000 [main] DEBUG - Save part 'docProps/app.xml'
17:24:47.000 [main] DEBUG - Save part 'docProps/core.xml'
17:24:47.001 [main] DEBUG - Save part 'xl/sharedStrings.xml'
17:24:47.001 [main] DEBUG - Save part 'xl/styles.xml'
17:24:47.001 [main] DEBUG - Save part 'xl/theme/theme1.xml'
17:24:47.002 [main] DEBUG - Save part 'xl/workbook.xml'
17:24:47.003 [main] DEBUG - Save part 'xl/worksheets/sheet1.xml'
17:24:47.003 [main] DEBUG - Save part 'xl/worksheets/sheet2.xml'
17:24:47.004 [main] DEBUG - Save part 'xl/worksheets/sheet3.xml'
17:24:47.004 [main] DEBUG - Save part 'xl/worksheets/sheet4.xml'
17:24:47.004 [main] DEBUG - Save part 'xl/worksheets/sheet5.xml'
17:24:47.010 [main] DEBUG - Parsing relationship: /xl/_rels/workbook.xml.rels
17:24:47.011 [main] DEBUG - Parsing relationship: /xl/worksheets/_rels/sheet1.xml.rels
17:24:47.012 [main] DEBUG - Parsing relationship: /_rels/.rels
17:24:47.034 [main] DEBUG - Save content types part
17:24:47.036 [main] DEBUG - Save package relationships
17:24:47.038 [main] DEBUG - Save part 'docProps/app.xml'
17:24:47.038 [main] DEBUG - Save part 'docProps/core.xml'
17:24:47.040 [main] DEBUG - Save part 'xl/sharedStrings.xml'
17:24:47.041 [main] DEBUG - Save part 'xl/styles.xml'
17:24:47.041 [main] DEBUG - Save part 'xl/theme/theme1.xml'
17:24:47.042 [main] DEBUG - Save part 'xl/workbook.xml'
17:24:47.043 [main] DEBUG - Save part 'xl/worksheets/sheet1.xml'
17:24:47.045 [main] DEBUG - Save part 'xl/worksheets/sheet2.xml'
17:24:47.045 [main] DEBUG - Save part 'xl/worksheets/sheet3.xml'
17:24:47.046 [main] DEBUG - Save part 'xl/worksheets/sheet4.xml'
17:24:47.046 [main] DEBUG - Save part 'xl/worksheets/sheet5.xml'
17:24:47.052 [main] DEBUG - Parsing relationship: /xl/_rels/workbook.xml.rels
17:24:47.052 [main] DEBUG - Parsing relationship: /xl/worksheets/_rels/sheet1.xml.rels
17:24:47.053 [main] DEBUG - Parsing relationship: /_rels/.rels
17:24:47.083 [main] DEBUG - Save content types part
17:24:47.085 [main] DEBUG - Save package relationships
17:24:47.086 [main] DEBUG - Save part 'docProps/app.xml'
17:24:47.086 [main] DEBUG - Save part 'docProps/core.xml'
17:24:47.089 [main] DEBUG - Save part 'xl/sharedStrings.xml'
17:24:47.090 [main] DEBUG - Save part 'xl/styles.xml'
17:24:47.090 [main] DEBUG - Save part 'xl/theme/theme1.xml'
17:24:47.090 [main] DEBUG - Save part 'xl/workbook.xml'
17:24:47.092 [main] DEBUG - Save part 'xl/worksheets/sheet1.xml'
17:24:47.094 [main] DEBUG - Save part 'xl/worksheets/sheet2.xml'
17:24:47.094 [main] DEBUG - Save part 'xl/worksheets/sheet3.xml'
17:24:47.095 [main] DEBUG - Save part 'xl/worksheets/sheet4.xml'
17:24:47.095 [main] DEBUG - Save part 'xl/worksheets/sheet5.xml'
17:24:47.100 [main] DEBUG - Parsing relationship: /xl/_rels/workbook.xml.rels
17:24:47.101 [main] DEBUG - Parsing relationship: /xl/worksheets/_rels/sheet1.xml.rels
17:24:47.101 [main] DEBUG - Parsing relationship: /_rels/.rels
17:24:47.126 [main] DEBUG - Save content types part
17:24:47.127 [main] DEBUG - Save package relationships
17:24:47.128 [main] DEBUG - Save part 'docProps/app.xml'
17:24:47.128 [main] DEBUG - Save part 'docProps/core.xml'
17:24:47.130 [main] DEBUG - Save part 'xl/sharedStrings.xml'
17:24:47.130 [main] DEBUG - Save part 'xl/styles.xml'
17:24:47.130 [main] DEBUG - Save part 'xl/theme/theme1.xml'
17:24:47.131 [main] DEBUG - Save part 'xl/workbook.xml'
17:24:47.132 [main] DEBUG - Save part 'xl/worksheets/sheet1.xml'
17:24:47.133 [main] DEBUG - Save part 'xl/worksheets/sheet2.xml'
17:24:47.133 [main] DEBUG - Save part 'xl/worksheets/sheet3.xml'
17:24:47.133 [main] DEBUG - Save part 'xl/worksheets/sheet4.xml'
17:24:47.134 [main] DEBUG - Save part 'xl/worksheets/sheet5.xml'
17:24:47.138 [main] DEBUG - Parsing relationship: /xl/_rels/workbook.xml.rels
17:24:47.139 [main] DEBUG - Parsing relationship: /xl/worksheets/_rels/sheet1.xml.rels
17:24:47.139 [main] DEBUG - Parsing relationship: /_rels/.rels
17:24:47.159 [main] DEBUG - Save content types part
17:24:47.160 [main] DEBUG - Save package relationships
17:24:47.160 [main] DEBUG - Save part 'docProps/app.xml'
17:24:47.160 [main] DEBUG - Save part 'docProps/core.xml'
17:24:47.161 [main] DEBUG - Save part 'xl/sharedStrings.xml'
17:24:47.161 [main] DEBUG - Save part 'xl/styles.xml'
17:24:47.162 [main] DEBUG - Save part 'xl/theme/theme1.xml'
17:24:47.162 [main] DEBUG - Save part 'xl/workbook.xml'
17:24:47.163 [main] DEBUG - Save part 'xl/worksheets/sheet1.xml'
17:24:47.164 [main] DEBUG - Save part 'xl/worksheets/sheet2.xml'
17:24:47.164 [main] DEBUG - Save part 'xl/worksheets/sheet3.xml'
17:24:47.164 [main] DEBUG - Save part 'xl/worksheets/sheet4.xml'
17:24:47.164 [main] DEBUG - Save part 'xl/worksheets/sheet5.xml'
17:24:47.171 [main] DEBUG - Parsing relationship: /xl/_rels/workbook.xml.rels
17:24:47.171 [main] DEBUG - Parsing relationship: /xl/worksheets/_rels/sheet1.xml.rels
17:24:47.172 [main] DEBUG - Parsing relationship: /_rels/.rels
17:24:47.202 [main] DEBUG - Save content types part
17:24:47.203 [main] DEBUG - Save package relationships
17:24:47.204 [main] DEBUG - Save part 'docProps/app.xml'
17:24:47.204 [main] DEBUG - Save part 'docProps/core.xml'
17:24:47.205 [main] DEBUG - Save part 'xl/sharedStrings.xml'
17:24:47.206 [main] DEBUG - Save part 'xl/styles.xml'
17:24:47.206 [main] DEBUG - Save part 'xl/theme/theme1.xml'
17:24:47.206 [main] DEBUG - Save part 'xl/workbook.xml'
17:24:47.208 [main] DEBUG - Save part 'xl/worksheets/sheet1.xml'
17:24:47.208 [main] DEBUG - Save part 'xl/worksheets/sheet2.xml'
17:24:47.210 [main] DEBUG - Save part 'xl/worksheets/sheet3.xml'
17:24:47.210 [main] DEBUG - Save part 'xl/worksheets/sheet4.xml'
17:24:47.210 [main] DEBUG - Save part 'xl/worksheets/sheet5.xml'
17:24:47.215 [main] DEBUG - Parsing relationship: /xl/_rels/workbook.xml.rels
17:24:47.216 [main] DEBUG - Parsing relationship: /xl/worksheets/_rels/sheet1.xml.rels
17:24:47.216 [main] DEBUG - Parsing relationship: /_rels/.rels
17:24:47.248 [main] DEBUG - Save content types part
17:24:47.248 [main] DEBUG - Save package relationships
17:24:47.250 [main] DEBUG - Save part 'docProps/app.xml'
17:24:47.250 [main] DEBUG - Save part 'docProps/core.xml'
17:24:47.251 [main] DEBUG - Save part 'xl/sharedStrings.xml'
17:24:47.251 [main] DEBUG - Save part 'xl/styles.xml'
17:24:47.251 [main] DEBUG - Save part 'xl/theme/theme1.xml'
17:24:47.251 [main] DEBUG - Save part 'xl/workbook.xml'
17:24:47.253 [main] DEBUG - Save part 'xl/worksheets/sheet1.xml'
17:24:47.254 [main] DEBUG - Save part 'xl/worksheets/sheet2.xml'
17:24:47.254 [main] DEBUG - Save part 'xl/worksheets/sheet3.xml'
17:24:47.254 [main] DEBUG - Save part 'xl/worksheets/sheet4.xml'
17:24:47.254 [main] DEBUG - Save part 'xl/worksheets/sheet5.xml'
17:24:47.255 [main] INFO  - Extracting Difficulty levels
17:24:47.511 [main] INFO  - Taking screenshot
17:24:47.512 [main] INFO  - Clicking Home Button
17:25:28.250 [main] INFO  - Taking screenshot
17:26:08.674 [main] INFO  - Taking screenshot
17:26:08.943 [main] INFO  - Taking screenshot
17:26:12.803 [main] INFO  - Taking screenshot
17:26:13.216 [main] INFO  - Taking screenshot
17:26:13.275 [main] DEBUG - Parsing relationship: /xl/_rels/workbook.xml.rels
17:26:13.275 [main] DEBUG - Parsing relationship: /xl/worksheets/_rels/sheet1.xml.rels
17:26:13.276 [main] DEBUG - Parsing relationship: /_rels/.rels
17:26:13.305 [main] DEBUG - Save content types part
17:26:13.307 [main] DEBUG - Save package relationships
17:26:13.310 [main] DEBUG - Save part 'docProps/app.xml'
17:26:13.310 [main] DEBUG - Save part 'docProps/core.xml'
17:26:13.312 [main] DEBUG - Save part 'xl/sharedStrings.xml'
17:26:13.312 [main] DEBUG - Save part 'xl/styles.xml'
17:26:13.312 [main] DEBUG - Save part 'xl/theme/theme1.xml'
17:26:13.313 [main] DEBUG - Save part 'xl/workbook.xml'
17:26:13.315 [main] DEBUG - Save part 'xl/worksheets/sheet1.xml'
17:26:13.316 [main] DEBUG - Save part 'xl/worksheets/sheet2.xml'
17:26:13.316 [main] DEBUG - Save part 'xl/worksheets/sheet3.xml'
17:26:13.316 [main] DEBUG - Save part 'xl/worksheets/sheet4.xml'
17:26:13.316 [main] DEBUG - Save part 'xl/worksheets/sheet5.xml'
17:26:13.365 [main] DEBUG - Parsing relationship: /xl/_rels/workbook.xml.rels
17:26:13.366 [main] DEBUG - Parsing relationship: /xl/worksheets/_rels/sheet1.xml.rels
17:26:13.366 [main] DEBUG - Parsing relationship: /_rels/.rels
17:26:13.397 [main] DEBUG - Save content types part
17:26:13.398 [main] DEBUG - Save package relationships
17:26:13.400 [main] DEBUG - Save part 'docProps/app.xml'
17:26:13.400 [main] DEBUG - Save part 'docProps/core.xml'
17:26:13.402 [main] DEBUG - Save part 'xl/sharedStrings.xml'
17:26:13.403 [main] DEBUG - Save part 'xl/styles.xml'
17:26:13.403 [main] DEBUG - Save part 'xl/theme/theme1.xml'
17:26:13.403 [main] DEBUG - Save part 'xl/workbook.xml'
17:26:13.404 [main] DEBUG - Save part 'xl/worksheets/sheet1.xml'
17:26:13.405 [main] DEBUG - Save part 'xl/worksheets/sheet2.xml'
17:26:13.406 [main] DEBUG - Save part 'xl/worksheets/sheet3.xml'
17:26:13.406 [main] DEBUG - Save part 'xl/worksheets/sheet4.xml'
17:26:13.406 [main] DEBUG - Save part 'xl/worksheets/sheet5.xml'
17:26:13.584 [main] INFO  - Taking screenshot
17:26:13.585 [main] INFO  - Quitting the website
