05:04:52.433 [main] INFO  - Website is opened
05:04:57.796 [main] INFO  - Clicking search button
05:05:01.450 [main] INFO  - Clicking English checkbox
05:05:03.848 [main] INFO  - Clicking English check box
05:05:03.852 [main] INFO  - Clicking Beginner checkbox
05:05:08.377 [main] INFO  - Scrolling and clicking beginner box
05:05:14.490 [main] INFO  - Clicking First Course
05:05:14.992 [main] INFO  - Getting First course window handle
05:05:14.992 [main] INFO  - Getting the first first course details
05:05:15.361 [main] DEBUG - Parsing relationship: /xl/_rels/workbook.xml.rels
05:05:15.365 [main] DEBUG - Parsing relationship: /xl/worksheets/_rels/sheet1.xml.rels
05:05:15.369 [main] DEBUG - Parsing relationship: /_rels/.rels
05:05:15.596 [main] TRACE - Loading type system org.apache.poi.schemas.ooxml.system.ooxml
05:05:15.599 [main] TRACE - Loading type system org.apache.xmlbeans.metadata.system.sXMLCONFIG
05:05:15.599 [main] TRACE - Loading type system org.apache.xmlbeans.metadata.system.sXMLLANG
05:05:15.600 [main] TRACE - Loading type system org.apache.xmlbeans.metadata.system.sXMLSCHEMA
05:05:15.601 [main] TRACE - Loading type system org.apache.xmlbeans.metadata.system.sXMLTOOLS
05:05:15.602 [main] TRACE - Reading unresolved handles for type system org.apache.xmlbeans.metadata.system.sXMLTOOLS
05:05:15.615 [main] TRACE - Finished loading type system org.apache.xmlbeans.metadata.system.sXMLTOOLS
05:05:15.617 [main] TRACE - Reading unresolved handles for type system org.apache.xmlbeans.metadata.system.sXMLSCHEMA
05:05:15.621 [main] TRACE - Finished loading type system org.apache.xmlbeans.metadata.system.sXMLSCHEMA
05:05:15.623 [main] TRACE - Reading unresolved handles for type system org.apache.xmlbeans.metadata.system.sXMLLANG
05:05:15.624 [main] TRACE - Finished loading type system org.apache.xmlbeans.metadata.system.sXMLLANG
05:05:15.625 [main] TRACE - Reading unresolved handles for type system org.apache.xmlbeans.metadata.system.sXMLCONFIG
05:05:15.626 [main] TRACE - Finished loading type system org.apache.xmlbeans.metadata.system.sXMLCONFIG
05:05:15.627 [main] TRACE - Reading unresolved handles for type system org.apache.poi.schemas.ooxml.system.ooxml
05:05:15.699 [main] TRACE - Finished loading type system org.apache.poi.schemas.ooxml.system.ooxml
05:05:15.700 [main] TRACE - Resolving type for handle themefd26doctype
05:05:15.817 [main] TRACE - Resolving type for handle stylesheet5d8bdoctype
05:05:15.831 [main] TRACE - Resolving type for handle ctstylesheet4257type
05:05:15.843 [main] TRACE - Resolving type for handle ctnumfmtsb58btype
05:05:15.851 [main] TRACE - Resolving type for handle ctnumfmt3870type
05:05:15.859 [main] TRACE - Resolving type for handle stnumfmtid76fbtype
05:05:15.874 [main] TRACE - Resolving type for handle stxstringf179type
05:05:15.878 [main] TRACE - Resolving type for handle ctfonts6623type
05:05:15.885 [main] TRACE - Resolving type for handle ctfont14d8type
05:05:15.896 [main] TRACE - Resolving type for handle ctfills2c6ftype
05:05:15.900 [main] TRACE - Resolving type for handle ctfill550ctype
05:05:15.905 [main] TRACE - Resolving type for handle ctborders0d66type
05:05:15.910 [main] TRACE - Resolving type for handle ctborderf935type
05:05:15.918 [main] TRACE - Resolving type for handle ctcellxfs1322type
05:05:15.926 [main] TRACE - Resolving type for handle ctxf97f7type
05:05:15.932 [main] TRACE - Resolving type for handle ctcellstylexfsa81ftype
05:05:15.939 [main] TRACE - Resolving type for handle ctdxfsb26atype
05:05:15.946 [main] TRACE - Resolving type for handle cttablestyles872ftype
05:05:15.955 [main] TRACE - Resolving type for handle sstf81fdoctype
05:05:15.964 [main] TRACE - Resolving type for handle ctsst44f3type
05:05:15.975 [main] TRACE - Resolving type for handle ctrsta472type
05:05:16.087 [main] TRACE - Resolving type for handle workbookec17doctype
05:05:16.098 [main] TRACE - Resolving type for handle ctworkbook83c3type
05:05:16.110 [main] TRACE - Resolving type for handle ctsheets49fdtype
05:05:16.120 [main] TRACE - Resolving type for handle ctsheet4dbetype
05:05:16.131 [main] TRACE - Resolving type for handle strelationshipid1e94type
05:05:16.142 [main] TRACE - Resolving type for handle worksheetf539doctype
05:05:16.160 [main] TRACE - Resolving type for handle ctworksheet530dtype
05:05:16.190 [main] TRACE - Resolving type for handle ctcols627ctype
05:05:16.210 [main] TRACE - Resolving type for handle ctcola95ftype
05:05:16.267 [main] TRACE - Resolving type for handle ctsheetdata8408type
05:05:16.279 [main] TRACE - Resolving type for handle ctrowdd39type
05:05:16.301 [main] TRACE - Resolving type for handle ctcell842btype
05:05:16.329 [main] TRACE - Resolving type for handle stcellrefe4e0type
05:05:16.346 [main] TRACE - Resolving type for handle cthyperlinks6416type
05:05:16.359 [main] TRACE - Resolving type for handle cthyperlink0c85type
05:05:16.444 [main] TRACE - Resolving type for handle stcelltypebf95type
05:05:16.475 [main] TRACE - Resolving type for handle stcellstylexfid70c7type
05:05:16.484 [main] TRACE - Resolving type for handle ctsheetdimensiond310type
05:05:16.489 [main] TRACE - Resolving type for handle stref90a2type
05:05:16.542 [main] TRACE - Resolving type for handle propertiesee84doctype
05:05:16.547 [main] TRACE - Resolving type for handle ctproperties3f10type
05:05:16.567 [main] TRACE - Resolving type for handle properties288cdoctype
05:05:16.570 [main] TRACE - Resolving type for handle ctproperties2c18type
05:05:16.602 [main] DEBUG - Save content types part
05:05:16.743 [main] DEBUG - Save package relationships
05:05:16.750 [main] DEBUG - Save part 'docProps/app.xml'
05:05:16.751 [main] DEBUG - Save part 'docProps/core.xml'
05:05:16.757 [main] DEBUG - Save part 'xl/sharedStrings.xml'
05:05:16.758 [main] DEBUG - Save part 'xl/styles.xml'
05:05:16.759 [main] DEBUG - Save part 'xl/theme/theme1.xml'
05:05:16.760 [main] DEBUG - Save part 'xl/workbook.xml'
05:05:16.762 [main] DEBUG - Save part 'xl/worksheets/sheet1.xml'
05:05:16.766 [main] DEBUG - Save part 'xl/worksheets/sheet2.xml'
05:05:16.766 [main] DEBUG - Save part 'xl/worksheets/sheet3.xml'
05:05:16.767 [main] DEBUG - Save part 'xl/worksheets/sheet4.xml'
05:05:16.767 [main] DEBUG - Save part 'xl/worksheets/sheet5.xml'
05:05:16.787 [main] DEBUG - Parsing relationship: /xl/_rels/workbook.xml.rels
05:05:16.789 [main] DEBUG - Parsing relationship: /xl/worksheets/_rels/sheet1.xml.rels
05:05:16.791 [main] DEBUG - Parsing relationship: /_rels/.rels
05:05:16.911 [main] DEBUG - Save content types part
05:05:16.917 [main] DEBUG - Save package relationships
05:05:16.925 [main] DEBUG - Save part 'docProps/app.xml'
05:05:16.925 [main] DEBUG - Save part 'docProps/core.xml'
05:05:16.929 [main] DEBUG - Save part 'xl/sharedStrings.xml'
05:05:16.930 [main] DEBUG - Save part 'xl/styles.xml'
05:05:16.930 [main] DEBUG - Save part 'xl/theme/theme1.xml'
05:05:16.932 [main] DEBUG - Save part 'xl/workbook.xml'
05:05:16.940 [main] DEBUG - Save part 'xl/worksheets/sheet1.xml'
05:05:16.946 [main] DEBUG - Save part 'xl/worksheets/sheet2.xml'
05:05:16.947 [main] DEBUG - Save part 'xl/worksheets/sheet3.xml'
05:05:16.948 [main] DEBUG - Save part 'xl/worksheets/sheet4.xml'
05:05:16.949 [main] DEBUG - Save part 'xl/worksheets/sheet5.xml'
05:05:16.983 [main] DEBUG - Parsing relationship: /xl/_rels/workbook.xml.rels
05:05:16.988 [main] DEBUG - Parsing relationship: /xl/worksheets/_rels/sheet1.xml.rels
05:05:16.991 [main] DEBUG - Parsing relationship: /_rels/.rels
05:05:17.129 [main] DEBUG - Save content types part
05:05:17.133 [main] DEBUG - Save package relationships
05:05:17.136 [main] DEBUG - Save part 'docProps/app.xml'
05:05:17.137 [main] DEBUG - Save part 'docProps/core.xml'
05:05:17.142 [main] DEBUG - Save part 'xl/sharedStrings.xml'
05:05:17.144 [main] DEBUG - Save part 'xl/styles.xml'
05:05:17.145 [main] DEBUG - Save part 'xl/theme/theme1.xml'
05:05:17.146 [main] DEBUG - Save part 'xl/workbook.xml'
05:05:17.150 [main] DEBUG - Save part 'xl/worksheets/sheet1.xml'
05:05:17.154 [main] DEBUG - Save part 'xl/worksheets/sheet2.xml'
05:05:17.155 [main] DEBUG - Save part 'xl/worksheets/sheet3.xml'
05:05:17.156 [main] DEBUG - Save part 'xl/worksheets/sheet4.xml'
05:05:17.157 [main] DEBUG - Save part 'xl/worksheets/sheet5.xml'
05:05:23.348 [main] INFO  - Clicking Second Course
05:05:23.351 [main] INFO  - Getting window handles
05:05:23.602 [main] INFO  - Checking Second Course Title
05:05:25.166 [main] INFO  - Extracting Second course details
05:05:45.455 [main] DEBUG - Parsing relationship: /xl/_rels/workbook.xml.rels
05:05:45.456 [main] DEBUG - Parsing relationship: /xl/worksheets/_rels/sheet1.xml.rels
05:05:45.457 [main] DEBUG - Parsing relationship: /_rels/.rels
05:05:45.522 [main] DEBUG - Save content types part
05:05:45.525 [main] DEBUG - Save package relationships
05:05:45.526 [main] DEBUG - Save part 'docProps/app.xml'
05:05:45.527 [main] DEBUG - Save part 'docProps/core.xml'
05:05:45.529 [main] DEBUG - Save part 'xl/sharedStrings.xml'
05:05:45.529 [main] DEBUG - Save part 'xl/styles.xml'
05:05:45.530 [main] DEBUG - Save part 'xl/theme/theme1.xml'
05:05:45.530 [main] DEBUG - Save part 'xl/workbook.xml'
05:05:45.532 [main] DEBUG - Save part 'xl/worksheets/sheet1.xml'
05:05:45.533 [main] DEBUG - Save part 'xl/worksheets/sheet2.xml'
05:05:45.534 [main] DEBUG - Save part 'xl/worksheets/sheet3.xml'
05:05:45.534 [main] DEBUG - Save part 'xl/worksheets/sheet4.xml'
05:05:45.534 [main] DEBUG - Save part 'xl/worksheets/sheet5.xml'
05:05:45.541 [main] DEBUG - Parsing relationship: /xl/_rels/workbook.xml.rels
05:05:45.542 [main] DEBUG - Parsing relationship: /xl/worksheets/_rels/sheet1.xml.rels
05:05:45.543 [main] DEBUG - Parsing relationship: /_rels/.rels
05:05:45.585 [main] DEBUG - Save content types part
05:05:45.586 [main] DEBUG - Save package relationships
05:05:45.589 [main] DEBUG - Save part 'docProps/app.xml'
05:05:45.590 [main] DEBUG - Save part 'docProps/core.xml'
05:05:45.592 [main] DEBUG - Save part 'xl/sharedStrings.xml'
05:05:45.593 [main] DEBUG - Save part 'xl/styles.xml'
05:05:45.593 [main] DEBUG - Save part 'xl/theme/theme1.xml'
05:05:45.594 [main] DEBUG - Save part 'xl/workbook.xml'
05:05:45.595 [main] DEBUG - Save part 'xl/worksheets/sheet1.xml'
05:05:45.597 [main] DEBUG - Save part 'xl/worksheets/sheet2.xml'
05:05:45.597 [main] DEBUG - Save part 'xl/worksheets/sheet3.xml'
05:05:45.598 [main] DEBUG - Save part 'xl/worksheets/sheet4.xml'
05:05:45.598 [main] DEBUG - Save part 'xl/worksheets/sheet5.xml'
05:05:45.606 [main] DEBUG - Parsing relationship: /xl/_rels/workbook.xml.rels
05:05:45.607 [main] DEBUG - Parsing relationship: /xl/worksheets/_rels/sheet1.xml.rels
05:05:45.608 [main] DEBUG - Parsing relationship: /_rels/.rels
05:05:45.651 [main] DEBUG - Save content types part
05:05:45.655 [main] DEBUG - Save package relationships
05:05:45.656 [main] DEBUG - Save part 'docProps/app.xml'
05:05:45.657 [main] DEBUG - Save part 'docProps/core.xml'
05:05:45.659 [main] DEBUG - Save part 'xl/sharedStrings.xml'
05:05:45.660 [main] DEBUG - Save part 'xl/styles.xml'
05:05:45.660 [main] DEBUG - Save part 'xl/theme/theme1.xml'
05:05:45.661 [main] DEBUG - Save part 'xl/workbook.xml'
05:05:45.663 [main] DEBUG - Save part 'xl/worksheets/sheet1.xml'
05:05:45.665 [main] DEBUG - Save part 'xl/worksheets/sheet2.xml'
05:05:45.667 [main] DEBUG - Save part 'xl/worksheets/sheet3.xml'
05:05:45.668 [main] DEBUG - Save part 'xl/worksheets/sheet4.xml'
05:05:45.668 [main] DEBUG - Save part 'xl/worksheets/sheet5.xml'
05:05:47.743 [main] INFO  - Returning to Parent Window
05:05:47.796 [main] INFO  - Clearing search box
05:05:48.008 [main] INFO  - Searching values
05:05:48.010 [main] INFO  - Clicking search button
05:05:48.475 [main] INFO  - Clicking See All link
05:05:49.038 [main] DEBUG - Parsing relationship: /xl/_rels/workbook.xml.rels
05:05:49.040 [main] DEBUG - Parsing relationship: /xl/worksheets/_rels/sheet1.xml.rels
05:05:49.042 [main] DEBUG - Parsing relationship: /_rels/.rels
05:05:49.175 [main] DEBUG - Save content types part
05:05:49.178 [main] DEBUG - Save package relationships
05:05:49.181 [main] DEBUG - Save part 'docProps/app.xml'
05:05:49.183 [main] DEBUG - Save part 'docProps/core.xml'
05:05:49.187 [main] DEBUG - Save part 'xl/sharedStrings.xml'
05:05:49.188 [main] DEBUG - Save part 'xl/styles.xml'
05:05:49.189 [main] DEBUG - Save part 'xl/theme/theme1.xml'
05:05:49.190 [main] DEBUG - Save part 'xl/workbook.xml'
05:05:49.196 [main] DEBUG - Save part 'xl/worksheets/sheet1.xml'
05:05:49.203 [main] DEBUG - Save part 'xl/worksheets/sheet2.xml'
05:05:49.204 [main] DEBUG - Save part 'xl/worksheets/sheet3.xml'
05:05:49.205 [main] DEBUG - Save part 'xl/worksheets/sheet4.xml'
05:05:49.205 [main] DEBUG - Save part 'xl/worksheets/sheet5.xml'
05:05:49.227 [main] DEBUG - Parsing relationship: /xl/_rels/workbook.xml.rels
05:05:49.230 [main] DEBUG - Parsing relationship: /xl/worksheets/_rels/sheet1.xml.rels
05:05:49.233 [main] DEBUG - Parsing relationship: /_rels/.rels
05:05:49.312 [main] DEBUG - Save content types part
05:05:49.315 [main] DEBUG - Save package relationships
05:05:49.318 [main] DEBUG - Save part 'docProps/app.xml'
05:05:49.318 [main] DEBUG - Save part 'docProps/core.xml'
05:05:49.323 [main] DEBUG - Save part 'xl/sharedStrings.xml'
05:05:49.323 [main] DEBUG - Save part 'xl/styles.xml'
05:05:49.324 [main] DEBUG - Save part 'xl/theme/theme1.xml'
05:05:49.325 [main] DEBUG - Save part 'xl/workbook.xml'
05:05:49.328 [main] DEBUG - Save part 'xl/worksheets/sheet1.xml'
05:05:49.331 [main] DEBUG - Save part 'xl/worksheets/sheet2.xml'
05:05:49.332 [main] DEBUG - Save part 'xl/worksheets/sheet3.xml'
05:05:49.332 [main] DEBUG - Save part 'xl/worksheets/sheet4.xml'
05:05:49.333 [main] DEBUG - Save part 'xl/worksheets/sheet5.xml'
05:05:49.595 [main] DEBUG - Parsing relationship: /xl/_rels/workbook.xml.rels
05:05:49.596 [main] DEBUG - Parsing relationship: /xl/worksheets/_rels/sheet1.xml.rels
05:05:49.598 [main] DEBUG - Parsing relationship: /_rels/.rels
05:05:49.660 [main] DEBUG - Save content types part
05:05:49.664 [main] DEBUG - Save package relationships
05:05:49.666 [main] DEBUG - Save part 'docProps/app.xml'
05:05:49.667 [main] DEBUG - Save part 'docProps/core.xml'
05:05:49.670 [main] DEBUG - Save part 'xl/sharedStrings.xml'
05:05:49.670 [main] DEBUG - Save part 'xl/styles.xml'
05:05:49.671 [main] DEBUG - Save part 'xl/theme/theme1.xml'
05:05:49.672 [main] DEBUG - Save part 'xl/workbook.xml'
05:05:49.674 [main] DEBUG - Save part 'xl/worksheets/sheet1.xml'
05:05:49.677 [main] DEBUG - Save part 'xl/worksheets/sheet2.xml'
05:05:49.678 [main] DEBUG - Save part 'xl/worksheets/sheet3.xml'
05:05:49.679 [main] DEBUG - Save part 'xl/worksheets/sheet4.xml'
05:05:49.680 [main] DEBUG - Save part 'xl/worksheets/sheet5.xml'
05:05:49.692 [main] DEBUG - Parsing relationship: /xl/_rels/workbook.xml.rels
05:05:49.695 [main] DEBUG - Parsing relationship: /xl/worksheets/_rels/sheet1.xml.rels
05:05:49.696 [main] DEBUG - Parsing relationship: /_rels/.rels
05:05:49.742 [main] DEBUG - Save content types part
05:05:49.744 [main] DEBUG - Save package relationships
05:05:49.746 [main] DEBUG - Save part 'docProps/app.xml'
05:05:49.746 [main] DEBUG - Save part 'docProps/core.xml'
05:05:49.748 [main] DEBUG - Save part 'xl/sharedStrings.xml'
05:05:49.749 [main] DEBUG - Save part 'xl/styles.xml'
05:05:49.749 [main] DEBUG - Save part 'xl/theme/theme1.xml'
05:05:49.750 [main] DEBUG - Save part 'xl/workbook.xml'
05:05:49.751 [main] DEBUG - Save part 'xl/worksheets/sheet1.xml'
05:05:49.754 [main] DEBUG - Save part 'xl/worksheets/sheet2.xml'
05:05:49.755 [main] DEBUG - Save part 'xl/worksheets/sheet3.xml'
05:05:49.755 [main] DEBUG - Save part 'xl/worksheets/sheet4.xml'
05:05:49.756 [main] DEBUG - Save part 'xl/worksheets/sheet5.xml'
05:05:49.805 [main] DEBUG - Parsing relationship: /xl/_rels/workbook.xml.rels
05:05:49.805 [main] DEBUG - Parsing relationship: /xl/worksheets/_rels/sheet1.xml.rels
05:05:49.806 [main] DEBUG - Parsing relationship: /_rels/.rels
05:05:49.846 [main] DEBUG - Save content types part
05:05:49.848 [main] DEBUG - Save package relationships
05:05:49.850 [main] DEBUG - Save part 'docProps/app.xml'
05:05:49.851 [main] DEBUG - Save part 'docProps/core.xml'
05:05:49.853 [main] DEBUG - Save part 'xl/sharedStrings.xml'
05:05:49.854 [main] DEBUG - Save part 'xl/styles.xml'
05:05:49.854 [main] DEBUG - Save part 'xl/theme/theme1.xml'
05:05:49.855 [main] DEBUG - Save part 'xl/workbook.xml'
05:05:49.857 [main] DEBUG - Save part 'xl/worksheets/sheet1.xml'
05:05:49.859 [main] DEBUG - Save part 'xl/worksheets/sheet2.xml'
05:05:49.860 [main] DEBUG - Save part 'xl/worksheets/sheet3.xml'
05:05:49.860 [main] DEBUG - Save part 'xl/worksheets/sheet4.xml'
05:05:49.860 [main] DEBUG - Save part 'xl/worksheets/sheet5.xml'
05:05:49.870 [main] DEBUG - Parsing relationship: /xl/_rels/workbook.xml.rels
05:05:49.871 [main] DEBUG - Parsing relationship: /xl/worksheets/_rels/sheet1.xml.rels
05:05:49.872 [main] DEBUG - Parsing relationship: /_rels/.rels
05:05:49.918 [main] DEBUG - Save content types part
05:05:49.920 [main] DEBUG - Save package relationships
05:05:49.922 [main] DEBUG - Save part 'docProps/app.xml'
05:05:49.922 [main] DEBUG - Save part 'docProps/core.xml'
05:05:49.924 [main] DEBUG - Save part 'xl/sharedStrings.xml'
05:05:49.925 [main] DEBUG - Save part 'xl/styles.xml'
05:05:49.925 [main] DEBUG - Save part 'xl/theme/theme1.xml'
05:05:49.926 [main] DEBUG - Save part 'xl/workbook.xml'
05:05:49.929 [main] DEBUG - Save part 'xl/worksheets/sheet1.xml'
05:05:49.931 [main] DEBUG - Save part 'xl/worksheets/sheet2.xml'
05:05:49.932 [main] DEBUG - Save part 'xl/worksheets/sheet3.xml'
05:05:49.932 [main] DEBUG - Save part 'xl/worksheets/sheet4.xml'
05:05:49.932 [main] DEBUG - Save part 'xl/worksheets/sheet5.xml'
05:05:49.988 [main] DEBUG - Parsing relationship: /xl/_rels/workbook.xml.rels
05:05:49.990 [main] DEBUG - Parsing relationship: /xl/worksheets/_rels/sheet1.xml.rels
05:05:49.991 [main] DEBUG - Parsing relationship: /_rels/.rels
05:05:50.055 [main] DEBUG - Save content types part
05:05:50.057 [main] DEBUG - Save package relationships
05:05:50.059 [main] DEBUG - Save part 'docProps/app.xml'
05:05:50.059 [main] DEBUG - Save part 'docProps/core.xml'
05:05:50.062 [main] DEBUG - Save part 'xl/sharedStrings.xml'
05:05:50.062 [main] DEBUG - Save part 'xl/styles.xml'
05:05:50.062 [main] DEBUG - Save part 'xl/theme/theme1.xml'
05:05:50.063 [main] DEBUG - Save part 'xl/workbook.xml'
05:05:50.065 [main] DEBUG - Save part 'xl/worksheets/sheet1.xml'
05:05:50.067 [main] DEBUG - Save part 'xl/worksheets/sheet2.xml'
05:05:50.068 [main] DEBUG - Save part 'xl/worksheets/sheet3.xml'
05:05:50.068 [main] DEBUG - Save part 'xl/worksheets/sheet4.xml'
05:05:50.069 [main] DEBUG - Save part 'xl/worksheets/sheet5.xml'
05:05:50.076 [main] DEBUG - Parsing relationship: /xl/_rels/workbook.xml.rels
05:05:50.077 [main] DEBUG - Parsing relationship: /xl/worksheets/_rels/sheet1.xml.rels
05:05:50.077 [main] DEBUG - Parsing relationship: /_rels/.rels
05:05:50.114 [main] DEBUG - Save content types part
05:05:50.116 [main] DEBUG - Save package relationships
05:05:50.117 [main] DEBUG - Save part 'docProps/app.xml'
05:05:50.118 [main] DEBUG - Save part 'docProps/core.xml'
05:05:50.119 [main] DEBUG - Save part 'xl/sharedStrings.xml'
05:05:50.120 [main] DEBUG - Save part 'xl/styles.xml'
05:05:50.120 [main] DEBUG - Save part 'xl/theme/theme1.xml'
05:05:50.121 [main] DEBUG - Save part 'xl/workbook.xml'
05:05:50.123 [main] DEBUG - Save part 'xl/worksheets/sheet1.xml'
05:05:50.125 [main] DEBUG - Save part 'xl/worksheets/sheet2.xml'
05:05:50.126 [main] DEBUG - Save part 'xl/worksheets/sheet3.xml'
05:05:50.126 [main] DEBUG - Save part 'xl/worksheets/sheet4.xml'
05:05:50.127 [main] DEBUG - Save part 'xl/worksheets/sheet5.xml'
05:05:50.175 [main] DEBUG - Parsing relationship: /xl/_rels/workbook.xml.rels
05:05:50.177 [main] DEBUG - Parsing relationship: /xl/worksheets/_rels/sheet1.xml.rels
05:05:50.177 [main] DEBUG - Parsing relationship: /_rels/.rels
05:05:50.213 [main] DEBUG - Save content types part
05:05:50.214 [main] DEBUG - Save package relationships
05:05:50.216 [main] DEBUG - Save part 'docProps/app.xml'
05:05:50.216 [main] DEBUG - Save part 'docProps/core.xml'
05:05:50.218 [main] DEBUG - Save part 'xl/sharedStrings.xml'
05:05:50.218 [main] DEBUG - Save part 'xl/styles.xml'
05:05:50.219 [main] DEBUG - Save part 'xl/theme/theme1.xml'
05:05:50.219 [main] DEBUG - Save part 'xl/workbook.xml'
05:05:50.220 [main] DEBUG - Save part 'xl/worksheets/sheet1.xml'
05:05:50.222 [main] DEBUG - Save part 'xl/worksheets/sheet2.xml'
05:05:50.222 [main] DEBUG - Save part 'xl/worksheets/sheet3.xml'
05:05:50.222 [main] DEBUG - Save part 'xl/worksheets/sheet4.xml'
05:05:50.223 [main] DEBUG - Save part 'xl/worksheets/sheet5.xml'
05:05:50.231 [main] DEBUG - Parsing relationship: /xl/_rels/workbook.xml.rels
05:05:50.232 [main] DEBUG - Parsing relationship: /xl/worksheets/_rels/sheet1.xml.rels
05:05:50.233 [main] DEBUG - Parsing relationship: /_rels/.rels
05:05:50.276 [main] DEBUG - Save content types part
05:05:50.278 [main] DEBUG - Save package relationships
05:05:50.279 [main] DEBUG - Save part 'docProps/app.xml'
05:05:50.280 [main] DEBUG - Save part 'docProps/core.xml'
05:05:50.282 [main] DEBUG - Save part 'xl/sharedStrings.xml'
05:05:50.282 [main] DEBUG - Save part 'xl/styles.xml'
05:05:50.283 [main] DEBUG - Save part 'xl/theme/theme1.xml'
05:05:50.284 [main] DEBUG - Save part 'xl/workbook.xml'
05:05:50.287 [main] DEBUG - Save part 'xl/worksheets/sheet1.xml'
05:05:50.289 [main] DEBUG - Save part 'xl/worksheets/sheet2.xml'
05:05:50.289 [main] DEBUG - Save part 'xl/worksheets/sheet3.xml'
05:05:50.290 [main] DEBUG - Save part 'xl/worksheets/sheet4.xml'
05:05:50.290 [main] DEBUG - Save part 'xl/worksheets/sheet5.xml'
05:05:50.331 [main] DEBUG - Parsing relationship: /xl/_rels/workbook.xml.rels
05:05:50.332 [main] DEBUG - Parsing relationship: /xl/worksheets/_rels/sheet1.xml.rels
05:05:50.333 [main] DEBUG - Parsing relationship: /_rels/.rels
05:05:50.374 [main] DEBUG - Save content types part
05:05:50.376 [main] DEBUG - Save package relationships
05:05:50.378 [main] DEBUG - Save part 'docProps/app.xml'
05:05:50.378 [main] DEBUG - Save part 'docProps/core.xml'
05:05:50.380 [main] DEBUG - Save part 'xl/sharedStrings.xml'
05:05:50.380 [main] DEBUG - Save part 'xl/styles.xml'
05:05:50.381 [main] DEBUG - Save part 'xl/theme/theme1.xml'
05:05:50.382 [main] DEBUG - Save part 'xl/workbook.xml'
05:05:50.386 [main] DEBUG - Save part 'xl/worksheets/sheet1.xml'
05:05:50.388 [main] DEBUG - Save part 'xl/worksheets/sheet2.xml'
05:05:50.388 [main] DEBUG - Save part 'xl/worksheets/sheet3.xml'
05:05:50.389 [main] DEBUG - Save part 'xl/worksheets/sheet4.xml'
05:05:50.389 [main] DEBUG - Save part 'xl/worksheets/sheet5.xml'
05:05:50.396 [main] DEBUG - Parsing relationship: /xl/_rels/workbook.xml.rels
05:05:50.396 [main] DEBUG - Parsing relationship: /xl/worksheets/_rels/sheet1.xml.rels
05:05:50.397 [main] DEBUG - Parsing relationship: /_rels/.rels
05:05:50.440 [main] DEBUG - Save content types part
05:05:50.442 [main] DEBUG - Save package relationships
05:05:50.443 [main] DEBUG - Save part 'docProps/app.xml'
05:05:50.443 [main] DEBUG - Save part 'docProps/core.xml'
05:05:50.444 [main] DEBUG - Save part 'xl/sharedStrings.xml'
05:05:50.445 [main] DEBUG - Save part 'xl/styles.xml'
05:05:50.445 [main] DEBUG - Save part 'xl/theme/theme1.xml'
05:05:50.446 [main] DEBUG - Save part 'xl/workbook.xml'
05:05:50.447 [main] DEBUG - Save part 'xl/worksheets/sheet1.xml'
05:05:50.449 [main] DEBUG - Save part 'xl/worksheets/sheet2.xml'
05:05:50.450 [main] DEBUG - Save part 'xl/worksheets/sheet3.xml'
05:05:50.450 [main] DEBUG - Save part 'xl/worksheets/sheet4.xml'
05:05:50.450 [main] DEBUG - Save part 'xl/worksheets/sheet5.xml'
05:05:50.497 [main] DEBUG - Parsing relationship: /xl/_rels/workbook.xml.rels
05:05:50.498 [main] DEBUG - Parsing relationship: /xl/worksheets/_rels/sheet1.xml.rels
05:05:50.499 [main] DEBUG - Parsing relationship: /_rels/.rels
05:05:50.536 [main] DEBUG - Save content types part
05:05:50.537 [main] DEBUG - Save package relationships
05:05:50.539 [main] DEBUG - Save part 'docProps/app.xml'
05:05:50.539 [main] DEBUG - Save part 'docProps/core.xml'
05:05:50.541 [main] DEBUG - Save part 'xl/sharedStrings.xml'
05:05:50.541 [main] DEBUG - Save part 'xl/styles.xml'
05:05:50.541 [main] DEBUG - Save part 'xl/theme/theme1.xml'
05:05:50.542 [main] DEBUG - Save part 'xl/workbook.xml'
05:05:50.544 [main] DEBUG - Save part 'xl/worksheets/sheet1.xml'
05:05:50.545 [main] DEBUG - Save part 'xl/worksheets/sheet2.xml'
05:05:50.545 [main] DEBUG - Save part 'xl/worksheets/sheet3.xml'
05:05:50.546 [main] DEBUG - Save part 'xl/worksheets/sheet4.xml'
05:05:50.546 [main] DEBUG - Save part 'xl/worksheets/sheet5.xml'
05:05:50.552 [main] DEBUG - Parsing relationship: /xl/_rels/workbook.xml.rels
05:05:50.552 [main] DEBUG - Parsing relationship: /xl/worksheets/_rels/sheet1.xml.rels
05:05:50.553 [main] DEBUG - Parsing relationship: /_rels/.rels
05:05:50.588 [main] DEBUG - Save content types part
05:05:50.590 [main] DEBUG - Save package relationships
05:05:50.592 [main] DEBUG - Save part 'docProps/app.xml'
05:05:50.592 [main] DEBUG - Save part 'docProps/core.xml'
05:05:50.594 [main] DEBUG - Save part 'xl/sharedStrings.xml'
05:05:50.595 [main] DEBUG - Save part 'xl/styles.xml'
05:05:50.595 [main] DEBUG - Save part 'xl/theme/theme1.xml'
05:05:50.596 [main] DEBUG - Save part 'xl/workbook.xml'
05:05:50.598 [main] DEBUG - Save part 'xl/worksheets/sheet1.xml'
05:05:50.601 [main] DEBUG - Save part 'xl/worksheets/sheet2.xml'
05:05:50.601 [main] DEBUG - Save part 'xl/worksheets/sheet3.xml'
05:05:50.601 [main] DEBUG - Save part 'xl/worksheets/sheet4.xml'
05:05:50.602 [main] DEBUG - Save part 'xl/worksheets/sheet5.xml'
05:05:50.645 [main] DEBUG - Parsing relationship: /xl/_rels/workbook.xml.rels
05:05:50.646 [main] DEBUG - Parsing relationship: /xl/worksheets/_rels/sheet1.xml.rels
05:05:50.646 [main] DEBUG - Parsing relationship: /_rels/.rels
05:05:50.675 [main] DEBUG - Save content types part
05:05:50.677 [main] DEBUG - Save package relationships
05:05:50.679 [main] DEBUG - Save part 'docProps/app.xml'
05:05:50.679 [main] DEBUG - Save part 'docProps/core.xml'
05:05:50.681 [main] DEBUG - Save part 'xl/sharedStrings.xml'
05:05:50.682 [main] DEBUG - Save part 'xl/styles.xml'
05:05:50.682 [main] DEBUG - Save part 'xl/theme/theme1.xml'
05:05:50.683 [main] DEBUG - Save part 'xl/workbook.xml'
05:05:50.685 [main] DEBUG - Save part 'xl/worksheets/sheet1.xml'
05:05:50.688 [main] DEBUG - Save part 'xl/worksheets/sheet2.xml'
05:05:50.689 [main] DEBUG - Save part 'xl/worksheets/sheet3.xml'
05:05:50.689 [main] DEBUG - Save part 'xl/worksheets/sheet4.xml'
05:05:50.689 [main] DEBUG - Save part 'xl/worksheets/sheet5.xml'
05:05:50.698 [main] DEBUG - Parsing relationship: /xl/_rels/workbook.xml.rels
05:05:50.699 [main] DEBUG - Parsing relationship: /xl/worksheets/_rels/sheet1.xml.rels
05:05:50.700 [main] DEBUG - Parsing relationship: /_rels/.rels
05:05:50.737 [main] DEBUG - Save content types part
05:05:50.738 [main] DEBUG - Save package relationships
05:05:50.739 [main] DEBUG - Save part 'docProps/app.xml'
05:05:50.739 [main] DEBUG - Save part 'docProps/core.xml'
05:05:50.741 [main] DEBUG - Save part 'xl/sharedStrings.xml'
05:05:50.741 [main] DEBUG - Save part 'xl/styles.xml'
05:05:50.741 [main] DEBUG - Save part 'xl/theme/theme1.xml'
05:05:50.742 [main] DEBUG - Save part 'xl/workbook.xml'
05:05:50.744 [main] DEBUG - Save part 'xl/worksheets/sheet1.xml'
05:05:50.747 [main] DEBUG - Save part 'xl/worksheets/sheet2.xml'
05:05:50.747 [main] DEBUG - Save part 'xl/worksheets/sheet3.xml'
05:05:50.748 [main] DEBUG - Save part 'xl/worksheets/sheet4.xml'
05:05:50.748 [main] DEBUG - Save part 'xl/worksheets/sheet5.xml'
05:05:50.793 [main] DEBUG - Parsing relationship: /xl/_rels/workbook.xml.rels
05:05:50.793 [main] DEBUG - Parsing relationship: /xl/worksheets/_rels/sheet1.xml.rels
05:05:50.794 [main] DEBUG - Parsing relationship: /_rels/.rels
05:05:50.846 [main] DEBUG - Save content types part
05:05:50.848 [main] DEBUG - Save package relationships
05:05:50.851 [main] DEBUG - Save part 'docProps/app.xml'
05:05:50.851 [main] DEBUG - Save part 'docProps/core.xml'
05:05:50.854 [main] DEBUG - Save part 'xl/sharedStrings.xml'
05:05:50.855 [main] DEBUG - Save part 'xl/styles.xml'
05:05:50.855 [main] DEBUG - Save part 'xl/theme/theme1.xml'
05:05:50.856 [main] DEBUG - Save part 'xl/workbook.xml'
05:05:50.857 [main] DEBUG - Save part 'xl/worksheets/sheet1.xml'
05:05:50.858 [main] DEBUG - Save part 'xl/worksheets/sheet2.xml'
05:05:50.859 [main] DEBUG - Save part 'xl/worksheets/sheet3.xml'
05:05:50.859 [main] DEBUG - Save part 'xl/worksheets/sheet4.xml'
05:05:50.859 [main] DEBUG - Save part 'xl/worksheets/sheet5.xml'
05:05:50.867 [main] DEBUG - Parsing relationship: /xl/_rels/workbook.xml.rels
05:05:50.867 [main] DEBUG - Parsing relationship: /xl/worksheets/_rels/sheet1.xml.rels
05:05:50.868 [main] DEBUG - Parsing relationship: /_rels/.rels
05:05:50.899 [main] DEBUG - Save content types part
05:05:50.901 [main] DEBUG - Save package relationships
05:05:50.902 [main] DEBUG - Save part 'docProps/app.xml'
05:05:50.903 [main] DEBUG - Save part 'docProps/core.xml'
05:05:50.905 [main] DEBUG - Save part 'xl/sharedStrings.xml'
05:05:50.905 [main] DEBUG - Save part 'xl/styles.xml'
05:05:50.905 [main] DEBUG - Save part 'xl/theme/theme1.xml'
05:05:50.906 [main] DEBUG - Save part 'xl/workbook.xml'
05:05:50.907 [main] DEBUG - Save part 'xl/worksheets/sheet1.xml'
05:05:50.908 [main] DEBUG - Save part 'xl/worksheets/sheet2.xml'
05:05:50.908 [main] DEBUG - Save part 'xl/worksheets/sheet3.xml'
05:05:50.908 [main] DEBUG - Save part 'xl/worksheets/sheet4.xml'
05:05:50.908 [main] DEBUG - Save part 'xl/worksheets/sheet5.xml'
05:05:50.952 [main] DEBUG - Parsing relationship: /xl/_rels/workbook.xml.rels
05:05:50.953 [main] DEBUG - Parsing relationship: /xl/worksheets/_rels/sheet1.xml.rels
05:05:50.955 [main] DEBUG - Parsing relationship: /_rels/.rels
05:05:50.988 [main] DEBUG - Save content types part
05:05:50.989 [main] DEBUG - Save package relationships
05:05:50.990 [main] DEBUG - Save part 'docProps/app.xml'
05:05:50.991 [main] DEBUG - Save part 'docProps/core.xml'
05:05:50.993 [main] DEBUG - Save part 'xl/sharedStrings.xml'
05:05:50.993 [main] DEBUG - Save part 'xl/styles.xml'
05:05:50.994 [main] DEBUG - Save part 'xl/theme/theme1.xml'
05:05:50.994 [main] DEBUG - Save part 'xl/workbook.xml'
05:05:50.995 [main] DEBUG - Save part 'xl/worksheets/sheet1.xml'
05:05:50.998 [main] DEBUG - Save part 'xl/worksheets/sheet2.xml'
05:05:50.998 [main] DEBUG - Save part 'xl/worksheets/sheet3.xml'
05:05:50.998 [main] DEBUG - Save part 'xl/worksheets/sheet4.xml'
05:05:50.999 [main] DEBUG - Save part 'xl/worksheets/sheet5.xml'
05:05:51.004 [main] DEBUG - Parsing relationship: /xl/_rels/workbook.xml.rels
05:05:51.005 [main] DEBUG - Parsing relationship: /xl/worksheets/_rels/sheet1.xml.rels
05:05:51.006 [main] DEBUG - Parsing relationship: /_rels/.rels
05:05:51.035 [main] DEBUG - Save content types part
05:05:51.036 [main] DEBUG - Save package relationships
05:05:51.038 [main] DEBUG - Save part 'docProps/app.xml'
05:05:51.038 [main] DEBUG - Save part 'docProps/core.xml'
05:05:51.040 [main] DEBUG - Save part 'xl/sharedStrings.xml'
05:05:51.040 [main] DEBUG - Save part 'xl/styles.xml'
05:05:51.040 [main] DEBUG - Save part 'xl/theme/theme1.xml'
05:05:51.041 [main] DEBUG - Save part 'xl/workbook.xml'
05:05:51.042 [main] DEBUG - Save part 'xl/worksheets/sheet1.xml'
05:05:51.043 [main] DEBUG - Save part 'xl/worksheets/sheet2.xml'
05:05:51.043 [main] DEBUG - Save part 'xl/worksheets/sheet3.xml'
05:05:51.044 [main] DEBUG - Save part 'xl/worksheets/sheet4.xml'
05:05:51.044 [main] DEBUG - Save part 'xl/worksheets/sheet5.xml'
05:05:51.088 [main] DEBUG - Parsing relationship: /xl/_rels/workbook.xml.rels
05:05:51.089 [main] DEBUG - Parsing relationship: /xl/worksheets/_rels/sheet1.xml.rels
05:05:51.090 [main] DEBUG - Parsing relationship: /_rels/.rels
05:05:51.123 [main] DEBUG - Save content types part
05:05:51.124 [main] DEBUG - Save package relationships
05:05:51.125 [main] DEBUG - Save part 'docProps/app.xml'
05:05:51.125 [main] DEBUG - Save part 'docProps/core.xml'
05:05:51.127 [main] DEBUG - Save part 'xl/sharedStrings.xml'
05:05:51.128 [main] DEBUG - Save part 'xl/styles.xml'
05:05:51.128 [main] DEBUG - Save part 'xl/theme/theme1.xml'
05:05:51.129 [main] DEBUG - Save part 'xl/workbook.xml'
05:05:51.130 [main] DEBUG - Save part 'xl/worksheets/sheet1.xml'
05:05:51.132 [main] DEBUG - Save part 'xl/worksheets/sheet2.xml'
05:05:51.133 [main] DEBUG - Save part 'xl/worksheets/sheet3.xml'
05:05:51.133 [main] DEBUG - Save part 'xl/worksheets/sheet4.xml'
05:05:51.134 [main] DEBUG - Save part 'xl/worksheets/sheet5.xml'
05:05:51.141 [main] DEBUG - Parsing relationship: /xl/_rels/workbook.xml.rels
05:05:51.142 [main] DEBUG - Parsing relationship: /xl/worksheets/_rels/sheet1.xml.rels
05:05:51.143 [main] DEBUG - Parsing relationship: /_rels/.rels
05:05:51.174 [main] DEBUG - Save content types part
05:05:51.175 [main] DEBUG - Save package relationships
05:05:51.177 [main] DEBUG - Save part 'docProps/app.xml'
05:05:51.177 [main] DEBUG - Save part 'docProps/core.xml'
05:05:51.178 [main] DEBUG - Save part 'xl/sharedStrings.xml'
05:05:51.178 [main] DEBUG - Save part 'xl/styles.xml'
05:05:51.178 [main] DEBUG - Save part 'xl/theme/theme1.xml'
05:05:51.179 [main] DEBUG - Save part 'xl/workbook.xml'
05:05:51.181 [main] DEBUG - Save part 'xl/worksheets/sheet1.xml'
05:05:51.182 [main] DEBUG - Save part 'xl/worksheets/sheet2.xml'
05:05:51.183 [main] DEBUG - Save part 'xl/worksheets/sheet3.xml'
05:05:51.183 [main] DEBUG - Save part 'xl/worksheets/sheet4.xml'
05:05:51.183 [main] DEBUG - Save part 'xl/worksheets/sheet5.xml'
05:05:51.225 [main] DEBUG - Parsing relationship: /xl/_rels/workbook.xml.rels
05:05:51.226 [main] DEBUG - Parsing relationship: /xl/worksheets/_rels/sheet1.xml.rels
05:05:51.227 [main] DEBUG - Parsing relationship: /_rels/.rels
05:05:51.256 [main] DEBUG - Save content types part
05:05:51.258 [main] DEBUG - Save package relationships
05:05:51.259 [main] DEBUG - Save part 'docProps/app.xml'
05:05:51.260 [main] DEBUG - Save part 'docProps/core.xml'
05:05:51.261 [main] DEBUG - Save part 'xl/sharedStrings.xml'
05:05:51.261 [main] DEBUG - Save part 'xl/styles.xml'
05:05:51.261 [main] DEBUG - Save part 'xl/theme/theme1.xml'
05:05:51.262 [main] DEBUG - Save part 'xl/workbook.xml'
05:05:51.263 [main] DEBUG - Save part 'xl/worksheets/sheet1.xml'
05:05:51.264 [main] DEBUG - Save part 'xl/worksheets/sheet2.xml'
05:05:51.265 [main] DEBUG - Save part 'xl/worksheets/sheet3.xml'
05:05:51.265 [main] DEBUG - Save part 'xl/worksheets/sheet4.xml'
05:05:51.265 [main] DEBUG - Save part 'xl/worksheets/sheet5.xml'
05:05:51.272 [main] DEBUG - Parsing relationship: /xl/_rels/workbook.xml.rels
05:05:51.272 [main] DEBUG - Parsing relationship: /xl/worksheets/_rels/sheet1.xml.rels
05:05:51.273 [main] DEBUG - Parsing relationship: /_rels/.rels
05:05:51.303 [main] DEBUG - Save content types part
05:05:51.305 [main] DEBUG - Save package relationships
05:05:51.306 [main] DEBUG - Save part 'docProps/app.xml'
05:05:51.307 [main] DEBUG - Save part 'docProps/core.xml'
05:05:51.308 [main] DEBUG - Save part 'xl/sharedStrings.xml'
05:05:51.308 [main] DEBUG - Save part 'xl/styles.xml'
05:05:51.309 [main] DEBUG - Save part 'xl/theme/theme1.xml'
05:05:51.309 [main] DEBUG - Save part 'xl/workbook.xml'
05:05:51.311 [main] DEBUG - Save part 'xl/worksheets/sheet1.xml'
05:05:51.313 [main] DEBUG - Save part 'xl/worksheets/sheet2.xml'
05:05:51.313 [main] DEBUG - Save part 'xl/worksheets/sheet3.xml'
05:05:51.314 [main] DEBUG - Save part 'xl/worksheets/sheet4.xml'
05:05:51.314 [main] DEBUG - Save part 'xl/worksheets/sheet5.xml'
05:05:51.360 [main] DEBUG - Parsing relationship: /xl/_rels/workbook.xml.rels
05:05:51.361 [main] DEBUG - Parsing relationship: /xl/worksheets/_rels/sheet1.xml.rels
05:05:51.362 [main] DEBUG - Parsing relationship: /_rels/.rels
05:05:51.407 [main] DEBUG - Save content types part
05:05:51.408 [main] DEBUG - Save package relationships
05:05:51.409 [main] DEBUG - Save part 'docProps/app.xml'
05:05:51.409 [main] DEBUG - Save part 'docProps/core.xml'
05:05:51.411 [main] DEBUG - Save part 'xl/sharedStrings.xml'
05:05:51.411 [main] DEBUG - Save part 'xl/styles.xml'
05:05:51.411 [main] DEBUG - Save part 'xl/theme/theme1.xml'
05:05:51.412 [main] DEBUG - Save part 'xl/workbook.xml'
05:05:51.414 [main] DEBUG - Save part 'xl/worksheets/sheet1.xml'
05:05:51.415 [main] DEBUG - Save part 'xl/worksheets/sheet2.xml'
05:05:51.415 [main] DEBUG - Save part 'xl/worksheets/sheet3.xml'
05:05:51.415 [main] DEBUG - Save part 'xl/worksheets/sheet4.xml'
05:05:51.415 [main] DEBUG - Save part 'xl/worksheets/sheet5.xml'
05:05:51.421 [main] DEBUG - Parsing relationship: /xl/_rels/workbook.xml.rels
05:05:51.422 [main] DEBUG - Parsing relationship: /xl/worksheets/_rels/sheet1.xml.rels
05:05:51.422 [main] DEBUG - Parsing relationship: /_rels/.rels
05:05:51.455 [main] DEBUG - Save content types part
05:05:51.456 [main] DEBUG - Save package relationships
05:05:51.457 [main] DEBUG - Save part 'docProps/app.xml'
05:05:51.458 [main] DEBUG - Save part 'docProps/core.xml'
05:05:51.459 [main] DEBUG - Save part 'xl/sharedStrings.xml'
05:05:51.459 [main] DEBUG - Save part 'xl/styles.xml'
05:05:51.460 [main] DEBUG - Save part 'xl/theme/theme1.xml'
05:05:51.460 [main] DEBUG - Save part 'xl/workbook.xml'
05:05:51.462 [main] DEBUG - Save part 'xl/worksheets/sheet1.xml'
05:05:51.463 [main] DEBUG - Save part 'xl/worksheets/sheet2.xml'
05:05:51.463 [main] DEBUG - Save part 'xl/worksheets/sheet3.xml'
05:05:51.464 [main] DEBUG - Save part 'xl/worksheets/sheet4.xml'
05:05:51.464 [main] DEBUG - Save part 'xl/worksheets/sheet5.xml'
05:05:51.507 [main] DEBUG - Parsing relationship: /xl/_rels/workbook.xml.rels
05:05:51.508 [main] DEBUG - Parsing relationship: /xl/worksheets/_rels/sheet1.xml.rels
05:05:51.508 [main] DEBUG - Parsing relationship: /_rels/.rels
05:05:51.536 [main] DEBUG - Save content types part
05:05:51.538 [main] DEBUG - Save package relationships
05:05:51.539 [main] DEBUG - Save part 'docProps/app.xml'
05:05:51.539 [main] DEBUG - Save part 'docProps/core.xml'
05:05:51.540 [main] DEBUG - Save part 'xl/sharedStrings.xml'
05:05:51.540 [main] DEBUG - Save part 'xl/styles.xml'
05:05:51.541 [main] DEBUG - Save part 'xl/theme/theme1.xml'
05:05:51.541 [main] DEBUG - Save part 'xl/workbook.xml'
05:05:51.542 [main] DEBUG - Save part 'xl/worksheets/sheet1.xml'
05:05:51.543 [main] DEBUG - Save part 'xl/worksheets/sheet2.xml'
05:05:51.544 [main] DEBUG - Save part 'xl/worksheets/sheet3.xml'
05:05:51.544 [main] DEBUG - Save part 'xl/worksheets/sheet4.xml'
05:05:51.544 [main] DEBUG - Save part 'xl/worksheets/sheet5.xml'
05:05:51.550 [main] DEBUG - Parsing relationship: /xl/_rels/workbook.xml.rels
05:05:51.551 [main] DEBUG - Parsing relationship: /xl/worksheets/_rels/sheet1.xml.rels
05:05:51.551 [main] DEBUG - Parsing relationship: /_rels/.rels
05:05:51.578 [main] DEBUG - Save content types part
05:05:51.580 [main] DEBUG - Save package relationships
05:05:51.582 [main] DEBUG - Save part 'docProps/app.xml'
05:05:51.582 [main] DEBUG - Save part 'docProps/core.xml'
05:05:51.584 [main] DEBUG - Save part 'xl/sharedStrings.xml'
05:05:51.585 [main] DEBUG - Save part 'xl/styles.xml'
05:05:51.585 [main] DEBUG - Save part 'xl/theme/theme1.xml'
05:05:51.586 [main] DEBUG - Save part 'xl/workbook.xml'
05:05:51.588 [main] DEBUG - Save part 'xl/worksheets/sheet1.xml'
05:05:51.590 [main] DEBUG - Save part 'xl/worksheets/sheet2.xml'
05:05:51.590 [main] DEBUG - Save part 'xl/worksheets/sheet3.xml'
05:05:51.590 [main] DEBUG - Save part 'xl/worksheets/sheet4.xml'
05:05:51.591 [main] DEBUG - Save part 'xl/worksheets/sheet5.xml'
05:05:51.627 [main] DEBUG - Parsing relationship: /xl/_rels/workbook.xml.rels
05:05:51.628 [main] DEBUG - Parsing relationship: /xl/worksheets/_rels/sheet1.xml.rels
05:05:51.628 [main] DEBUG - Parsing relationship: /_rels/.rels
05:05:51.653 [main] DEBUG - Save content types part
05:05:51.655 [main] DEBUG - Save package relationships
05:05:51.656 [main] DEBUG - Save part 'docProps/app.xml'
05:05:51.656 [main] DEBUG - Save part 'docProps/core.xml'
05:05:51.657 [main] DEBUG - Save part 'xl/sharedStrings.xml'
05:05:51.657 [main] DEBUG - Save part 'xl/styles.xml'
05:05:51.658 [main] DEBUG - Save part 'xl/theme/theme1.xml'
05:05:51.658 [main] DEBUG - Save part 'xl/workbook.xml'
05:05:51.659 [main] DEBUG - Save part 'xl/worksheets/sheet1.xml'
05:05:51.661 [main] DEBUG - Save part 'xl/worksheets/sheet2.xml'
05:05:51.661 [main] DEBUG - Save part 'xl/worksheets/sheet3.xml'
05:05:51.661 [main] DEBUG - Save part 'xl/worksheets/sheet4.xml'
05:05:51.661 [main] DEBUG - Save part 'xl/worksheets/sheet5.xml'
05:05:51.667 [main] DEBUG - Parsing relationship: /xl/_rels/workbook.xml.rels
05:05:51.667 [main] DEBUG - Parsing relationship: /xl/worksheets/_rels/sheet1.xml.rels
05:05:51.668 [main] DEBUG - Parsing relationship: /_rels/.rels
05:05:51.701 [main] DEBUG - Save content types part
05:05:51.702 [main] DEBUG - Save package relationships
05:05:51.704 [main] DEBUG - Save part 'docProps/app.xml'
05:05:51.704 [main] DEBUG - Save part 'docProps/core.xml'
05:05:51.705 [main] DEBUG - Save part 'xl/sharedStrings.xml'
05:05:51.705 [main] DEBUG - Save part 'xl/styles.xml'
05:05:51.705 [main] DEBUG - Save part 'xl/theme/theme1.xml'
05:05:51.706 [main] DEBUG - Save part 'xl/workbook.xml'
05:05:51.707 [main] DEBUG - Save part 'xl/worksheets/sheet1.xml'
05:05:51.708 [main] DEBUG - Save part 'xl/worksheets/sheet2.xml'
05:05:51.708 [main] DEBUG - Save part 'xl/worksheets/sheet3.xml'
05:05:51.709 [main] DEBUG - Save part 'xl/worksheets/sheet4.xml'
05:05:51.709 [main] DEBUG - Save part 'xl/worksheets/sheet5.xml'
05:05:51.749 [main] DEBUG - Parsing relationship: /xl/_rels/workbook.xml.rels
05:05:51.749 [main] DEBUG - Parsing relationship: /xl/worksheets/_rels/sheet1.xml.rels
05:05:51.750 [main] DEBUG - Parsing relationship: /_rels/.rels
05:05:51.774 [main] DEBUG - Save content types part
05:05:51.775 [main] DEBUG - Save package relationships
05:05:51.776 [main] DEBUG - Save part 'docProps/app.xml'
05:05:51.776 [main] DEBUG - Save part 'docProps/core.xml'
05:05:51.778 [main] DEBUG - Save part 'xl/sharedStrings.xml'
05:05:51.778 [main] DEBUG - Save part 'xl/styles.xml'
05:05:51.778 [main] DEBUG - Save part 'xl/theme/theme1.xml'
05:05:51.779 [main] DEBUG - Save part 'xl/workbook.xml'
05:05:51.780 [main] DEBUG - Save part 'xl/worksheets/sheet1.xml'
05:05:51.781 [main] DEBUG - Save part 'xl/worksheets/sheet2.xml'
05:05:51.781 [main] DEBUG - Save part 'xl/worksheets/sheet3.xml'
05:05:51.782 [main] DEBUG - Save part 'xl/worksheets/sheet4.xml'
05:05:51.782 [main] DEBUG - Save part 'xl/worksheets/sheet5.xml'
05:05:51.787 [main] DEBUG - Parsing relationship: /xl/_rels/workbook.xml.rels
05:05:51.788 [main] DEBUG - Parsing relationship: /xl/worksheets/_rels/sheet1.xml.rels
05:05:51.788 [main] DEBUG - Parsing relationship: /_rels/.rels
05:05:51.817 [main] DEBUG - Save content types part
05:05:51.819 [main] DEBUG - Save package relationships
05:05:51.821 [main] DEBUG - Save part 'docProps/app.xml'
05:05:51.822 [main] DEBUG - Save part 'docProps/core.xml'
05:05:51.823 [main] DEBUG - Save part 'xl/sharedStrings.xml'
05:05:51.823 [main] DEBUG - Save part 'xl/styles.xml'
05:05:51.825 [main] DEBUG - Save part 'xl/theme/theme1.xml'
05:05:51.825 [main] DEBUG - Save part 'xl/workbook.xml'
05:05:51.826 [main] DEBUG - Save part 'xl/worksheets/sheet1.xml'
05:05:51.828 [main] DEBUG - Save part 'xl/worksheets/sheet2.xml'
05:05:51.828 [main] DEBUG - Save part 'xl/worksheets/sheet3.xml'
05:05:51.828 [main] DEBUG - Save part 'xl/worksheets/sheet4.xml'
05:05:51.828 [main] DEBUG - Save part 'xl/worksheets/sheet5.xml'
05:05:51.864 [main] DEBUG - Parsing relationship: /xl/_rels/workbook.xml.rels
05:05:51.866 [main] DEBUG - Parsing relationship: /xl/worksheets/_rels/sheet1.xml.rels
05:05:51.867 [main] DEBUG - Parsing relationship: /_rels/.rels
05:05:51.898 [main] DEBUG - Save content types part
05:05:51.900 [main] DEBUG - Save package relationships
05:05:51.901 [main] DEBUG - Save part 'docProps/app.xml'
05:05:51.901 [main] DEBUG - Save part 'docProps/core.xml'
05:05:51.903 [main] DEBUG - Save part 'xl/sharedStrings.xml'
05:05:51.903 [main] DEBUG - Save part 'xl/styles.xml'
05:05:51.904 [main] DEBUG - Save part 'xl/theme/theme1.xml'
05:05:51.904 [main] DEBUG - Save part 'xl/workbook.xml'
05:05:51.905 [main] DEBUG - Save part 'xl/worksheets/sheet1.xml'
05:05:51.906 [main] DEBUG - Save part 'xl/worksheets/sheet2.xml'
05:05:51.907 [main] DEBUG - Save part 'xl/worksheets/sheet3.xml'
05:05:51.907 [main] DEBUG - Save part 'xl/worksheets/sheet4.xml'
05:05:51.907 [main] DEBUG - Save part 'xl/worksheets/sheet5.xml'
05:05:51.913 [main] DEBUG - Parsing relationship: /xl/_rels/workbook.xml.rels
05:05:51.914 [main] DEBUG - Parsing relationship: /xl/worksheets/_rels/sheet1.xml.rels
05:05:51.914 [main] DEBUG - Parsing relationship: /_rels/.rels
05:05:51.940 [main] DEBUG - Save content types part
05:05:51.942 [main] DEBUG - Save package relationships
05:05:51.944 [main] DEBUG - Save part 'docProps/app.xml'
05:05:51.944 [main] DEBUG - Save part 'docProps/core.xml'
05:05:51.946 [main] DEBUG - Save part 'xl/sharedStrings.xml'
05:05:51.947 [main] DEBUG - Save part 'xl/styles.xml'
05:05:51.947 [main] DEBUG - Save part 'xl/theme/theme1.xml'
05:05:51.947 [main] DEBUG - Save part 'xl/workbook.xml'
05:05:51.949 [main] DEBUG - Save part 'xl/worksheets/sheet1.xml'
05:05:51.951 [main] DEBUG - Save part 'xl/worksheets/sheet2.xml'
05:05:51.952 [main] DEBUG - Save part 'xl/worksheets/sheet3.xml'
05:05:51.952 [main] DEBUG - Save part 'xl/worksheets/sheet4.xml'
05:05:51.952 [main] DEBUG - Save part 'xl/worksheets/sheet5.xml'
05:05:51.998 [main] DEBUG - Parsing relationship: /xl/_rels/workbook.xml.rels
05:05:51.999 [main] DEBUG - Parsing relationship: /xl/worksheets/_rels/sheet1.xml.rels
05:05:51.999 [main] DEBUG - Parsing relationship: /_rels/.rels
05:05:52.029 [main] DEBUG - Save content types part
05:05:52.031 [main] DEBUG - Save package relationships
05:05:52.033 [main] DEBUG - Save part 'docProps/app.xml'
05:05:52.033 [main] DEBUG - Save part 'docProps/core.xml'
05:05:52.035 [main] DEBUG - Save part 'xl/sharedStrings.xml'
05:05:52.035 [main] DEBUG - Save part 'xl/styles.xml'
05:05:52.035 [main] DEBUG - Save part 'xl/theme/theme1.xml'
05:05:52.036 [main] DEBUG - Save part 'xl/workbook.xml'
05:05:52.037 [main] DEBUG - Save part 'xl/worksheets/sheet1.xml'
05:05:52.039 [main] DEBUG - Save part 'xl/worksheets/sheet2.xml'
05:05:52.039 [main] DEBUG - Save part 'xl/worksheets/sheet3.xml'
05:05:52.040 [main] DEBUG - Save part 'xl/worksheets/sheet4.xml'
05:05:52.040 [main] DEBUG - Save part 'xl/worksheets/sheet5.xml'
05:05:52.049 [main] DEBUG - Parsing relationship: /xl/_rels/workbook.xml.rels
05:05:52.049 [main] DEBUG - Parsing relationship: /xl/worksheets/_rels/sheet1.xml.rels
05:05:52.050 [main] DEBUG - Parsing relationship: /_rels/.rels
05:05:52.075 [main] DEBUG - Save content types part
05:05:52.076 [main] DEBUG - Save package relationships
05:05:52.077 [main] DEBUG - Save part 'docProps/app.xml'
05:05:52.077 [main] DEBUG - Save part 'docProps/core.xml'
05:05:52.078 [main] DEBUG - Save part 'xl/sharedStrings.xml'
05:05:52.079 [main] DEBUG - Save part 'xl/styles.xml'
05:05:52.079 [main] DEBUG - Save part 'xl/theme/theme1.xml'
05:05:52.079 [main] DEBUG - Save part 'xl/workbook.xml'
05:05:52.081 [main] DEBUG - Save part 'xl/worksheets/sheet1.xml'
05:05:52.082 [main] DEBUG - Save part 'xl/worksheets/sheet2.xml'
05:05:52.082 [main] DEBUG - Save part 'xl/worksheets/sheet3.xml'
05:05:52.082 [main] DEBUG - Save part 'xl/worksheets/sheet4.xml'
05:05:52.083 [main] DEBUG - Save part 'xl/worksheets/sheet5.xml'
05:05:52.124 [main] DEBUG - Parsing relationship: /xl/_rels/workbook.xml.rels
05:05:52.125 [main] DEBUG - Parsing relationship: /xl/worksheets/_rels/sheet1.xml.rels
05:05:52.125 [main] DEBUG - Parsing relationship: /_rels/.rels
05:05:52.155 [main] DEBUG - Save content types part
05:05:52.157 [main] DEBUG - Save package relationships
05:05:52.158 [main] DEBUG - Save part 'docProps/app.xml'
05:05:52.158 [main] DEBUG - Save part 'docProps/core.xml'
05:05:52.160 [main] DEBUG - Save part 'xl/sharedStrings.xml'
05:05:52.160 [main] DEBUG - Save part 'xl/styles.xml'
05:05:52.161 [main] DEBUG - Save part 'xl/theme/theme1.xml'
05:05:52.161 [main] DEBUG - Save part 'xl/workbook.xml'
05:05:52.163 [main] DEBUG - Save part 'xl/worksheets/sheet1.xml'
05:05:52.165 [main] DEBUG - Save part 'xl/worksheets/sheet2.xml'
05:05:52.165 [main] DEBUG - Save part 'xl/worksheets/sheet3.xml'
05:05:52.166 [main] DEBUG - Save part 'xl/worksheets/sheet4.xml'
05:05:52.166 [main] DEBUG - Save part 'xl/worksheets/sheet5.xml'
05:05:52.172 [main] DEBUG - Parsing relationship: /xl/_rels/workbook.xml.rels
05:05:52.173 [main] DEBUG - Parsing relationship: /xl/worksheets/_rels/sheet1.xml.rels
05:05:52.174 [main] DEBUG - Parsing relationship: /_rels/.rels
05:05:52.207 [main] DEBUG - Save content types part
