15:01:51.170 [main] TRACE - Resolving type for handle ctsst44f3type
15:01:51.191 [main] TRACE - Resolving type for handle ctrsta472type
15:01:51.239 [main] TRACE - Resolving type for handle workbookec17doctype
15:01:51.243 [main] TRACE - Resolving type for handle ctworkbook83c3type
15:01:51.247 [main] TRACE - Resolving type for handle ctsheets49fdtype
15:01:51.250 [main] TRACE - Resolving type for handle ctsheet4dbetype
15:01:51.252 [main] TRACE - Resolving type for handle strelationshipid1e94type
15:01:51.254 [main] TRACE - Resolving type for handle worksheetf539doctype
15:01:51.258 [main] TRACE - Resolving type for handle ctworksheet530dtype
15:01:51.274 [main] TRACE - Resolving type for handle ctcols627ctype
15:01:51.281 [main] TRACE - Resolving type for handle ctcola95ftype
15:01:51.301 [main] TRACE - Resolving type for handle ctsheetdata8408type
15:01:51.307 [main] TRACE - Resolving type for handle ctrowdd39type
15:01:51.314 [main] TRACE - Resolving type for handle ctcell842btype
15:01:51.322 [main] TRACE - Resolving type for handle stcellrefe4e0type
15:01:51.330 [main] TRACE - Resolving type for handle cthyperlinks6416type
15:01:51.332 [main] TRACE - Resolving type for handle cthyperlink0c85type
15:01:51.362 [main] TRACE - Resolving type for handle stcelltypebf95type
15:01:51.380 [main] TRACE - Resolving type for handle stcellstylexfid70c7type
15:01:51.390 [main] TRACE - Resolving type for handle ctsheetdimensiond310type
15:01:51.391 [main] TRACE - Resolving type for handle stref90a2type
15:01:51.419 [main] TRACE - Resolving type for handle propertiesee84doctype
15:01:51.422 [main] TRACE - Resolving type for handle ctproperties3f10type
15:01:51.428 [main] TRACE - Resolving type for handle properties288cdoctype
15:01:51.430 [main] TRACE - Resolving type for handle ctproperties2c18type
15:01:51.446 [main] DEBUG - Save content types part
15:01:51.540 [main] DEBUG - Save package relationships
15:01:51.544 [main] DEBUG - Save part 'docProps/app.xml'
15:01:51.545 [main] DEBUG - Save part 'docProps/core.xml'
15:01:51.551 [main] DEBUG - Save part 'xl/sharedStrings.xml'
15:01:51.552 [main] DEBUG - Save part 'xl/styles.xml'
15:01:51.552 [main] DEBUG - Save part 'xl/theme/theme1.xml'
15:01:51.552 [main] DEBUG - Save part 'xl/workbook.xml'
15:01:51.554 [main] DEBUG - Save part 'xl/worksheets/sheet1.xml'
15:01:51.555 [main] DEBUG - Save part 'xl/worksheets/sheet2.xml'
15:01:51.555 [main] DEBUG - Save part 'xl/worksheets/sheet3.xml'
15:01:51.556 [main] DEBUG - Save part 'xl/worksheets/sheet4.xml'
15:01:51.556 [main] DEBUG - Save part 'xl/worksheets/sheet5.xml'
15:01:51.565 [main] DEBUG - Parsing relationship: /xl/_rels/workbook.xml.rels
15:01:51.566 [main] DEBUG - Parsing relationship: /xl/worksheets/_rels/sheet1.xml.rels
15:01:51.567 [main] DEBUG - Parsing relationship: /_rels/.rels
15:01:51.612 [main] DEBUG - Save content types part
15:01:51.613 [main] DEBUG - Save package relationships
15:01:51.614 [main] DEBUG - Save part 'docProps/app.xml'
15:01:51.614 [main] DEBUG - Save part 'docProps/core.xml'
15:01:51.615 [main] DEBUG - Save part 'xl/sharedStrings.xml'
15:01:51.615 [main] DEBUG - Save part 'xl/styles.xml'
15:01:51.616 [main] DEBUG - Save part 'xl/theme/theme1.xml'
15:01:51.616 [main] DEBUG - Save part 'xl/workbook.xml'
15:01:51.618 [main] DEBUG - Save part 'xl/worksheets/sheet1.xml'
15:01:51.620 [main] DEBUG - Save part 'xl/worksheets/sheet2.xml'
15:01:51.621 [main] DEBUG - Save part 'xl/worksheets/sheet3.xml'
15:01:51.621 [main] DEBUG - Save part 'xl/worksheets/sheet4.xml'
15:01:51.621 [main] DEBUG - Save part 'xl/worksheets/sheet5.xml'
15:01:51.627 [main] DEBUG - Parsing relationship: /xl/_rels/workbook.xml.rels
15:01:51.628 [main] DEBUG - Parsing relationship: /xl/worksheets/_rels/sheet1.xml.rels
15:01:51.628 [main] DEBUG - Parsing relationship: /_rels/.rels
15:01:51.688 [main] DEBUG - Save content types part
15:01:51.689 [main] DEBUG - Save package relationships
15:01:51.690 [main] DEBUG - Save part 'docProps/app.xml'
15:01:51.690 [main] DEBUG - Save part 'docProps/core.xml'
15:01:51.691 [main] DEBUG - Save part 'xl/sharedStrings.xml'
15:01:51.691 [main] DEBUG - Save part 'xl/styles.xml'
15:01:51.691 [main] DEBUG - Save part 'xl/theme/theme1.xml'
15:01:51.692 [main] DEBUG - Save part 'xl/workbook.xml'
15:01:51.692 [main] DEBUG - Save part 'xl/worksheets/sheet1.xml'
15:01:51.693 [main] DEBUG - Save part 'xl/worksheets/sheet2.xml'
15:01:51.693 [main] DEBUG - Save part 'xl/worksheets/sheet3.xml'
15:01:51.693 [main] DEBUG - Save part 'xl/worksheets/sheet4.xml'
15:01:51.694 [main] DEBUG - Save part 'xl/worksheets/sheet5.xml'
15:01:53.965 [main] INFO  - Taking screenshot
15:01:58.041 [main] INFO  - Clicking Second Course
15:01:58.262 [main] INFO  - Taking screenshot
15:01:58.262 [main] INFO  - Getting window handles
15:01:58.285 [main] INFO  - Checking Second Course Title
15:02:00.606 [main] INFO  - Extracting Second course details
15:02:00.690 [main] DEBUG - Parsing relationship: /xl/_rels/workbook.xml.rels
15:02:00.691 [main] DEBUG - Parsing relationship: /xl/worksheets/_rels/sheet1.xml.rels
15:02:00.692 [main] DEBUG - Parsing relationship: /_rels/.rels
15:02:00.732 [main] DEBUG - Save content types part
15:02:00.734 [main] DEBUG - Save package relationships
15:02:00.737 [main] DEBUG - Save part 'docProps/app.xml'
15:02:00.737 [main] DEBUG - Save part 'docProps/core.xml'
15:02:00.739 [main] DEBUG - Save part 'xl/sharedStrings.xml'
15:02:00.739 [main] DEBUG - Save part 'xl/styles.xml'
15:02:00.739 [main] DEBUG - Save part 'xl/theme/theme1.xml'
15:02:00.739 [main] DEBUG - Save part 'xl/workbook.xml'
15:02:00.741 [main] DEBUG - Save part 'xl/worksheets/sheet1.xml'
15:02:00.741 [main] DEBUG - Save part 'xl/worksheets/sheet2.xml'
15:02:00.742 [main] DEBUG - Save part 'xl/worksheets/sheet3.xml'
15:02:00.742 [main] DEBUG - Save part 'xl/worksheets/sheet4.xml'
15:02:00.743 [main] DEBUG - Save part 'xl/worksheets/sheet5.xml'
15:02:00.747 [main] DEBUG - Parsing relationship: /xl/_rels/workbook.xml.rels
15:02:00.748 [main] DEBUG - Parsing relationship: /xl/worksheets/_rels/sheet1.xml.rels
15:02:00.748 [main] DEBUG - Parsing relationship: /_rels/.rels
15:02:00.775 [main] DEBUG - Save content types part
15:02:00.777 [main] DEBUG - Save package relationships
15:02:00.777 [main] DEBUG - Save part 'docProps/app.xml'
15:02:00.778 [main] DEBUG - Save part 'docProps/core.xml'
15:02:00.778 [main] DEBUG - Save part 'xl/sharedStrings.xml'
15:02:00.779 [main] DEBUG - Save part 'xl/styles.xml'
15:02:00.779 [main] DEBUG - Save part 'xl/theme/theme1.xml'
15:02:00.779 [main] DEBUG - Save part 'xl/workbook.xml'
15:02:00.780 [main] DEBUG - Save part 'xl/worksheets/sheet1.xml'
15:02:00.781 [main] DEBUG - Save part 'xl/worksheets/sheet2.xml'
15:02:00.782 [main] DEBUG - Save part 'xl/worksheets/sheet3.xml'
15:02:00.782 [main] DEBUG - Save part 'xl/worksheets/sheet4.xml'
15:02:00.783 [main] DEBUG - Save part 'xl/worksheets/sheet5.xml'
15:02:00.788 [main] DEBUG - Parsing relationship: /xl/_rels/workbook.xml.rels
15:02:00.789 [main] DEBUG - Parsing relationship: /xl/worksheets/_rels/sheet1.xml.rels
15:02:00.789 [main] DEBUG - Parsing relationship: /_rels/.rels
15:02:00.815 [main] DEBUG - Save content types part
15:02:00.817 [main] DEBUG - Save package relationships
15:02:00.819 [main] DEBUG - Save part 'docProps/app.xml'
15:02:00.819 [main] DEBUG - Save part 'docProps/core.xml'
15:02:00.820 [main] DEBUG - Save part 'xl/sharedStrings.xml'
15:02:00.820 [main] DEBUG - Save part 'xl/styles.xml'
15:02:00.821 [main] DEBUG - Save part 'xl/theme/theme1.xml'
15:02:00.821 [main] DEBUG - Save part 'xl/workbook.xml'
15:02:00.822 [main] DEBUG - Save part 'xl/worksheets/sheet1.xml'
15:02:00.822 [main] DEBUG - Save part 'xl/worksheets/sheet2.xml'
15:02:00.823 [main] DEBUG - Save part 'xl/worksheets/sheet3.xml'
15:02:00.823 [main] DEBUG - Save part 'xl/worksheets/sheet4.xml'
15:02:00.823 [main] DEBUG - Save part 'xl/worksheets/sheet5.xml'
15:02:02.882 [main] INFO  - Returning to Parent Window
15:02:03.049 [main] INFO  - Taking screenshot
15:02:03.163 [main] INFO  - Clearing search box
15:02:03.326 [main] INFO  - Taking screenshot
15:02:03.411 [main] INFO  - Searching values
15:02:03.569 [main] INFO  - Taking screenshot
15:02:03.570 [main] INFO  - Clicking search button
15:02:03.889 [main] INFO  - Taking screenshot
15:02:03.889 [main] INFO  - Clicking See All link
15:02:04.084 [main] INFO  - Taking screenshot
15:02:04.126 [main] DEBUG - Parsing relationship: /xl/_rels/workbook.xml.rels
15:02:04.127 [main] DEBUG - Parsing relationship: /xl/worksheets/_rels/sheet1.xml.rels
15:02:04.127 [main] DEBUG - Parsing relationship: /_rels/.rels
15:02:04.176 [main] DEBUG - Save content types part
15:02:04.177 [main] DEBUG - Save package relationships
15:02:04.178 [main] DEBUG - Save part 'docProps/app.xml'
15:02:04.178 [main] DEBUG - Save part 'docProps/core.xml'
15:02:04.179 [main] DEBUG - Save part 'xl/sharedStrings.xml'
15:02:04.179 [main] DEBUG - Save part 'xl/styles.xml'
15:02:04.179 [main] DEBUG - Save part 'xl/theme/theme1.xml'
15:02:04.180 [main] DEBUG - Save part 'xl/workbook.xml'
15:02:04.181 [main] DEBUG - Save part 'xl/worksheets/sheet1.xml'
15:02:04.181 [main] DEBUG - Save part 'xl/worksheets/sheet2.xml'
15:02:04.181 [main] DEBUG - Save part 'xl/worksheets/sheet3.xml'
15:02:04.182 [main] DEBUG - Save part 'xl/worksheets/sheet4.xml'
15:02:04.182 [main] DEBUG - Save part 'xl/worksheets/sheet5.xml'
15:02:04.186 [main] DEBUG - Parsing relationship: /xl/_rels/workbook.xml.rels
15:02:04.186 [main] DEBUG - Parsing relationship: /xl/worksheets/_rels/sheet1.xml.rels
15:02:04.187 [main] DEBUG - Parsing relationship: /_rels/.rels
15:02:04.213 [main] DEBUG - Save content types part
15:02:04.214 [main] DEBUG - Save package relationships
15:02:04.216 [main] DEBUG - Save part 'docProps/app.xml'
15:02:04.216 [main] DEBUG - Save part 'docProps/core.xml'
15:02:04.217 [main] DEBUG - Save part 'xl/sharedStrings.xml'
15:02:04.218 [main] DEBUG - Save part 'xl/styles.xml'
15:02:04.218 [main] DEBUG - Save part 'xl/theme/theme1.xml'
15:02:04.218 [main] DEBUG - Save part 'xl/workbook.xml'
15:02:04.219 [main] DEBUG - Save part 'xl/worksheets/sheet1.xml'
15:02:04.221 [main] DEBUG - Save part 'xl/worksheets/sheet2.xml'
15:02:04.221 [main] DEBUG - Save part 'xl/worksheets/sheet3.xml'
15:02:04.221 [main] DEBUG - Save part 'xl/worksheets/sheet4.xml'
15:02:04.222 [main] DEBUG - Save part 'xl/worksheets/sheet5.xml'
15:02:04.413 [main] DEBUG - Parsing relationship: /xl/_rels/workbook.xml.rels
15:02:04.413 [main] DEBUG - Parsing relationship: /xl/worksheets/_rels/sheet1.xml.rels
15:02:04.414 [main] DEBUG - Parsing relationship: /_rels/.rels
15:02:04.449 [main] DEBUG - Save content types part
15:02:04.451 [main] DEBUG - Save package relationships
15:02:04.452 [main] DEBUG - Save part 'docProps/app.xml'
15:02:04.452 [main] DEBUG - Save part 'docProps/core.xml'
15:02:04.453 [main] DEBUG - Save part 'xl/sharedStrings.xml'
15:02:04.453 [main] DEBUG - Save part 'xl/styles.xml'
15:02:04.454 [main] DEBUG - Save part 'xl/theme/theme1.xml'
15:02:04.454 [main] DEBUG - Save part 'xl/workbook.xml'
15:02:04.455 [main] DEBUG - Save part 'xl/worksheets/sheet1.xml'
15:02:04.456 [main] DEBUG - Save part 'xl/worksheets/sheet2.xml'
15:02:04.456 [main] DEBUG - Save part 'xl/worksheets/sheet3.xml'
15:02:04.456 [main] DEBUG - Save part 'xl/worksheets/sheet4.xml'
15:02:04.456 [main] DEBUG - Save part 'xl/worksheets/sheet5.xml'
15:02:04.461 [main] DEBUG - Parsing relationship: /xl/_rels/workbook.xml.rels
15:02:04.462 [main] DEBUG - Parsing relationship: /xl/worksheets/_rels/sheet1.xml.rels
15:02:04.462 [main] DEBUG - Parsing relationship: /_rels/.rels
15:02:04.484 [main] DEBUG - Save content types part
15:02:04.485 [main] DEBUG - Save package relationships
15:02:04.486 [main] DEBUG - Save part 'docProps/app.xml'
15:02:04.486 [main] DEBUG - Save part 'docProps/core.xml'
15:02:04.487 [main] DEBUG - Save part 'xl/sharedStrings.xml'
15:02:04.487 [main] DEBUG - Save part 'xl/styles.xml'
15:02:04.488 [main] DEBUG - Save part 'xl/theme/theme1.xml'
15:02:04.488 [main] DEBUG - Save part 'xl/workbook.xml'
15:02:04.489 [main] DEBUG - Save part 'xl/worksheets/sheet1.xml'
15:02:04.489 [main] DEBUG - Save part 'xl/worksheets/sheet2.xml'
15:02:04.489 [main] DEBUG - Save part 'xl/worksheets/sheet3.xml'
15:02:04.490 [main] DEBUG - Save part 'xl/worksheets/sheet4.xml'
15:02:04.490 [main] DEBUG - Save part 'xl/worksheets/sheet5.xml'
15:02:04.563 [main] DEBUG - Parsing relationship: /xl/_rels/workbook.xml.rels
15:02:04.563 [main] DEBUG - Parsing relationship: /xl/worksheets/_rels/sheet1.xml.rels
15:02:04.564 [main] DEBUG - Parsing relationship: /_rels/.rels
15:02:04.583 [main] DEBUG - Save content types part
15:02:04.585 [main] DEBUG - Save package relationships
15:02:04.585 [main] DEBUG - Save part 'docProps/app.xml'
15:02:04.585 [main] DEBUG - Save part 'docProps/core.xml'
15:02:04.587 [main] DEBUG - Save part 'xl/sharedStrings.xml'
15:02:04.587 [main] DEBUG - Save part 'xl/styles.xml'
15:02:04.587 [main] DEBUG - Save part 'xl/theme/theme1.xml'
15:02:04.587 [main] DEBUG - Save part 'xl/workbook.xml'
15:02:04.588 [main] DEBUG - Save part 'xl/worksheets/sheet1.xml'
15:02:04.589 [main] DEBUG - Save part 'xl/worksheets/sheet2.xml'
15:02:04.589 [main] DEBUG - Save part 'xl/worksheets/sheet3.xml'
15:02:04.589 [main] DEBUG - Save part 'xl/worksheets/sheet4.xml'
15:02:04.589 [main] DEBUG - Save part 'xl/worksheets/sheet5.xml'
15:02:04.593 [main] DEBUG - Parsing relationship: /xl/_rels/workbook.xml.rels
15:02:04.594 [main] DEBUG - Parsing relationship: /xl/worksheets/_rels/sheet1.xml.rels
15:02:04.594 [main] DEBUG - Parsing relationship: /_rels/.rels
15:02:04.613 [main] DEBUG - Save content types part
15:02:04.614 [main] DEBUG - Save package relationships
15:02:04.616 [main] DEBUG - Save part 'docProps/app.xml'
15:02:04.616 [main] DEBUG - Save part 'docProps/core.xml'
15:02:04.617 [main] DEBUG - Save part 'xl/sharedStrings.xml'
15:02:04.617 [main] DEBUG - Save part 'xl/styles.xml'
15:02:04.617 [main] DEBUG - Save part 'xl/theme/theme1.xml'
15:02:04.617 [main] DEBUG - Save part 'xl/workbook.xml'
15:02:04.618 [main] DEBUG - Save part 'xl/worksheets/sheet1.xml'
15:02:04.619 [main] DEBUG - Save part 'xl/worksheets/sheet2.xml'
15:02:04.619 [main] DEBUG - Save part 'xl/worksheets/sheet3.xml'
15:02:04.619 [main] DEBUG - Save part 'xl/worksheets/sheet4.xml'
15:02:04.619 [main] DEBUG - Save part 'xl/worksheets/sheet5.xml'
15:02:04.656 [main] DEBUG - Parsing relationship: /xl/_rels/workbook.xml.rels
15:02:04.656 [main] DEBUG - Parsing relationship: /xl/worksheets/_rels/sheet1.xml.rels
15:02:04.657 [main] DEBUG - Parsing relationship: /_rels/.rels
15:02:04.693 [main] DEBUG - Save content types part
15:02:04.694 [main] DEBUG - Save package relationships
15:02:04.695 [main] DEBUG - Save part 'docProps/app.xml'
15:02:04.695 [main] DEBUG - Save part 'docProps/core.xml'
15:02:04.696 [main] DEBUG - Save part 'xl/sharedStrings.xml'
15:02:04.696 [main] DEBUG - Save part 'xl/styles.xml'
15:02:04.696 [main] DEBUG - Save part 'xl/theme/theme1.xml'
15:02:04.696 [main] DEBUG - Save part 'xl/workbook.xml'
15:02:04.698 [main] DEBUG - Save part 'xl/worksheets/sheet1.xml'
15:02:04.699 [main] DEBUG - Save part 'xl/worksheets/sheet2.xml'
15:02:04.699 [main] DEBUG - Save part 'xl/worksheets/sheet3.xml'
15:02:04.699 [main] DEBUG - Save part 'xl/worksheets/sheet4.xml'
15:02:04.700 [main] DEBUG - Save part 'xl/worksheets/sheet5.xml'
15:02:04.705 [main] DEBUG - Parsing relationship: /xl/_rels/workbook.xml.rels
15:02:04.705 [main] DEBUG - Parsing relationship: /xl/worksheets/_rels/sheet1.xml.rels
15:02:04.705 [main] DEBUG - Parsing relationship: /_rels/.rels
15:02:04.724 [main] DEBUG - Save content types part
15:02:04.725 [main] DEBUG - Save package relationships
15:02:04.725 [main] DEBUG - Save part 'docProps/app.xml'
15:02:04.725 [main] DEBUG - Save part 'docProps/core.xml'
15:02:04.726 [main] DEBUG - Save part 'xl/sharedStrings.xml'
15:02:04.726 [main] DEBUG - Save part 'xl/styles.xml'
15:02:04.726 [main] DEBUG - Save part 'xl/theme/theme1.xml'
15:02:04.727 [main] DEBUG - Save part 'xl/workbook.xml'
15:02:04.727 [main] DEBUG - Save part 'xl/worksheets/sheet1.xml'
15:02:04.728 [main] DEBUG - Save part 'xl/worksheets/sheet2.xml'
15:02:04.728 [main] DEBUG - Save part 'xl/worksheets/sheet3.xml'
15:02:04.728 [main] DEBUG - Save part 'xl/worksheets/sheet4.xml'
15:02:04.728 [main] DEBUG - Save part 'xl/worksheets/sheet5.xml'
15:02:04.758 [main] DEBUG - Parsing relationship: /xl/_rels/workbook.xml.rels
15:02:04.758 [main] DEBUG - Parsing relationship: /xl/worksheets/_rels/sheet1.xml.rels
15:02:04.758 [main] DEBUG - Parsing relationship: /_rels/.rels
15:02:04.780 [main] DEBUG - Save content types part
15:02:04.781 [main] DEBUG - Save package relationships
15:02:04.783 [main] DEBUG - Save part 'docProps/app.xml'
15:02:04.783 [main] DEBUG - Save part 'docProps/core.xml'
15:02:04.784 [main] DEBUG - Save part 'xl/sharedStrings.xml'
15:02:04.785 [main] DEBUG - Save part 'xl/styles.xml'
15:02:04.785 [main] DEBUG - Save part 'xl/theme/theme1.xml'
15:02:04.785 [main] DEBUG - Save part 'xl/workbook.xml'
15:02:04.786 [main] DEBUG - Save part 'xl/worksheets/sheet1.xml'
15:02:04.787 [main] DEBUG - Save part 'xl/worksheets/sheet2.xml'
15:02:04.787 [main] DEBUG - Save part 'xl/worksheets/sheet3.xml'
15:02:04.787 [main] DEBUG - Save part 'xl/worksheets/sheet4.xml'
15:02:04.787 [main] DEBUG - Save part 'xl/worksheets/sheet5.xml'
15:02:04.790 [main] DEBUG - Parsing relationship: /xl/_rels/workbook.xml.rels
15:02:04.791 [main] DEBUG - Parsing relationship: /xl/worksheets/_rels/sheet1.xml.rels
15:02:04.791 [main] DEBUG - Parsing relationship: /_rels/.rels
15:02:04.819 [main] DEBUG - Save content types part
15:02:04.820 [main] DEBUG - Save package relationships
15:02:04.820 [main] DEBUG - Save part 'docProps/app.xml'
15:02:04.820 [main] DEBUG - Save part 'docProps/core.xml'
15:02:04.821 [main] DEBUG - Save part 'xl/sharedStrings.xml'
15:02:04.821 [main] DEBUG - Save part 'xl/styles.xml'
15:02:04.821 [main] DEBUG - Save part 'xl/theme/theme1.xml'
15:02:04.822 [main] DEBUG - Save part 'xl/workbook.xml'
15:02:04.822 [main] DEBUG - Save part 'xl/worksheets/sheet1.xml'
15:02:04.823 [main] DEBUG - Save part 'xl/worksheets/sheet2.xml'
15:02:04.823 [main] DEBUG - Save part 'xl/worksheets/sheet3.xml'
15:02:04.823 [main] DEBUG - Save part 'xl/worksheets/sheet4.xml'
15:02:04.823 [main] DEBUG - Save part 'xl/worksheets/sheet5.xml'
15:02:04.854 [main] DEBUG - Parsing relationship: /xl/_rels/workbook.xml.rels
15:02:04.854 [main] DEBUG - Parsing relationship: /xl/worksheets/_rels/sheet1.xml.rels
15:02:04.856 [main] DEBUG - Parsing relationship: /_rels/.rels
15:02:04.875 [main] DEBUG - Save content types part
15:02:04.877 [main] DEBUG - Save package relationships
15:02:04.878 [main] DEBUG - Save part 'docProps/app.xml'
15:02:04.879 [main] DEBUG - Save part 'docProps/core.xml'
15:02:04.880 [main] DEBUG - Save part 'xl/sharedStrings.xml'
15:02:04.880 [main] DEBUG - Save part 'xl/styles.xml'
15:02:04.880 [main] DEBUG - Save part 'xl/theme/theme1.xml'
15:02:04.881 [main] DEBUG - Save part 'xl/workbook.xml'
15:02:04.881 [main] DEBUG - Save part 'xl/worksheets/sheet1.xml'
15:02:04.882 [main] DEBUG - Save part 'xl/worksheets/sheet2.xml'
15:02:04.882 [main] DEBUG - Save part 'xl/worksheets/sheet3.xml'
15:02:04.882 [main] DEBUG - Save part 'xl/worksheets/sheet4.xml'
15:02:04.882 [main] DEBUG - Save part 'xl/worksheets/sheet5.xml'
15:02:04.886 [main] DEBUG - Parsing relationship: /xl/_rels/workbook.xml.rels
15:02:04.887 [main] DEBUG - Parsing relationship: /xl/worksheets/_rels/sheet1.xml.rels
15:02:04.887 [main] DEBUG - Parsing relationship: /_rels/.rels
15:02:04.905 [main] DEBUG - Save content types part
15:02:04.906 [main] DEBUG - Save package relationships
15:02:04.906 [main] DEBUG - Save part 'docProps/app.xml'
15:02:04.906 [main] DEBUG - Save part 'docProps/core.xml'
15:02:04.907 [main] DEBUG - Save part 'xl/sharedStrings.xml'
15:02:04.907 [main] DEBUG - Save part 'xl/styles.xml'
15:02:04.907 [main] DEBUG - Save part 'xl/theme/theme1.xml'
15:02:04.907 [main] DEBUG - Save part 'xl/workbook.xml'
15:02:04.908 [main] DEBUG - Save part 'xl/worksheets/sheet1.xml'
15:02:04.909 [main] DEBUG - Save part 'xl/worksheets/sheet2.xml'
15:02:04.909 [main] DEBUG - Save part 'xl/worksheets/sheet3.xml'
15:02:04.909 [main] DEBUG - Save part 'xl/worksheets/sheet4.xml'
15:02:04.909 [main] DEBUG - Save part 'xl/worksheets/sheet5.xml'
15:02:04.934 [main] DEBUG - Parsing relationship: /xl/_rels/workbook.xml.rels
15:02:04.935 [main] DEBUG - Parsing relationship: /xl/worksheets/_rels/sheet1.xml.rels
15:02:04.935 [main] DEBUG - Parsing relationship: /_rels/.rels
15:02:04.949 [main] DEBUG - Save content types part
15:02:04.950 [main] DEBUG - Save package relationships
15:02:04.951 [main] DEBUG - Save part 'docProps/app.xml'
15:02:04.951 [main] DEBUG - Save part 'docProps/core.xml'
15:02:04.952 [main] DEBUG - Save part 'xl/sharedStrings.xml'
15:02:04.952 [main] DEBUG - Save part 'xl/styles.xml'
15:02:04.952 [main] DEBUG - Save part 'xl/theme/theme1.xml'
15:02:04.952 [main] DEBUG - Save part 'xl/workbook.xml'
15:02:04.954 [main] DEBUG - Save part 'xl/worksheets/sheet1.xml'
15:02:04.954 [main] DEBUG - Save part 'xl/worksheets/sheet2.xml'
15:02:04.954 [main] DEBUG - Save part 'xl/worksheets/sheet3.xml'
15:02:04.954 [main] DEBUG - Save part 'xl/worksheets/sheet4.xml'
15:02:04.955 [main] DEBUG - Save part 'xl/worksheets/sheet5.xml'
15:02:04.958 [main] DEBUG - Parsing relationship: /xl/_rels/workbook.xml.rels
15:02:04.959 [main] DEBUG - Parsing relationship: /xl/worksheets/_rels/sheet1.xml.rels
15:02:04.959 [main] DEBUG - Parsing relationship: /_rels/.rels
15:02:04.980 [main] DEBUG - Save content types part
15:02:04.981 [main] DEBUG - Save package relationships
15:02:04.982 [main] DEBUG - Save part 'docProps/app.xml'
15:02:04.982 [main] DEBUG - Save part 'docProps/core.xml'
15:02:04.983 [main] DEBUG - Save part 'xl/sharedStrings.xml'
15:02:04.984 [main] DEBUG - Save part 'xl/styles.xml'
15:02:04.984 [main] DEBUG - Save part 'xl/theme/theme1.xml'
15:02:04.984 [main] DEBUG - Save part 'xl/workbook.xml'
15:02:04.985 [main] DEBUG - Save part 'xl/worksheets/sheet1.xml'
15:02:04.986 [main] DEBUG - Save part 'xl/worksheets/sheet2.xml'
15:02:04.986 [main] DEBUG - Save part 'xl/worksheets/sheet3.xml'
15:02:04.986 [main] DEBUG - Save part 'xl/worksheets/sheet4.xml'
15:02:04.986 [main] DEBUG - Save part 'xl/worksheets/sheet5.xml'
15:02:05.015 [main] DEBUG - Parsing relationship: /xl/_rels/workbook.xml.rels
15:02:05.017 [main] DEBUG - Parsing relationship: /xl/worksheets/_rels/sheet1.xml.rels
15:02:05.017 [main] DEBUG - Parsing relationship: /_rels/.rels
15:02:05.049 [main] DEBUG - Save content types part
15:02:05.050 [main] DEBUG - Save package relationships
15:02:05.051 [main] DEBUG - Save part 'docProps/app.xml'
15:02:05.052 [main] DEBUG - Save part 'docProps/core.xml'
15:02:05.053 [main] DEBUG - Save part 'xl/sharedStrings.xml'
15:02:05.053 [main] DEBUG - Save part 'xl/styles.xml'
15:02:05.053 [main] DEBUG - Save part 'xl/theme/theme1.xml'
15:02:05.053 [main] DEBUG - Save part 'xl/workbook.xml'
15:02:05.055 [main] DEBUG - Save part 'xl/worksheets/sheet1.xml'
15:02:05.056 [main] DEBUG - Save part 'xl/worksheets/sheet2.xml'
15:02:05.056 [main] DEBUG - Save part 'xl/worksheets/sheet3.xml'
15:02:05.056 [main] DEBUG - Save part 'xl/worksheets/sheet4.xml'
15:02:05.056 [main] DEBUG - Save part 'xl/worksheets/sheet5.xml'
15:02:05.061 [main] DEBUG - Parsing relationship: /xl/_rels/workbook.xml.rels
15:02:05.062 [main] DEBUG - Parsing relationship: /xl/worksheets/_rels/sheet1.xml.rels
15:02:05.062 [main] DEBUG - Parsing relationship: /_rels/.rels
15:02:05.088 [main] DEBUG - Save content types part
15:02:05.089 [main] DEBUG - Save package relationships
15:02:05.090 [main] DEBUG - Save part 'docProps/app.xml'
15:02:05.090 [main] DEBUG - Save part 'docProps/core.xml'
15:02:05.091 [main] DEBUG - Save part 'xl/sharedStrings.xml'
15:02:05.091 [main] DEBUG - Save part 'xl/styles.xml'
15:02:05.091 [main] DEBUG - Save part 'xl/theme/theme1.xml'
15:02:05.092 [main] DEBUG - Save part 'xl/workbook.xml'
15:02:05.093 [main] DEBUG - Save part 'xl/worksheets/sheet1.xml'
15:02:05.094 [main] DEBUG - Save part 'xl/worksheets/sheet2.xml'
15:02:05.095 [main] DEBUG - Save part 'xl/worksheets/sheet3.xml'
15:02:05.095 [main] DEBUG - Save part 'xl/worksheets/sheet4.xml'
15:02:05.095 [main] DEBUG - Save part 'xl/worksheets/sheet5.xml'
15:02:05.122 [main] DEBUG - Parsing relationship: /xl/_rels/workbook.xml.rels
15:02:05.122 [main] DEBUG - Parsing relationship: /xl/worksheets/_rels/sheet1.xml.rels
15:02:05.122 [main] DEBUG - Parsing relationship: /_rels/.rels
15:02:05.139 [main] DEBUG - Save content types part
15:02:05.140 [main] DEBUG - Save package relationships
15:02:05.140 [main] DEBUG - Save part 'docProps/app.xml'
15:02:05.140 [main] DEBUG - Save part 'docProps/core.xml'
15:02:05.141 [main] DEBUG - Save part 'xl/sharedStrings.xml'
15:02:05.141 [main] DEBUG - Save part 'xl/styles.xml'
15:02:05.142 [main] DEBUG - Save part 'xl/theme/theme1.xml'
15:02:05.142 [main] DEBUG - Save part 'xl/workbook.xml'
15:02:05.143 [main] DEBUG - Save part 'xl/worksheets/sheet1.xml'
15:02:05.144 [main] DEBUG - Save part 'xl/worksheets/sheet2.xml'
15:02:05.144 [main] DEBUG - Save part 'xl/worksheets/sheet3.xml'
15:02:05.144 [main] DEBUG - Save part 'xl/worksheets/sheet4.xml'
15:02:05.144 [main] DEBUG - Save part 'xl/worksheets/sheet5.xml'
15:02:05.149 [main] DEBUG - Parsing relationship: /xl/_rels/workbook.xml.rels
15:02:05.150 [main] DEBUG - Parsing relationship: /xl/worksheets/_rels/sheet1.xml.rels
15:02:05.150 [main] DEBUG - Parsing relationship: /_rels/.rels
15:02:05.172 [main] DEBUG - Save content types part
15:02:05.173 [main] DEBUG - Save package relationships
15:02:05.174 [main] DEBUG - Save part 'docProps/app.xml'
15:02:05.174 [main] DEBUG - Save part 'docProps/core.xml'
15:02:05.174 [main] DEBUG - Save part 'xl/sharedStrings.xml'
15:02:05.174 [main] DEBUG - Save part 'xl/styles.xml'
15:02:05.174 [main] DEBUG - Save part 'xl/theme/theme1.xml'
15:02:05.176 [main] DEBUG - Save part 'xl/workbook.xml'
15:02:05.177 [main] DEBUG - Save part 'xl/worksheets/sheet1.xml'
15:02:05.177 [main] DEBUG - Save part 'xl/worksheets/sheet2.xml'
15:02:05.178 [main] DEBUG - Save part 'xl/worksheets/sheet3.xml'
15:02:05.178 [main] DEBUG - Save part 'xl/worksheets/sheet4.xml'
15:02:05.178 [main] DEBUG - Save part 'xl/worksheets/sheet5.xml'
15:02:05.211 [main] DEBUG - Parsing relationship: /xl/_rels/workbook.xml.rels
15:02:05.211 [main] DEBUG - Parsing relationship: /xl/worksheets/_rels/sheet1.xml.rels
15:02:05.213 [main] DEBUG - Parsing relationship: /_rels/.rels
15:02:05.235 [main] DEBUG - Save content types part
15:02:05.236 [main] DEBUG - Save package relationships
15:02:05.236 [main] DEBUG - Save part 'docProps/app.xml'
15:02:05.236 [main] DEBUG - Save part 'docProps/core.xml'
15:02:05.238 [main] DEBUG - Save part 'xl/sharedStrings.xml'
15:02:05.238 [main] DEBUG - Save part 'xl/styles.xml'
15:02:05.238 [main] DEBUG - Save part 'xl/theme/theme1.xml'
15:02:05.238 [main] DEBUG - Save part 'xl/workbook.xml'
15:02:05.239 [main] DEBUG - Save part 'xl/worksheets/sheet1.xml'
15:02:05.240 [main] DEBUG - Save part 'xl/worksheets/sheet2.xml'
15:02:05.241 [main] DEBUG - Save part 'xl/worksheets/sheet3.xml'
15:02:05.241 [main] DEBUG - Save part 'xl/worksheets/sheet4.xml'
15:02:05.241 [main] DEBUG - Save part 'xl/worksheets/sheet5.xml'
15:02:05.245 [main] DEBUG - Parsing relationship: /xl/_rels/workbook.xml.rels
15:02:05.246 [main] DEBUG - Parsing relationship: /xl/worksheets/_rels/sheet1.xml.rels
15:02:05.246 [main] DEBUG - Parsing relationship: /_rels/.rels
15:02:05.263 [main] DEBUG - Save content types part
15:02:05.264 [main] DEBUG - Save package relationships
15:02:05.265 [main] DEBUG - Save part 'docProps/app.xml'
15:02:05.265 [main] DEBUG - Save part 'docProps/core.xml'
15:02:05.266 [main] DEBUG - Save part 'xl/sharedStrings.xml'
15:02:05.266 [main] DEBUG - Save part 'xl/styles.xml'
15:02:05.266 [main] DEBUG - Save part 'xl/theme/theme1.xml'
15:02:05.267 [main] DEBUG - Save part 'xl/workbook.xml'
15:02:05.268 [main] DEBUG - Save part 'xl/worksheets/sheet1.xml'
15:02:05.269 [main] DEBUG - Save part 'xl/worksheets/sheet2.xml'
15:02:05.269 [main] DEBUG - Save part 'xl/worksheets/sheet3.xml'
15:02:05.269 [main] DEBUG - Save part 'xl/worksheets/sheet4.xml'
15:02:05.269 [main] DEBUG - Save part 'xl/worksheets/sheet5.xml'
15:02:05.297 [main] DEBUG - Parsing relationship: /xl/_rels/workbook.xml.rels
15:02:05.298 [main] DEBUG - Parsing relationship: /xl/worksheets/_rels/sheet1.xml.rels
15:02:05.298 [main] DEBUG - Parsing relationship: /_rels/.rels
15:02:05.322 [main] DEBUG - Save content types part
15:02:05.322 [main] DEBUG - Save package relationships
15:02:05.323 [main] DEBUG - Save part 'docProps/app.xml'
15:02:05.323 [main] DEBUG - Save part 'docProps/core.xml'
15:02:05.324 [main] DEBUG - Save part 'xl/sharedStrings.xml'
15:02:05.324 [main] DEBUG - Save part 'xl/styles.xml'
15:02:05.324 [main] DEBUG - Save part 'xl/theme/theme1.xml'
15:02:05.325 [main] DEBUG - Save part 'xl/workbook.xml'
15:02:05.325 [main] DEBUG - Save part 'xl/worksheets/sheet1.xml'
15:02:05.326 [main] DEBUG - Save part 'xl/worksheets/sheet2.xml'
15:02:05.326 [main] DEBUG - Save part 'xl/worksheets/sheet3.xml'
15:02:05.326 [main] DEBUG - Save part 'xl/worksheets/sheet4.xml'
15:02:05.326 [main] DEBUG - Save part 'xl/worksheets/sheet5.xml'
15:02:05.330 [main] DEBUG - Parsing relationship: /xl/_rels/workbook.xml.rels
15:02:05.331 [main] DEBUG - Parsing relationship: /xl/worksheets/_rels/sheet1.xml.rels
15:02:05.331 [main] DEBUG - Parsing relationship: /_rels/.rels
15:02:05.353 [main] DEBUG - Save content types part
15:02:05.353 [main] DEBUG - Save package relationships
15:02:05.354 [main] DEBUG - Save part 'docProps/app.xml'
15:02:05.354 [main] DEBUG - Save part 'docProps/core.xml'
15:02:05.355 [main] DEBUG - Save part 'xl/sharedStrings.xml'
15:02:05.355 [main] DEBUG - Save part 'xl/styles.xml'
15:02:05.355 [main] DEBUG - Save part 'xl/theme/theme1.xml'
15:02:05.356 [main] DEBUG - Save part 'xl/workbook.xml'
15:02:05.356 [main] DEBUG - Save part 'xl/worksheets/sheet1.xml'
15:02:05.357 [main] DEBUG - Save part 'xl/worksheets/sheet2.xml'
15:02:05.360 [main] DEBUG - Save part 'xl/worksheets/sheet3.xml'
15:02:05.360 [main] DEBUG - Save part 'xl/worksheets/sheet4.xml'
15:02:05.360 [main] DEBUG - Save part 'xl/worksheets/sheet5.xml'
15:02:05.391 [main] DEBUG - Parsing relationship: /xl/_rels/workbook.xml.rels
15:02:05.391 [main] DEBUG - Parsing relationship: /xl/worksheets/_rels/sheet1.xml.rels
15:02:05.391 [main] DEBUG - Parsing relationship: /_rels/.rels
15:02:05.406 [main] DEBUG - Save content types part
15:02:05.407 [main] DEBUG - Save package relationships
15:02:05.408 [main] DEBUG - Save part 'docProps/app.xml'
15:02:05.408 [main] DEBUG - Save part 'docProps/core.xml'
15:02:05.408 [main] DEBUG - Save part 'xl/sharedStrings.xml'
15:02:05.408 [main] DEBUG - Save part 'xl/styles.xml'
15:02:05.408 [main] DEBUG - Save part 'xl/theme/theme1.xml'
15:02:05.409 [main] DEBUG - Save part 'xl/workbook.xml'
15:02:05.409 [main] DEBUG - Save part 'xl/worksheets/sheet1.xml'
15:02:05.410 [main] DEBUG - Save part 'xl/worksheets/sheet2.xml'
15:02:05.410 [main] DEBUG - Save part 'xl/worksheets/sheet3.xml'
15:02:05.410 [main] DEBUG - Save part 'xl/worksheets/sheet4.xml'
15:02:05.410 [main] DEBUG - Save part 'xl/worksheets/sheet5.xml'
15:02:05.414 [main] DEBUG - Parsing relationship: /xl/_rels/workbook.xml.rels
15:02:05.414 [main] DEBUG - Parsing relationship: /xl/worksheets/_rels/sheet1.xml.rels
15:02:05.414 [main] DEBUG - Parsing relationship: /_rels/.rels
15:02:05.428 [main] DEBUG - Save content types part
15:02:05.429 [main] DEBUG - Save package relationships
15:02:05.430 [main] DEBUG - Save part 'docProps/app.xml'
15:02:05.430 [main] DEBUG - Save part 'docProps/core.xml'
15:02:05.431 [main] DEBUG - Save part 'xl/sharedStrings.xml'
15:02:05.431 [main] DEBUG - Save part 'xl/styles.xml'
15:02:05.431 [main] DEBUG - Save part 'xl/theme/theme1.xml'
15:02:05.431 [main] DEBUG - Save part 'xl/workbook.xml'
15:02:05.432 [main] DEBUG - Save part 'xl/worksheets/sheet1.xml'
15:02:05.433 [main] DEBUG - Save part 'xl/worksheets/sheet2.xml'
15:02:05.433 [main] DEBUG - Save part 'xl/worksheets/sheet3.xml'
15:02:05.433 [main] DEBUG - Save part 'xl/worksheets/sheet4.xml'
15:02:05.433 [main] DEBUG - Save part 'xl/worksheets/sheet5.xml'
15:02:05.459 [main] DEBUG - Parsing relationship: /xl/_rels/workbook.xml.rels
15:02:05.460 [main] DEBUG - Parsing relationship: /xl/worksheets/_rels/sheet1.xml.rels
15:02:05.460 [main] DEBUG - Parsing relationship: /_rels/.rels
15:02:05.475 [main] DEBUG - Save content types part
15:02:05.476 [main] DEBUG - Save package relationships
15:02:05.476 [main] DEBUG - Save part 'docProps/app.xml'
15:02:05.476 [main] DEBUG - Save part 'docProps/core.xml'
15:02:05.477 [main] DEBUG - Save part 'xl/sharedStrings.xml'
15:02:05.477 [main] DEBUG - Save part 'xl/styles.xml'
15:02:05.477 [main] DEBUG - Save part 'xl/theme/theme1.xml'
15:02:05.477 [main] DEBUG - Save part 'xl/workbook.xml'
15:02:05.478 [main] DEBUG - Save part 'xl/worksheets/sheet1.xml'
15:02:05.478 [main] DEBUG - Save part 'xl/worksheets/sheet2.xml'
15:02:05.478 [main] DEBUG - Save part 'xl/worksheets/sheet3.xml'
15:02:05.478 [main] DEBUG - Save part 'xl/worksheets/sheet4.xml'
15:02:05.478 [main] DEBUG - Save part 'xl/worksheets/sheet5.xml'
15:02:05.482 [main] DEBUG - Parsing relationship: /xl/_rels/workbook.xml.rels
15:02:05.482 [main] DEBUG - Parsing relationship: /xl/worksheets/_rels/sheet1.xml.rels
15:02:05.482 [main] DEBUG - Parsing relationship: /_rels/.rels
15:02:05.495 [main] DEBUG - Save content types part
15:02:05.496 [main] DEBUG - Save package relationships
15:02:05.496 [main] DEBUG - Save part 'docProps/app.xml'
15:02:05.497 [main] DEBUG - Save part 'docProps/core.xml'
15:02:05.498 [main] DEBUG - Save part 'xl/sharedStrings.xml'
15:02:05.498 [main] DEBUG - Save part 'xl/styles.xml'
15:02:05.498 [main] DEBUG - Save part 'xl/theme/theme1.xml'
15:02:05.498 [main] DEBUG - Save part 'xl/workbook.xml'
15:02:05.499 [main] DEBUG - Save part 'xl/worksheets/sheet1.xml'
15:02:05.499 [main] DEBUG - Save part 'xl/worksheets/sheet2.xml'
15:02:05.499 [main] DEBUG - Save part 'xl/worksheets/sheet3.xml'
15:02:05.500 [main] DEBUG - Save part 'xl/worksheets/sheet4.xml'
15:02:05.500 [main] DEBUG - Save part 'xl/worksheets/sheet5.xml'
15:02:05.524 [main] DEBUG - Parsing relationship: /xl/_rels/workbook.xml.rels
15:02:05.524 [main] DEBUG - Parsing relationship: /xl/worksheets/_rels/sheet1.xml.rels
15:02:05.524 [main] DEBUG - Parsing relationship: /_rels/.rels
15:02:05.537 [main] DEBUG - Save content types part
15:02:05.538 [main] DEBUG - Save package relationships
15:02:05.538 [main] DEBUG - Save part 'docProps/app.xml'
15:02:05.538 [main] DEBUG - Save part 'docProps/core.xml'
15:02:05.539 [main] DEBUG - Save part 'xl/sharedStrings.xml'
15:02:05.539 [main] DEBUG - Save part 'xl/styles.xml'
15:02:05.539 [main] DEBUG - Save part 'xl/theme/theme1.xml'
15:02:05.539 [main] DEBUG - Save part 'xl/workbook.xml'
15:02:05.540 [main] DEBUG - Save part 'xl/worksheets/sheet1.xml'
15:02:05.540 [main] DEBUG - Save part 'xl/worksheets/sheet2.xml'
15:02:05.540 [main] DEBUG - Save part 'xl/worksheets/sheet3.xml'
15:02:05.540 [main] DEBUG - Save part 'xl/worksheets/sheet4.xml'
15:02:05.540 [main] DEBUG - Save part 'xl/worksheets/sheet5.xml'
15:02:05.544 [main] DEBUG - Parsing relationship: /xl/_rels/workbook.xml.rels
15:02:05.544 [main] DEBUG - Parsing relationship: /xl/worksheets/_rels/sheet1.xml.rels
15:02:05.544 [main] DEBUG - Parsing relationship: /_rels/.rels
15:02:05.555 [main] DEBUG - Save content types part
15:02:05.556 [main] DEBUG - Save package relationships
15:02:05.556 [main] DEBUG - Save part 'docProps/app.xml'
15:02:05.556 [main] DEBUG - Save part 'docProps/core.xml'
15:02:05.557 [main] DEBUG - Save part 'xl/sharedStrings.xml'
15:02:05.557 [main] DEBUG - Save part 'xl/styles.xml'
15:02:05.557 [main] DEBUG - Save part 'xl/theme/theme1.xml'
15:02:05.557 [main] DEBUG - Save part 'xl/workbook.xml'
15:02:05.558 [main] DEBUG - Save part 'xl/worksheets/sheet1.xml'
15:02:05.558 [main] DEBUG - Save part 'xl/worksheets/sheet2.xml'
15:02:05.558 [main] DEBUG - Save part 'xl/worksheets/sheet3.xml'
15:02:05.558 [main] DEBUG - Save part 'xl/worksheets/sheet4.xml'
15:02:05.558 [main] DEBUG - Save part 'xl/worksheets/sheet5.xml'
15:02:05.584 [main] DEBUG - Parsing relationship: /xl/_rels/workbook.xml.rels
15:02:05.584 [main] DEBUG - Parsing relationship: /xl/worksheets/_rels/sheet1.xml.rels
15:02:05.585 [main] DEBUG - Parsing relationship: /_rels/.rels
15:02:05.602 [main] DEBUG - Save content types part
15:02:05.603 [main] DEBUG - Save package relationships
15:02:05.603 [main] DEBUG - Save part 'docProps/app.xml'
15:02:05.603 [main] DEBUG - Save part 'docProps/core.xml'
15:02:05.604 [main] DEBUG - Save part 'xl/sharedStrings.xml'
15:02:05.604 [main] DEBUG - Save part 'xl/styles.xml'
15:02:05.604 [main] DEBUG - Save part 'xl/theme/theme1.xml'
15:02:05.604 [main] DEBUG - Save part 'xl/workbook.xml'
15:02:05.605 [main] DEBUG - Save part 'xl/worksheets/sheet1.xml'
15:02:05.605 [main] DEBUG - Save part 'xl/worksheets/sheet2.xml'
15:02:05.605 [main] DEBUG - Save part 'xl/worksheets/sheet3.xml'
15:02:05.605 [main] DEBUG - Save part 'xl/worksheets/sheet4.xml'
15:02:05.605 [main] DEBUG - Save part 'xl/worksheets/sheet5.xml'
15:02:05.609 [main] DEBUG - Parsing relationship: /xl/_rels/workbook.xml.rels
15:02:05.609 [main] DEBUG - Parsing relationship: /xl/worksheets/_rels/sheet1.xml.rels
15:02:05.609 [main] DEBUG - Parsing relationship: /_rels/.rels
15:02:05.628 [main] DEBUG - Save content types part
15:02:05.629 [main] DEBUG - Save package relationships
15:02:05.630 [main] DEBUG - Save part 'docProps/app.xml'
15:02:05.630 [main] DEBUG - Save part 'docProps/core.xml'
15:02:05.630 [main] DEBUG - Save part 'xl/sharedStrings.xml'
15:02:05.630 [main] DEBUG - Save part 'xl/styles.xml'
15:02:05.630 [main] DEBUG - Save part 'xl/theme/theme1.xml'
15:02:05.631 [main] DEBUG - Save part 'xl/workbook.xml'
15:02:05.631 [main] DEBUG - Save part 'xl/worksheets/sheet1.xml'
15:02:05.632 [main] DEBUG - Save part 'xl/worksheets/sheet2.xml'
15:02:05.632 [main] DEBUG - Save part 'xl/worksheets/sheet3.xml'
15:02:05.632 [main] DEBUG - Save part 'xl/worksheets/sheet4.xml'
15:02:05.632 [main] DEBUG - Save part 'xl/worksheets/sheet5.xml'
15:02:05.659 [main] DEBUG - Parsing relationship: /xl/_rels/workbook.xml.rels
15:02:05.659 [main] DEBUG - Parsing relationship: /xl/worksheets/_rels/sheet1.xml.rels
15:02:05.660 [main] DEBUG - Parsing relationship: /_rels/.rels
15:02:05.679 [main] DEBUG - Save content types part
15:02:05.680 [main] DEBUG - Save package relationships
15:02:05.681 [main] DEBUG - Save part 'docProps/app.xml'
15:02:05.681 [main] DEBUG - Save part 'docProps/core.xml'
15:02:05.681 [main] DEBUG - Save part 'xl/sharedStrings.xml'
15:02:05.682 [main] DEBUG - Save part 'xl/styles.xml'
15:02:05.682 [main] DEBUG - Save part 'xl/theme/theme1.xml'
15:02:05.682 [main] DEBUG - Save part 'xl/workbook.xml'
15:02:05.683 [main] DEBUG - Save part 'xl/worksheets/sheet1.xml'
15:02:05.683 [main] DEBUG - Save part 'xl/worksheets/sheet2.xml'
15:02:05.683 [main] DEBUG - Save part 'xl/worksheets/sheet3.xml'
15:02:05.684 [main] DEBUG - Save part 'xl/worksheets/sheet4.xml'
15:02:05.684 [main] DEBUG - Save part 'xl/worksheets/sheet5.xml'
15:02:05.687 [main] DEBUG - Parsing relationship: /xl/_rels/workbook.xml.rels
15:02:05.687 [main] DEBUG - Parsing relationship: /xl/worksheets/_rels/sheet1.xml.rels
15:02:05.687 [main] DEBUG - Parsing relationship: /_rels/.rels
15:02:05.699 [main] DEBUG - Save content types part
15:02:05.700 [main] DEBUG - Save package relationships
15:02:05.701 [main] DEBUG - Save part 'docProps/app.xml'
15:02:05.701 [main] DEBUG - Save part 'docProps/core.xml'
15:02:05.701 [main] DEBUG - Save part 'xl/sharedStrings.xml'
15:02:05.701 [main] DEBUG - Save part 'xl/styles.xml'
15:02:05.701 [main] DEBUG - Save part 'xl/theme/theme1.xml'
15:02:05.702 [main] DEBUG - Save part 'xl/workbook.xml'
15:02:05.702 [main] DEBUG - Save part 'xl/worksheets/sheet1.xml'
15:02:05.703 [main] DEBUG - Save part 'xl/worksheets/sheet2.xml'
15:02:05.703 [main] DEBUG - Save part 'xl/worksheets/sheet3.xml'
15:02:05.703 [main] DEBUG - Save part 'xl/worksheets/sheet4.xml'
15:02:05.703 [main] DEBUG - Save part 'xl/worksheets/sheet5.xml'
15:02:05.725 [main] DEBUG - Parsing relationship: /xl/_rels/workbook.xml.rels
15:02:05.726 [main] DEBUG - Parsing relationship: /xl/worksheets/_rels/sheet1.xml.rels
15:02:05.726 [main] DEBUG - Parsing relationship: /_rels/.rels
15:02:05.739 [main] DEBUG - Save content types part
15:02:05.740 [main] DEBUG - Save package relationships
15:02:05.740 [main] DEBUG - Save part 'docProps/app.xml'
15:02:05.740 [main] DEBUG - Save part 'docProps/core.xml'
15:02:05.741 [main] DEBUG - Save part 'xl/sharedStrings.xml'
15:02:05.741 [main] DEBUG - Save part 'xl/styles.xml'
15:02:05.741 [main] DEBUG - Save part 'xl/theme/theme1.xml'
15:02:05.741 [main] DEBUG - Save part 'xl/workbook.xml'
15:02:05.742 [main] DEBUG - Save part 'xl/worksheets/sheet1.xml'
15:02:05.742 [main] DEBUG - Save part 'xl/worksheets/sheet2.xml'
15:02:05.742 [main] DEBUG - Save part 'xl/worksheets/sheet3.xml'
15:02:05.742 [main] DEBUG - Save part 'xl/worksheets/sheet4.xml'
15:02:05.742 [main] DEBUG - Save part 'xl/worksheets/sheet5.xml'
15:02:05.746 [main] DEBUG - Parsing relationship: /xl/_rels/workbook.xml.rels
15:02:05.746 [main] DEBUG - Parsing relationship: /xl/worksheets/_rels/sheet1.xml.rels
15:02:05.746 [main] DEBUG - Parsing relationship: /_rels/.rels
15:02:05.760 [main] DEBUG - Save content types part
15:02:05.761 [main] DEBUG - Save package relationships
15:02:05.762 [main] DEBUG - Save part 'docProps/app.xml'
15:02:05.762 [main] DEBUG - Save part 'docProps/core.xml'
15:02:05.762 [main] DEBUG - Save part 'xl/sharedStrings.xml'
15:02:05.762 [main] DEBUG - Save part 'xl/styles.xml'
15:02:05.763 [main] DEBUG - Save part 'xl/theme/theme1.xml'
15:02:05.763 [main] DEBUG - Save part 'xl/workbook.xml'
15:02:05.764 [main] DEBUG - Save part 'xl/worksheets/sheet1.xml'
15:02:05.765 [main] DEBUG - Save part 'xl/worksheets/sheet2.xml'
15:02:05.765 [main] DEBUG - Save part 'xl/worksheets/sheet3.xml'
15:02:05.765 [main] DEBUG - Save part 'xl/worksheets/sheet4.xml'
15:02:05.765 [main] DEBUG - Save part 'xl/worksheets/sheet5.xml'
15:02:05.794 [main] DEBUG - Parsing relationship: /xl/_rels/workbook.xml.rels
15:02:05.795 [main] DEBUG - Parsing relationship: /xl/worksheets/_rels/sheet1.xml.rels
15:02:05.795 [main] DEBUG - Parsing relationship: /_rels/.rels
15:02:05.811 [main] DEBUG - Save content types part
15:02:05.812 [main] DEBUG - Save package relationships
15:02:05.813 [main] DEBUG - Save part 'docProps/app.xml'
15:02:05.813 [main] DEBUG - Save part 'docProps/core.xml'
15:02:05.814 [main] DEBUG - Save part 'xl/sharedStrings.xml'
15:02:05.814 [main] DEBUG - Save part 'xl/styles.xml'
15:02:05.814 [main] DEBUG - Save part 'xl/theme/theme1.xml'
15:02:05.814 [main] DEBUG - Save part 'xl/workbook.xml'
15:02:05.815 [main] DEBUG - Save part 'xl/worksheets/sheet1.xml'
15:02:05.815 [main] DEBUG - Save part 'xl/worksheets/sheet2.xml'
15:02:05.815 [main] DEBUG - Save part 'xl/worksheets/sheet3.xml'
15:02:05.815 [main] DEBUG - Save part 'xl/worksheets/sheet4.xml'
15:02:05.816 [main] DEBUG - Save part 'xl/worksheets/sheet5.xml'
15:02:05.819 [main] DEBUG - Parsing relationship: /xl/_rels/workbook.xml.rels
15:02:05.820 [main] DEBUG - Parsing relationship: /xl/worksheets/_rels/sheet1.xml.rels
15:02:05.820 [main] DEBUG - Parsing relationship: /_rels/.rels
15:02:05.834 [main] DEBUG - Save content types part
15:02:05.835 [main] DEBUG - Save package relationships
15:02:05.836 [main] DEBUG - Save part 'docProps/app.xml'
15:02:05.836 [main] DEBUG - Save part 'docProps/core.xml'
15:02:05.836 [main] DEBUG - Save part 'xl/sharedStrings.xml'
15:02:05.836 [main] DEBUG - Save part 'xl/styles.xml'
15:02:05.836 [main] DEBUG - Save part 'xl/theme/theme1.xml'
15:02:05.836 [main] DEBUG - Save part 'xl/workbook.xml'
15:02:05.839 [main] DEBUG - Save part 'xl/worksheets/sheet1.xml'
15:02:05.840 [main] DEBUG - Save part 'xl/worksheets/sheet2.xml'
15:02:05.840 [main] DEBUG - Save part 'xl/worksheets/sheet3.xml'
15:02:05.840 [main] DEBUG - Save part 'xl/worksheets/sheet4.xml'
15:02:05.840 [main] DEBUG - Save part 'xl/worksheets/sheet5.xml'
15:02:05.866 [main] DEBUG - Parsing relationship: /xl/_rels/workbook.xml.rels
15:02:05.867 [main] DEBUG - Parsing relationship: /xl/worksheets/_rels/sheet1.xml.rels
15:02:05.867 [main] DEBUG - Parsing relationship: /_rels/.rels
15:02:05.886 [main] DEBUG - Save content types part
15:02:05.887 [main] DEBUG - Save package relationships
15:02:05.887 [main] DEBUG - Save part 'docProps/app.xml'
15:02:05.888 [main] DEBUG - Save part 'docProps/core.xml'
15:02:05.888 [main] DEBUG - Save part 'xl/sharedStrings.xml'
15:02:05.888 [main] DEBUG - Save part 'xl/styles.xml'
15:02:05.888 [main] DEBUG - Save part 'xl/theme/theme1.xml'
15:02:05.888 [main] DEBUG - Save part 'xl/workbook.xml'
15:02:05.889 [main] DEBUG - Save part 'xl/worksheets/sheet1.xml'
15:02:05.889 [main] DEBUG - Save part 'xl/worksheets/sheet2.xml'
15:02:05.889 [main] DEBUG - Save part 'xl/worksheets/sheet3.xml'
15:02:05.890 [main] DEBUG - Save part 'xl/worksheets/sheet4.xml'
15:02:05.890 [main] DEBUG - Save part 'xl/worksheets/sheet5.xml'
15:02:05.893 [main] DEBUG - Parsing relationship: /xl/_rels/workbook.xml.rels
15:02:05.893 [main] DEBUG - Parsing relationship: /xl/worksheets/_rels/sheet1.xml.rels
15:02:05.894 [main] DEBUG - Parsing relationship: /_rels/.rels
15:02:05.908 [main] DEBUG - Save content types part
15:02:05.909 [main] DEBUG - Save package relationships
15:02:05.909 [main] DEBUG - Save part 'docProps/app.xml'
15:02:05.909 [main] DEBUG - Save part 'docProps/core.xml'
15:02:05.910 [main] DEBUG - Save part 'xl/sharedStrings.xml'
15:02:05.910 [main] DEBUG - Save part 'xl/styles.xml'
15:02:05.910 [main] DEBUG - Save part 'xl/theme/theme1.xml'
15:02:05.910 [main] DEBUG - Save part 'xl/workbook.xml'
15:02:05.911 [main] DEBUG - Save part 'xl/worksheets/sheet1.xml'
15:02:05.911 [main] DEBUG - Save part 'xl/worksheets/sheet2.xml'
15:02:05.911 [main] DEBUG - Save part 'xl/worksheets/sheet3.xml'
15:02:05.911 [main] DEBUG - Save part 'xl/worksheets/sheet4.xml'
15:02:05.911 [main] DEBUG - Save part 'xl/worksheets/sheet5.xml'
15:02:05.934 [main] DEBUG - Parsing relationship: /xl/_rels/workbook.xml.rels
15:02:05.935 [main] DEBUG - Parsing relationship: /xl/worksheets/_rels/sheet1.xml.rels
15:02:05.935 [main] DEBUG - Parsing relationship: /_rels/.rels
15:02:05.947 [main] DEBUG - Save content types part
15:02:05.948 [main] DEBUG - Save package relationships
15:02:05.948 [main] DEBUG - Save part 'docProps/app.xml'
15:02:05.948 [main] DEBUG - Save part 'docProps/core.xml'
15:02:05.949 [main] DEBUG - Save part 'xl/sharedStrings.xml'
15:02:05.949 [main] DEBUG - Save part 'xl/styles.xml'
15:02:05.949 [main] DEBUG - Save part 'xl/theme/theme1.xml'
15:02:05.949 [main] DEBUG - Save part 'xl/workbook.xml'
15:02:05.950 [main] DEBUG - Save part 'xl/worksheets/sheet1.xml'
15:02:05.950 [main] DEBUG - Save part 'xl/worksheets/sheet2.xml'
15:02:05.950 [main] DEBUG - Save part 'xl/worksheets/sheet3.xml'
15:02:05.950 [main] DEBUG - Save part 'xl/worksheets/sheet4.xml'
15:02:05.951 [main] DEBUG - Save part 'xl/worksheets/sheet5.xml'
15:02:05.955 [main] DEBUG - Parsing relationship: /xl/_rels/workbook.xml.rels
15:02:05.955 [main] DEBUG - Parsing relationship: /xl/worksheets/_rels/sheet1.xml.rels
15:02:05.955 [main] DEBUG - Parsing relationship: /_rels/.rels
15:02:05.966 [main] DEBUG - Save content types part
15:02:05.967 [main] DEBUG - Save package relationships
15:02:05.968 [main] DEBUG - Save part 'docProps/app.xml'
15:02:05.968 [main] DEBUG - Save part 'docProps/core.xml'
15:02:05.968 [main] DEBUG - Save part 'xl/sharedStrings.xml'
15:02:05.969 [main] DEBUG - Save part 'xl/styles.xml'
15:02:05.969 [main] DEBUG - Save part 'xl/theme/theme1.xml'
15:02:05.969 [main] DEBUG - Save part 'xl/workbook.xml'
15:02:05.969 [main] DEBUG - Save part 'xl/worksheets/sheet1.xml'
15:02:05.970 [main] DEBUG - Save part 'xl/worksheets/sheet2.xml'
15:02:05.970 [main] DEBUG - Save part 'xl/worksheets/sheet3.xml'
15:02:05.970 [main] DEBUG - Save part 'xl/worksheets/sheet4.xml'
15:02:05.970 [main] DEBUG - Save part 'xl/worksheets/sheet5.xml'
15:02:05.993 [main] DEBUG - Parsing relationship: /xl/_rels/workbook.xml.rels
15:02:05.993 [main] DEBUG - Parsing relationship: /xl/worksheets/_rels/sheet1.xml.rels
15:02:05.994 [main] DEBUG - Parsing relationship: /_rels/.rels
15:02:06.006 [main] DEBUG - Save content types part
15:02:06.007 [main] DEBUG - Save package relationships
15:02:06.008 [main] DEBUG - Save part 'docProps/app.xml'
15:02:06.008 [main] DEBUG - Save part 'docProps/core.xml'
15:02:06.009 [main] DEBUG - Save part 'xl/sharedStrings.xml'
15:02:06.009 [main] DEBUG - Save part 'xl/styles.xml'
