18:32:56.574 [main] DEBUG - Save part 'xl/worksheets/sheet1.xml'
18:32:56.581 [main] DEBUG - Save part 'xl/worksheets/sheet2.xml'
18:32:56.581 [main] DEBUG - Save part 'xl/worksheets/sheet3.xml'
18:32:56.581 [main] DEBUG - Save part 'xl/worksheets/sheet4.xml'
18:32:56.581 [main] DEBUG - Save part 'xl/worksheets/sheet5.xml'
18:32:56.584 [main] DEBUG - Parsing relationship: /xl/_rels/workbook.xml.rels
18:32:56.585 [main] DEBUG - Parsing relationship: /xl/worksheets/_rels/sheet1.xml.rels
18:32:56.585 [main] DEBUG - Parsing relationship: /_rels/.rels
18:32:56.597 [main] DEBUG - Save content types part
18:32:56.601 [main] DEBUG - Save package relationships
18:32:56.601 [main] DEBUG - Save part 'docProps/app.xml'
18:32:56.602 [main] DEBUG - Save part 'docProps/core.xml'
18:32:56.602 [main] DEBUG - Save part 'xl/sharedStrings.xml'
18:32:56.602 [main] DEBUG - Save part 'xl/styles.xml'
18:32:56.603 [main] DEBUG - Save part 'xl/theme/theme1.xml'
18:32:56.603 [main] DEBUG - Save part 'xl/workbook.xml'
18:32:56.603 [main] DEBUG - Save part 'xl/worksheets/sheet1.xml'
18:32:56.604 [main] DEBUG - Save part 'xl/worksheets/sheet2.xml'
18:32:56.604 [main] DEBUG - Save part 'xl/worksheets/sheet3.xml'
18:32:56.604 [main] DEBUG - Save part 'xl/worksheets/sheet4.xml'
18:32:56.604 [main] DEBUG - Save part 'xl/worksheets/sheet5.xml'
18:32:56.608 [main] DEBUG - Parsing relationship: /xl/_rels/workbook.xml.rels
18:32:56.608 [main] DEBUG - Parsing relationship: /xl/worksheets/_rels/sheet1.xml.rels
18:32:56.608 [main] DEBUG - Parsing relationship: /_rels/.rels
18:32:56.618 [main] DEBUG - Save content types part
18:32:56.619 [main] DEBUG - Save package relationships
18:32:56.619 [main] DEBUG - Save part 'docProps/app.xml'
18:32:56.619 [main] DEBUG - Save part 'docProps/core.xml'
18:32:56.620 [main] DEBUG - Save part 'xl/sharedStrings.xml'
18:32:56.620 [main] DEBUG - Save part 'xl/styles.xml'
18:32:56.620 [main] DEBUG - Save part 'xl/theme/theme1.xml'
18:32:56.620 [main] DEBUG - Save part 'xl/workbook.xml'
18:32:56.621 [main] DEBUG - Save part 'xl/worksheets/sheet1.xml'
18:32:56.622 [main] DEBUG - Save part 'xl/worksheets/sheet2.xml'
18:32:56.622 [main] DEBUG - Save part 'xl/worksheets/sheet3.xml'
18:32:56.622 [main] DEBUG - Save part 'xl/worksheets/sheet4.xml'
18:32:56.622 [main] DEBUG - Save part 'xl/worksheets/sheet5.xml'
18:32:56.622 [main] INFO  - Extracting Difficulty levels
18:32:56.762 [main] INFO  - Taking screenshot
18:32:56.762 [main] INFO  - Clicking Home Button
18:33:00.736 [main] INFO  - Taking screenshot
18:33:08.753 [main] INFO  - Taking screenshot
18:33:08.939 [main] INFO  - Taking screenshot
18:33:12.030 [main] INFO  - Taking screenshot
18:33:12.295 [main] INFO  - Taking screenshot
18:33:12.328 [main] DEBUG - Parsing relationship: /xl/_rels/workbook.xml.rels
18:33:12.328 [main] DEBUG - Parsing relationship: /xl/worksheets/_rels/sheet1.xml.rels
18:33:12.328 [main] DEBUG - Parsing relationship: /_rels/.rels
18:33:12.337 [main] DEBUG - Save content types part
18:33:12.337 [main] DEBUG - Save package relationships
18:33:12.338 [main] DEBUG - Save part 'docProps/app.xml'
18:33:12.338 [main] DEBUG - Save part 'docProps/core.xml'
18:33:12.339 [main] DEBUG - Save part 'xl/sharedStrings.xml'
18:33:12.339 [main] DEBUG - Save part 'xl/styles.xml'
18:33:12.339 [main] DEBUG - Save part 'xl/theme/theme1.xml'
18:33:12.339 [main] DEBUG - Save part 'xl/workbook.xml'
18:33:12.340 [main] DEBUG - Save part 'xl/worksheets/sheet1.xml'
18:33:12.341 [main] DEBUG - Save part 'xl/worksheets/sheet2.xml'
18:33:12.341 [main] DEBUG - Save part 'xl/worksheets/sheet3.xml'
18:33:12.341 [main] DEBUG - Save part 'xl/worksheets/sheet4.xml'
18:33:12.341 [main] DEBUG - Save part 'xl/worksheets/sheet5.xml'
18:33:12.377 [main] DEBUG - Parsing relationship: /xl/_rels/workbook.xml.rels
18:33:12.378 [main] DEBUG - Parsing relationship: /xl/worksheets/_rels/sheet1.xml.rels
18:33:12.378 [main] DEBUG - Parsing relationship: /_rels/.rels
18:33:12.385 [main] DEBUG - Save content types part
18:33:12.386 [main] DEBUG - Save package relationships
18:33:12.386 [main] DEBUG - Save part 'docProps/app.xml'
18:33:12.387 [main] DEBUG - Save part 'docProps/core.xml'
18:33:12.387 [main] DEBUG - Save part 'xl/sharedStrings.xml'
18:33:12.387 [main] DEBUG - Save part 'xl/styles.xml'
18:33:12.387 [main] DEBUG - Save part 'xl/theme/theme1.xml'
18:33:12.387 [main] DEBUG - Save part 'xl/workbook.xml'
18:33:12.388 [main] DEBUG - Save part 'xl/worksheets/sheet1.xml'
18:33:12.388 [main] DEBUG - Save part 'xl/worksheets/sheet2.xml'
18:33:12.388 [main] DEBUG - Save part 'xl/worksheets/sheet3.xml'
18:33:12.388 [main] DEBUG - Save part 'xl/worksheets/sheet4.xml'
18:33:12.389 [main] DEBUG - Save part 'xl/worksheets/sheet5.xml'
18:33:12.549 [main] INFO  - Taking screenshot
18:33:12.550 [main] INFO  - Quitting the website
20:40:40.785 [main] INFO  - Website is opened
20:40:46.038 [main] INFO  - Clicking search button
20:41:02.283 [main] INFO  - Taking screenshot
20:41:02.296 [main] INFO  - Clicking English checkbox
20:41:04.521 [main] INFO  - Clicking English check box
20:41:04.810 [main] INFO  - Taking screenshot
20:41:04.814 [main] INFO  - Clicking Beginner checkbox
20:41:09.176 [main] INFO  - Scrolling and clicking beginner box
20:41:09.281 [main] INFO  - Taking screenshot
20:41:15.364 [main] INFO  - Clicking First Course
20:41:15.677 [main] INFO  - Taking screenshot
20:41:25.435 [main] INFO  - Getting First course window handle
20:41:25.435 [main] INFO  - Getting the first course details
20:41:25.676 [main] DEBUG - Parsing relationship: /xl/_rels/workbook.xml.rels
20:41:25.680 [main] DEBUG - Parsing relationship: /xl/worksheets/_rels/sheet1.xml.rels
20:41:25.682 [main] DEBUG - Parsing relationship: /_rels/.rels
20:41:25.924 [main] TRACE - Loading type system org.apache.poi.schemas.ooxml.system.ooxml
20:41:25.927 [main] TRACE - Loading type system org.apache.xmlbeans.metadata.system.sXMLCONFIG
20:41:25.928 [main] TRACE - Loading type system org.apache.xmlbeans.metadata.system.sXMLLANG
20:41:25.929 [main] TRACE - Loading type system org.apache.xmlbeans.metadata.system.sXMLSCHEMA
20:41:25.930 [main] TRACE - Loading type system org.apache.xmlbeans.metadata.system.sXMLTOOLS
20:41:25.931 [main] TRACE - Reading unresolved handles for type system org.apache.xmlbeans.metadata.system.sXMLTOOLS
20:41:25.945 [main] TRACE - Finished loading type system org.apache.xmlbeans.metadata.system.sXMLTOOLS
20:41:25.947 [main] TRACE - Reading unresolved handles for type system org.apache.xmlbeans.metadata.system.sXMLSCHEMA
20:41:25.950 [main] TRACE - Finished loading type system org.apache.xmlbeans.metadata.system.sXMLSCHEMA
20:41:25.952 [main] TRACE - Reading unresolved handles for type system org.apache.xmlbeans.metadata.system.sXMLLANG
20:41:25.953 [main] TRACE - Finished loading type system org.apache.xmlbeans.metadata.system.sXMLLANG
20:41:25.956 [main] TRACE - Reading unresolved handles for type system org.apache.xmlbeans.metadata.system.sXMLCONFIG
20:41:25.957 [main] TRACE - Finished loading type system org.apache.xmlbeans.metadata.system.sXMLCONFIG
20:41:25.958 [main] TRACE - Reading unresolved handles for type system org.apache.poi.schemas.ooxml.system.ooxml
20:41:26.019 [main] TRACE - Finished loading type system org.apache.poi.schemas.ooxml.system.ooxml
20:41:26.020 [main] TRACE - Resolving type for handle themefd26doctype
20:41:26.167 [main] TRACE - Resolving type for handle stylesheet5d8bdoctype
20:41:26.191 [main] TRACE - Resolving type for handle ctstylesheet4257type
20:41:26.200 [main] TRACE - Resolving type for handle ctnumfmtsb58btype
20:41:26.204 [main] TRACE - Resolving type for handle ctnumfmt3870type
20:41:26.206 [main] TRACE - Resolving type for handle stnumfmtid76fbtype
20:41:26.223 [main] TRACE - Resolving type for handle stxstringf179type
20:41:26.227 [main] TRACE - Resolving type for handle ctfonts6623type
20:41:26.233 [main] TRACE - Resolving type for handle ctfont14d8type
20:41:26.242 [main] TRACE - Resolving type for handle ctfills2c6ftype
20:41:26.245 [main] TRACE - Resolving type for handle ctfill550ctype
20:41:26.247 [main] TRACE - Resolving type for handle ctborders0d66type
20:41:26.253 [main] TRACE - Resolving type for handle ctborderf935type
20:41:26.261 [main] TRACE - Resolving type for handle ctcellxfs1322type
20:41:26.267 [main] TRACE - Resolving type for handle ctxf97f7type
20:41:26.274 [main] TRACE - Resolving type for handle ctcellstylexfsa81ftype
20:41:26.279 [main] TRACE - Resolving type for handle ctdxfsb26atype
20:41:26.286 [main] TRACE - Resolving type for handle cttablestyles872ftype
20:41:26.291 [main] TRACE - Resolving type for handle sstf81fdoctype
20:41:26.298 [main] TRACE - Resolving type for handle ctsst44f3type
20:41:26.311 [main] TRACE - Resolving type for handle ctrsta472type
20:41:26.410 [main] TRACE - Resolving type for handle workbookec17doctype
20:41:26.419 [main] TRACE - Resolving type for handle ctworkbook83c3type
20:41:26.435 [main] TRACE - Resolving type for handle ctsheets49fdtype
20:41:26.440 [main] TRACE - Resolving type for handle ctsheet4dbetype
20:41:26.444 [main] TRACE - Resolving type for handle strelationshipid1e94type
20:41:26.449 [main] TRACE - Resolving type for handle worksheetf539doctype
20:41:26.467 [main] TRACE - Resolving type for handle ctworksheet530dtype
20:41:26.492 [main] TRACE - Resolving type for handle ctcols627ctype
20:41:26.507 [main] TRACE - Resolving type for handle ctcola95ftype
20:41:26.540 [main] TRACE - Resolving type for handle ctsheetdata8408type
20:41:26.545 [main] TRACE - Resolving type for handle ctrowdd39type
20:41:26.563 [main] TRACE - Resolving type for handle ctcell842btype
20:41:26.581 [main] TRACE - Resolving type for handle stcellrefe4e0type
20:41:26.600 [main] TRACE - Resolving type for handle cthyperlinks6416type
20:41:26.607 [main] TRACE - Resolving type for handle cthyperlink0c85type
20:41:26.677 [main] TRACE - Resolving type for handle stcelltypebf95type
20:41:26.711 [main] TRACE - Resolving type for handle stcellstylexfid70c7type
20:41:26.721 [main] TRACE - Resolving type for handle ctsheetdimensiond310type
20:41:26.724 [main] TRACE - Resolving type for handle stref90a2type
20:41:26.793 [main] TRACE - Resolving type for handle propertiesee84doctype
20:41:26.798 [main] TRACE - Resolving type for handle ctproperties3f10type
20:41:26.813 [main] TRACE - Resolving type for handle properties288cdoctype
20:41:26.817 [main] TRACE - Resolving type for handle ctproperties2c18type
20:41:26.845 [main] DEBUG - Save content types part
20:41:27.017 [main] DEBUG - Save package relationships
20:41:27.031 [main] DEBUG - Save part 'docProps/app.xml'
20:41:27.032 [main] DEBUG - Save part 'docProps/core.xml'
20:41:27.042 [main] DEBUG - Save part 'xl/sharedStrings.xml'
20:41:27.043 [main] DEBUG - Save part 'xl/styles.xml'
20:41:27.043 [main] DEBUG - Save part 'xl/theme/theme1.xml'
20:41:27.044 [main] DEBUG - Save part 'xl/workbook.xml'
20:41:27.047 [main] DEBUG - Save part 'xl/worksheets/sheet1.xml'
20:41:27.051 [main] DEBUG - Save part 'xl/worksheets/sheet2.xml'
20:41:27.052 [main] DEBUG - Save part 'xl/worksheets/sheet3.xml'
20:41:27.052 [main] DEBUG - Save part 'xl/worksheets/sheet4.xml'
20:41:27.053 [main] DEBUG - Save part 'xl/worksheets/sheet5.xml'
20:41:27.079 [main] DEBUG - Parsing relationship: /xl/_rels/workbook.xml.rels
20:41:27.083 [main] DEBUG - Parsing relationship: /xl/worksheets/_rels/sheet1.xml.rels
20:41:27.085 [main] DEBUG - Parsing relationship: /_rels/.rels
20:41:27.216 [main] DEBUG - Save content types part
20:41:27.222 [main] DEBUG - Save package relationships
20:41:27.225 [main] DEBUG - Save part 'docProps/app.xml'
20:41:27.226 [main] DEBUG - Save part 'docProps/core.xml'
20:41:27.229 [main] DEBUG - Save part 'xl/sharedStrings.xml'
20:41:27.230 [main] DEBUG - Save part 'xl/styles.xml'
20:41:27.230 [main] DEBUG - Save part 'xl/theme/theme1.xml'
20:41:27.231 [main] DEBUG - Save part 'xl/workbook.xml'
20:41:27.234 [main] DEBUG - Save part 'xl/worksheets/sheet1.xml'
20:41:27.237 [main] DEBUG - Save part 'xl/worksheets/sheet2.xml'
20:41:27.237 [main] DEBUG - Save part 'xl/worksheets/sheet3.xml'
20:41:27.238 [main] DEBUG - Save part 'xl/worksheets/sheet4.xml'
20:41:27.238 [main] DEBUG - Save part 'xl/worksheets/sheet5.xml'
20:41:27.253 [main] DEBUG - Parsing relationship: /xl/_rels/workbook.xml.rels
20:41:27.255 [main] DEBUG - Parsing relationship: /xl/worksheets/_rels/sheet1.xml.rels
20:41:27.256 [main] DEBUG - Parsing relationship: /_rels/.rels
20:41:27.362 [main] DEBUG - Save content types part
20:41:27.365 [main] DEBUG - Save package relationships
20:41:27.368 [main] DEBUG - Save part 'docProps/app.xml'
20:41:27.368 [main] DEBUG - Save part 'docProps/core.xml'
20:41:27.372 [main] DEBUG - Save part 'xl/sharedStrings.xml'
20:41:27.373 [main] DEBUG - Save part 'xl/styles.xml'
20:41:27.374 [main] DEBUG - Save part 'xl/theme/theme1.xml'
20:41:27.376 [main] DEBUG - Save part 'xl/workbook.xml'
20:41:27.381 [main] DEBUG - Save part 'xl/worksheets/sheet1.xml'
20:41:27.385 [main] DEBUG - Save part 'xl/worksheets/sheet2.xml'
20:41:27.386 [main] DEBUG - Save part 'xl/worksheets/sheet3.xml'
20:41:27.386 [main] DEBUG - Save part 'xl/worksheets/sheet4.xml'
20:41:27.388 [main] DEBUG - Save part 'xl/worksheets/sheet5.xml'
20:41:29.652 [main] INFO  - Taking screenshot
20:41:33.728 [main] INFO  - Clicking Second Course
20:41:33.953 [main] INFO  - Taking screenshot
20:41:33.955 [main] INFO  - Getting window handles
20:41:33.980 [main] INFO  - Checking Second Course Title
20:41:48.039 [main] INFO  - Extracting Second course details
20:41:48.141 [main] DEBUG - Parsing relationship: /xl/_rels/workbook.xml.rels
20:41:48.142 [main] DEBUG - Parsing relationship: /xl/worksheets/_rels/sheet1.xml.rels
20:41:48.143 [main] DEBUG - Parsing relationship: /_rels/.rels
20:41:48.194 [main] DEBUG - Save content types part
20:41:48.197 [main] DEBUG - Save package relationships
20:41:48.199 [main] DEBUG - Save part 'docProps/app.xml'
20:41:48.199 [main] DEBUG - Save part 'docProps/core.xml'
20:41:48.201 [main] DEBUG - Save part 'xl/sharedStrings.xml'
20:41:48.201 [main] DEBUG - Save part 'xl/styles.xml'
20:41:48.202 [main] DEBUG - Save part 'xl/theme/theme1.xml'
20:41:48.202 [main] DEBUG - Save part 'xl/workbook.xml'
20:41:48.204 [main] DEBUG - Save part 'xl/worksheets/sheet1.xml'
20:41:48.206 [main] DEBUG - Save part 'xl/worksheets/sheet2.xml'
20:41:48.206 [main] DEBUG - Save part 'xl/worksheets/sheet3.xml'
20:41:48.206 [main] DEBUG - Save part 'xl/worksheets/sheet4.xml'
20:41:48.206 [main] DEBUG - Save part 'xl/worksheets/sheet5.xml'
20:41:48.214 [main] DEBUG - Parsing relationship: /xl/_rels/workbook.xml.rels
20:41:48.215 [main] DEBUG - Parsing relationship: /xl/worksheets/_rels/sheet1.xml.rels
20:41:48.216 [main] DEBUG - Parsing relationship: /_rels/.rels
20:41:48.253 [main] DEBUG - Save content types part
20:41:48.255 [main] DEBUG - Save package relationships
20:41:48.256 [main] DEBUG - Save part 'docProps/app.xml'
20:41:48.256 [main] DEBUG - Save part 'docProps/core.xml'
20:41:48.257 [main] DEBUG - Save part 'xl/sharedStrings.xml'
20:41:48.258 [main] DEBUG - Save part 'xl/styles.xml'
20:41:48.258 [main] DEBUG - Save part 'xl/theme/theme1.xml'
20:41:48.258 [main] DEBUG - Save part 'xl/workbook.xml'
20:41:48.260 [main] DEBUG - Save part 'xl/worksheets/sheet1.xml'
20:41:48.261 [main] DEBUG - Save part 'xl/worksheets/sheet2.xml'
20:41:48.261 [main] DEBUG - Save part 'xl/worksheets/sheet3.xml'
20:41:48.261 [main] DEBUG - Save part 'xl/worksheets/sheet4.xml'
20:41:48.262 [main] DEBUG - Save part 'xl/worksheets/sheet5.xml'
20:41:48.269 [main] DEBUG - Parsing relationship: /xl/_rels/workbook.xml.rels
20:41:48.269 [main] DEBUG - Parsing relationship: /xl/worksheets/_rels/sheet1.xml.rels
20:41:48.270 [main] DEBUG - Parsing relationship: /_rels/.rels
20:41:48.306 [main] DEBUG - Save content types part
20:41:48.307 [main] DEBUG - Save package relationships
20:41:48.309 [main] DEBUG - Save part 'docProps/app.xml'
20:41:48.309 [main] DEBUG - Save part 'docProps/core.xml'
20:41:48.310 [main] DEBUG - Save part 'xl/sharedStrings.xml'
20:41:48.311 [main] DEBUG - Save part 'xl/styles.xml'
20:41:48.311 [main] DEBUG - Save part 'xl/theme/theme1.xml'
20:41:48.312 [main] DEBUG - Save part 'xl/workbook.xml'
20:41:48.314 [main] DEBUG - Save part 'xl/worksheets/sheet1.xml'
20:41:48.317 [main] DEBUG - Save part 'xl/worksheets/sheet2.xml'
20:41:48.317 [main] DEBUG - Save part 'xl/worksheets/sheet3.xml'
20:41:48.318 [main] DEBUG - Save part 'xl/worksheets/sheet4.xml'
20:41:48.318 [main] DEBUG - Save part 'xl/worksheets/sheet5.xml'
20:41:50.391 [main] INFO  - Returning to Parent Window
20:41:50.576 [main] INFO  - Taking screenshot
20:41:50.796 [main] INFO  - Clearing search box
20:41:50.992 [main] INFO  - Taking screenshot
20:41:51.099 [main] INFO  - Searching values
20:41:51.482 [main] INFO  - Taking screenshot
20:41:51.483 [main] INFO  - Clicking search button
20:41:52.007 [main] INFO  - Taking screenshot
20:41:52.008 [main] INFO  - Clicking See All link
20:41:52.326 [main] INFO  - Taking screenshot
20:41:52.386 [main] DEBUG - Parsing relationship: /xl/_rels/workbook.xml.rels
20:41:52.388 [main] DEBUG - Parsing relationship: /xl/worksheets/_rels/sheet1.xml.rels
20:41:52.389 [main] DEBUG - Parsing relationship: /_rels/.rels
20:41:52.475 [main] DEBUG - Save content types part
20:41:52.477 [main] DEBUG - Save package relationships
20:41:52.478 [main] DEBUG - Save part 'docProps/app.xml'
20:41:52.479 [main] DEBUG - Save part 'docProps/core.xml'
20:41:52.481 [main] DEBUG - Save part 'xl/sharedStrings.xml'
20:41:52.482 [main] DEBUG - Save part 'xl/styles.xml'
20:41:52.482 [main] DEBUG - Save part 'xl/theme/theme1.xml'
20:41:52.483 [main] DEBUG - Save part 'xl/workbook.xml'
20:41:52.486 [main] DEBUG - Save part 'xl/worksheets/sheet1.xml'
20:41:52.487 [main] DEBUG - Save part 'xl/worksheets/sheet2.xml'
20:41:52.488 [main] DEBUG - Save part 'xl/worksheets/sheet3.xml'
20:41:52.488 [main] DEBUG - Save part 'xl/worksheets/sheet4.xml'
20:41:52.489 [main] DEBUG - Save part 'xl/worksheets/sheet5.xml'
20:41:52.498 [main] DEBUG - Parsing relationship: /xl/_rels/workbook.xml.rels
20:41:52.499 [main] DEBUG - Parsing relationship: /xl/worksheets/_rels/sheet1.xml.rels
20:41:52.499 [main] DEBUG - Parsing relationship: /_rels/.rels
20:41:52.550 [main] DEBUG - Save content types part
20:41:52.552 [main] DEBUG - Save package relationships
20:41:52.553 [main] DEBUG - Save part 'docProps/app.xml'
20:41:52.554 [main] DEBUG - Save part 'docProps/core.xml'
20:41:52.556 [main] DEBUG - Save part 'xl/sharedStrings.xml'
20:41:52.557 [main] DEBUG - Save part 'xl/styles.xml'
20:41:52.557 [main] DEBUG - Save part 'xl/theme/theme1.xml'
20:41:52.558 [main] DEBUG - Save part 'xl/workbook.xml'
20:41:52.560 [main] DEBUG - Save part 'xl/worksheets/sheet1.xml'
20:41:52.561 [main] DEBUG - Save part 'xl/worksheets/sheet2.xml'
20:41:52.562 [main] DEBUG - Save part 'xl/worksheets/sheet3.xml'
20:41:52.562 [main] DEBUG - Save part 'xl/worksheets/sheet4.xml'
20:41:52.562 [main] DEBUG - Save part 'xl/worksheets/sheet5.xml'
20:41:52.603 [main] DEBUG - Parsing relationship: /xl/_rels/workbook.xml.rels
20:41:52.604 [main] DEBUG - Parsing relationship: /xl/worksheets/_rels/sheet1.xml.rels
20:41:52.605 [main] DEBUG - Parsing relationship: /_rels/.rels
20:41:52.650 [main] DEBUG - Save content types part
20:41:52.653 [main] DEBUG - Save package relationships
20:41:52.655 [main] DEBUG - Save part 'docProps/app.xml'
20:41:52.655 [main] DEBUG - Save part 'docProps/core.xml'
20:41:52.659 [main] DEBUG - Save part 'xl/sharedStrings.xml'
20:41:52.660 [main] DEBUG - Save part 'xl/styles.xml'
20:41:52.660 [main] DEBUG - Save part 'xl/theme/theme1.xml'
20:41:52.661 [main] DEBUG - Save part 'xl/workbook.xml'
20:41:52.663 [main] DEBUG - Save part 'xl/worksheets/sheet1.xml'
20:41:52.666 [main] DEBUG - Save part 'xl/worksheets/sheet2.xml'
20:41:52.667 [main] DEBUG - Save part 'xl/worksheets/sheet3.xml'
20:41:52.667 [main] DEBUG - Save part 'xl/worksheets/sheet4.xml'
20:41:52.668 [main] DEBUG - Save part 'xl/worksheets/sheet5.xml'
20:41:52.678 [main] DEBUG - Parsing relationship: /xl/_rels/workbook.xml.rels
20:41:52.680 [main] DEBUG - Parsing relationship: /xl/worksheets/_rels/sheet1.xml.rels
20:41:52.681 [main] DEBUG - Parsing relationship: /_rels/.rels
20:41:52.725 [main] DEBUG - Save content types part
20:41:52.726 [main] DEBUG - Save package relationships
20:41:52.729 [main] DEBUG - Save part 'docProps/app.xml'
20:41:52.729 [main] DEBUG - Save part 'docProps/core.xml'
20:41:52.731 [main] DEBUG - Save part 'xl/sharedStrings.xml'
20:41:52.732 [main] DEBUG - Save part 'xl/styles.xml'
20:41:52.732 [main] DEBUG - Save part 'xl/theme/theme1.xml'
20:41:52.733 [main] DEBUG - Save part 'xl/workbook.xml'
20:41:52.734 [main] DEBUG - Save part 'xl/worksheets/sheet1.xml'
20:41:52.736 [main] DEBUG - Save part 'xl/worksheets/sheet2.xml'
20:41:52.737 [main] DEBUG - Save part 'xl/worksheets/sheet3.xml'
20:41:52.737 [main] DEBUG - Save part 'xl/worksheets/sheet4.xml'
20:41:52.737 [main] DEBUG - Save part 'xl/worksheets/sheet5.xml'
20:41:52.783 [main] DEBUG - Parsing relationship: /xl/_rels/workbook.xml.rels
20:41:52.784 [main] DEBUG - Parsing relationship: /xl/worksheets/_rels/sheet1.xml.rels
20:41:52.785 [main] DEBUG - Parsing relationship: /_rels/.rels
20:41:52.825 [main] DEBUG - Save content types part
20:41:52.827 [main] DEBUG - Save package relationships
20:41:52.829 [main] DEBUG - Save part 'docProps/app.xml'
20:41:52.829 [main] DEBUG - Save part 'docProps/core.xml'
20:41:52.831 [main] DEBUG - Save part 'xl/sharedStrings.xml'
20:41:52.831 [main] DEBUG - Save part 'xl/styles.xml'
20:41:52.832 [main] DEBUG - Save part 'xl/theme/theme1.xml'
20:41:52.832 [main] DEBUG - Save part 'xl/workbook.xml'
20:41:52.834 [main] DEBUG - Save part 'xl/worksheets/sheet1.xml'
20:41:52.836 [main] DEBUG - Save part 'xl/worksheets/sheet2.xml'
20:41:52.836 [main] DEBUG - Save part 'xl/worksheets/sheet3.xml'
20:41:52.836 [main] DEBUG - Save part 'xl/worksheets/sheet4.xml'
20:41:52.836 [main] DEBUG - Save part 'xl/worksheets/sheet5.xml'
20:41:52.844 [main] DEBUG - Parsing relationship: /xl/_rels/workbook.xml.rels
20:41:52.845 [main] DEBUG - Parsing relationship: /xl/worksheets/_rels/sheet1.xml.rels
20:41:52.845 [main] DEBUG - Parsing relationship: /_rels/.rels
20:41:52.892 [main] DEBUG - Save content types part
20:41:52.893 [main] DEBUG - Save package relationships
20:41:52.895 [main] DEBUG - Save part 'docProps/app.xml'
20:41:52.895 [main] DEBUG - Save part 'docProps/core.xml'
20:41:52.896 [main] DEBUG - Save part 'xl/sharedStrings.xml'
20:41:52.897 [main] DEBUG - Save part 'xl/styles.xml'
20:41:52.897 [main] DEBUG - Save part 'xl/theme/theme1.xml'
20:41:52.898 [main] DEBUG - Save part 'xl/workbook.xml'
20:41:52.900 [main] DEBUG - Save part 'xl/worksheets/sheet1.xml'
20:41:52.901 [main] DEBUG - Save part 'xl/worksheets/sheet2.xml'
20:41:52.902 [main] DEBUG - Save part 'xl/worksheets/sheet3.xml'
20:41:52.902 [main] DEBUG - Save part 'xl/worksheets/sheet4.xml'
20:41:52.902 [main] DEBUG - Save part 'xl/worksheets/sheet5.xml'
20:41:52.952 [main] DEBUG - Parsing relationship: /xl/_rels/workbook.xml.rels
20:41:52.953 [main] DEBUG - Parsing relationship: /xl/worksheets/_rels/sheet1.xml.rels
20:41:52.953 [main] DEBUG - Parsing relationship: /_rels/.rels
20:41:53.004 [main] DEBUG - Save content types part
20:41:53.007 [main] DEBUG - Save package relationships
20:41:53.009 [main] DEBUG - Save part 'docProps/app.xml'
20:41:53.010 [main] DEBUG - Save part 'docProps/core.xml'
20:41:53.012 [main] DEBUG - Save part 'xl/sharedStrings.xml'
20:41:53.012 [main] DEBUG - Save part 'xl/styles.xml'
20:41:53.013 [main] DEBUG - Save part 'xl/theme/theme1.xml'
20:41:53.014 [main] DEBUG - Save part 'xl/workbook.xml'
20:41:53.016 [main] DEBUG - Save part 'xl/worksheets/sheet1.xml'
20:41:53.019 [main] DEBUG - Save part 'xl/worksheets/sheet2.xml'
20:41:53.019 [main] DEBUG - Save part 'xl/worksheets/sheet3.xml'
20:41:53.020 [main] DEBUG - Save part 'xl/worksheets/sheet4.xml'
20:41:53.020 [main] DEBUG - Save part 'xl/worksheets/sheet5.xml'
20:41:53.029 [main] DEBUG - Parsing relationship: /xl/_rels/workbook.xml.rels
20:41:53.030 [main] DEBUG - Parsing relationship: /xl/worksheets/_rels/sheet1.xml.rels
20:41:53.031 [main] DEBUG - Parsing relationship: /_rels/.rels
20:41:53.080 [main] DEBUG - Save content types part
20:41:53.082 [main] DEBUG - Save package relationships
20:41:53.084 [main] DEBUG - Save part 'docProps/app.xml'
20:41:53.085 [main] DEBUG - Save part 'docProps/core.xml'
20:41:53.087 [main] DEBUG - Save part 'xl/sharedStrings.xml'
20:41:53.088 [main] DEBUG - Save part 'xl/styles.xml'
20:41:53.088 [main] DEBUG - Save part 'xl/theme/theme1.xml'
20:41:53.089 [main] DEBUG - Save part 'xl/workbook.xml'
20:41:53.091 [main] DEBUG - Save part 'xl/worksheets/sheet1.xml'
20:41:53.093 [main] DEBUG - Save part 'xl/worksheets/sheet2.xml'
20:41:53.094 [main] DEBUG - Save part 'xl/worksheets/sheet3.xml'
20:41:53.094 [main] DEBUG - Save part 'xl/worksheets/sheet4.xml'
20:41:53.095 [main] DEBUG - Save part 'xl/worksheets/sheet5.xml'
20:41:53.175 [main] DEBUG - Parsing relationship: /xl/_rels/workbook.xml.rels
20:41:53.176 [main] DEBUG - Parsing relationship: /xl/worksheets/_rels/sheet1.xml.rels
20:41:53.177 [main] DEBUG - Parsing relationship: /_rels/.rels
20:41:53.219 [main] DEBUG - Save content types part
20:41:53.221 [main] DEBUG - Save package relationships
20:41:53.223 [main] DEBUG - Save part 'docProps/app.xml'
20:41:53.223 [main] DEBUG - Save part 'docProps/core.xml'
20:41:53.226 [main] DEBUG - Save part 'xl/sharedStrings.xml'
20:41:53.226 [main] DEBUG - Save part 'xl/styles.xml'
20:41:53.227 [main] DEBUG - Save part 'xl/theme/theme1.xml'
20:41:53.228 [main] DEBUG - Save part 'xl/workbook.xml'
20:41:53.230 [main] DEBUG - Save part 'xl/worksheets/sheet1.xml'
20:41:53.232 [main] DEBUG - Save part 'xl/worksheets/sheet2.xml'
20:41:53.233 [main] DEBUG - Save part 'xl/worksheets/sheet3.xml'
20:41:53.233 [main] DEBUG - Save part 'xl/worksheets/sheet4.xml'
20:41:53.233 [main] DEBUG - Save part 'xl/worksheets/sheet5.xml'
20:41:53.241 [main] DEBUG - Parsing relationship: /xl/_rels/workbook.xml.rels
20:41:53.241 [main] DEBUG - Parsing relationship: /xl/worksheets/_rels/sheet1.xml.rels
20:41:53.242 [main] DEBUG - Parsing relationship: /_rels/.rels
20:41:53.286 [main] DEBUG - Save content types part
20:41:53.288 [main] DEBUG - Save package relationships
20:41:53.290 [main] DEBUG - Save part 'docProps/app.xml'
20:41:53.290 [main] DEBUG - Save part 'docProps/core.xml'
20:41:53.294 [main] DEBUG - Save part 'xl/sharedStrings.xml'
20:41:53.294 [main] DEBUG - Save part 'xl/styles.xml'
20:41:53.295 [main] DEBUG - Save part 'xl/theme/theme1.xml'
20:41:53.296 [main] DEBUG - Save part 'xl/workbook.xml'
20:41:53.298 [main] DEBUG - Save part 'xl/worksheets/sheet1.xml'
20:41:53.301 [main] DEBUG - Save part 'xl/worksheets/sheet2.xml'
20:41:53.302 [main] DEBUG - Save part 'xl/worksheets/sheet3.xml'
20:41:53.302 [main] DEBUG - Save part 'xl/worksheets/sheet4.xml'
20:41:53.303 [main] DEBUG - Save part 'xl/worksheets/sheet5.xml'
20:41:53.348 [main] DEBUG - Parsing relationship: /xl/_rels/workbook.xml.rels
20:41:53.348 [main] DEBUG - Parsing relationship: /xl/worksheets/_rels/sheet1.xml.rels
20:41:53.349 [main] DEBUG - Parsing relationship: /_rels/.rels
20:41:53.393 [main] DEBUG - Save content types part
20:41:53.395 [main] DEBUG - Save package relationships
20:41:53.396 [main] DEBUG - Save part 'docProps/app.xml'
20:41:53.397 [main] DEBUG - Save part 'docProps/core.xml'
20:41:53.399 [main] DEBUG - Save part 'xl/sharedStrings.xml'
20:41:53.400 [main] DEBUG - Save part 'xl/styles.xml'
20:41:53.400 [main] DEBUG - Save part 'xl/theme/theme1.xml'
20:41:53.401 [main] DEBUG - Save part 'xl/workbook.xml'
20:41:53.403 [main] DEBUG - Save part 'xl/worksheets/sheet1.xml'
20:41:53.405 [main] DEBUG - Save part 'xl/worksheets/sheet2.xml'
20:41:53.406 [main] DEBUG - Save part 'xl/worksheets/sheet3.xml'
20:41:53.406 [main] DEBUG - Save part 'xl/worksheets/sheet4.xml'
20:41:53.406 [main] DEBUG - Save part 'xl/worksheets/sheet5.xml'
20:41:53.414 [main] DEBUG - Parsing relationship: /xl/_rels/workbook.xml.rels
20:41:53.416 [main] DEBUG - Parsing relationship: /xl/worksheets/_rels/sheet1.xml.rels
20:41:53.416 [main] DEBUG - Parsing relationship: /_rels/.rels
20:41:53.449 [main] DEBUG - Save content types part
20:41:53.451 [main] DEBUG - Save package relationships
20:41:53.453 [main] DEBUG - Save part 'docProps/app.xml'
20:41:53.454 [main] DEBUG - Save part 'docProps/core.xml'
20:41:53.456 [main] DEBUG - Save part 'xl/sharedStrings.xml'
20:41:53.457 [main] DEBUG - Save part 'xl/styles.xml'
20:41:53.457 [main] DEBUG - Save part 'xl/theme/theme1.xml'
20:41:53.458 [main] DEBUG - Save part 'xl/workbook.xml'
20:41:53.460 [main] DEBUG - Save part 'xl/worksheets/sheet1.xml'
20:41:53.463 [main] DEBUG - Save part 'xl/worksheets/sheet2.xml'
20:41:53.464 [main] DEBUG - Save part 'xl/worksheets/sheet3.xml'
20:41:53.464 [main] DEBUG - Save part 'xl/worksheets/sheet4.xml'
20:41:53.465 [main] DEBUG - Save part 'xl/worksheets/sheet5.xml'
20:41:53.624 [main] DEBUG - Parsing relationship: /xl/_rels/workbook.xml.rels
20:41:53.624 [main] DEBUG - Parsing relationship: /xl/worksheets/_rels/sheet1.xml.rels
20:41:53.625 [main] DEBUG - Parsing relationship: /_rels/.rels
20:41:53.668 [main] DEBUG - Save content types part
20:41:53.670 [main] DEBUG - Save package relationships
20:41:53.671 [main] DEBUG - Save part 'docProps/app.xml'
20:41:53.672 [main] DEBUG - Save part 'docProps/core.xml'
20:41:53.674 [main] DEBUG - Save part 'xl/sharedStrings.xml'
20:41:53.674 [main] DEBUG - Save part 'xl/styles.xml'
20:41:53.674 [main] DEBUG - Save part 'xl/theme/theme1.xml'
20:41:53.675 [main] DEBUG - Save part 'xl/workbook.xml'
20:41:53.677 [main] DEBUG - Save part 'xl/worksheets/sheet1.xml'
20:41:53.678 [main] DEBUG - Save part 'xl/worksheets/sheet2.xml'
20:41:53.679 [main] DEBUG - Save part 'xl/worksheets/sheet3.xml'
20:41:53.679 [main] DEBUG - Save part 'xl/worksheets/sheet4.xml'
20:41:53.679 [main] DEBUG - Save part 'xl/worksheets/sheet5.xml'
20:41:53.685 [main] DEBUG - Parsing relationship: /xl/_rels/workbook.xml.rels
20:41:53.686 [main] DEBUG - Parsing relationship: /xl/worksheets/_rels/sheet1.xml.rels
20:41:53.687 [main] DEBUG - Parsing relationship: /_rels/.rels
20:41:53.718 [main] DEBUG - Save content types part
20:41:53.720 [main] DEBUG - Save package relationships
20:41:53.721 [main] DEBUG - Save part 'docProps/app.xml'
20:41:53.722 [main] DEBUG - Save part 'docProps/core.xml'
20:41:53.723 [main] DEBUG - Save part 'xl/sharedStrings.xml'
20:41:53.723 [main] DEBUG - Save part 'xl/styles.xml'
20:41:53.724 [main] DEBUG - Save part 'xl/theme/theme1.xml'
20:41:53.724 [main] DEBUG - Save part 'xl/workbook.xml'
20:41:53.725 [main] DEBUG - Save part 'xl/worksheets/sheet1.xml'
20:41:53.727 [main] DEBUG - Save part 'xl/worksheets/sheet2.xml'
20:41:53.728 [main] DEBUG - Save part 'xl/worksheets/sheet3.xml'
20:41:53.728 [main] DEBUG - Save part 'xl/worksheets/sheet4.xml'
20:41:53.728 [main] DEBUG - Save part 'xl/worksheets/sheet5.xml'
20:41:53.770 [main] DEBUG - Parsing relationship: /xl/_rels/workbook.xml.rels
20:41:53.772 [main] DEBUG - Parsing relationship: /xl/worksheets/_rels/sheet1.xml.rels
20:41:53.773 [main] DEBUG - Parsing relationship: /_rels/.rels
20:41:53.813 [main] DEBUG - Save content types part
20:41:53.816 [main] DEBUG - Save package relationships
20:41:53.817 [main] DEBUG - Save part 'docProps/app.xml'
20:41:53.818 [main] DEBUG - Save part 'docProps/core.xml'
20:41:53.820 [main] DEBUG - Save part 'xl/sharedStrings.xml'
20:41:53.821 [main] DEBUG - Save part 'xl/styles.xml'
20:41:53.821 [main] DEBUG - Save part 'xl/theme/theme1.xml'
20:41:53.822 [main] DEBUG - Save part 'xl/workbook.xml'
20:41:53.824 [main] DEBUG - Save part 'xl/worksheets/sheet1.xml'
20:41:53.828 [main] DEBUG - Save part 'xl/worksheets/sheet2.xml'
20:41:53.828 [main] DEBUG - Save part 'xl/worksheets/sheet3.xml'
20:41:53.829 [main] DEBUG - Save part 'xl/worksheets/sheet4.xml'
20:41:53.829 [main] DEBUG - Save part 'xl/worksheets/sheet5.xml'
20:41:53.839 [main] DEBUG - Parsing relationship: /xl/_rels/workbook.xml.rels
20:41:53.840 [main] DEBUG - Parsing relationship: /xl/worksheets/_rels/sheet1.xml.rels
20:41:53.842 [main] DEBUG - Parsing relationship: /_rels/.rels
20:41:53.891 [main] DEBUG - Save content types part
20:41:53.893 [main] DEBUG - Save package relationships
20:41:53.895 [main] DEBUG - Save part 'docProps/app.xml'
20:41:53.895 [main] DEBUG - Save part 'docProps/core.xml'
20:41:53.897 [main] DEBUG - Save part 'xl/sharedStrings.xml'
20:41:53.897 [main] DEBUG - Save part 'xl/styles.xml'
20:41:53.898 [main] DEBUG - Save part 'xl/theme/theme1.xml'
20:41:53.899 [main] DEBUG - Save part 'xl/workbook.xml'
20:41:53.901 [main] DEBUG - Save part 'xl/worksheets/sheet1.xml'
20:41:53.902 [main] DEBUG - Save part 'xl/worksheets/sheet2.xml'
20:41:53.903 [main] DEBUG - Save part 'xl/worksheets/sheet3.xml'
20:41:53.903 [main] DEBUG - Save part 'xl/worksheets/sheet4.xml'
20:41:53.903 [main] DEBUG - Save part 'xl/worksheets/sheet5.xml'
20:41:54.185 [main] DEBUG - Parsing relationship: /xl/_rels/workbook.xml.rels
20:41:54.185 [main] DEBUG - Parsing relationship: /xl/worksheets/_rels/sheet1.xml.rels
20:41:54.186 [main] DEBUG - Parsing relationship: /_rels/.rels
20:41:54.216 [main] DEBUG - Save content types part
20:41:54.218 [main] DEBUG - Save package relationships
20:41:54.219 [main] DEBUG - Save part 'docProps/app.xml'
20:41:54.219 [main] DEBUG - Save part 'docProps/core.xml'
20:41:54.221 [main] DEBUG - Save part 'xl/sharedStrings.xml'
20:41:54.221 [main] DEBUG - Save part 'xl/styles.xml'
20:41:54.221 [main] DEBUG - Save part 'xl/theme/theme1.xml'
20:41:54.221 [main] DEBUG - Save part 'xl/workbook.xml'
20:41:54.223 [main] DEBUG - Save part 'xl/worksheets/sheet1.xml'
20:41:54.224 [main] DEBUG - Save part 'xl/worksheets/sheet2.xml'
20:41:54.224 [main] DEBUG - Save part 'xl/worksheets/sheet3.xml'
20:41:54.224 [main] DEBUG - Save part 'xl/worksheets/sheet4.xml'
20:41:54.224 [main] DEBUG - Save part 'xl/worksheets/sheet5.xml'
20:41:54.231 [main] DEBUG - Parsing relationship: /xl/_rels/workbook.xml.rels
20:41:54.232 [main] DEBUG - Parsing relationship: /xl/worksheets/_rels/sheet1.xml.rels
20:41:54.233 [main] DEBUG - Parsing relationship: /_rels/.rels
20:41:54.264 [main] DEBUG - Save content types part
20:41:54.266 [main] DEBUG - Save package relationships
20:41:54.267 [main] DEBUG - Save part 'docProps/app.xml'
20:41:54.267 [main] DEBUG - Save part 'docProps/core.xml'
20:41:54.268 [main] DEBUG - Save part 'xl/sharedStrings.xml'
20:41:54.268 [main] DEBUG - Save part 'xl/styles.xml'
20:41:54.268 [main] DEBUG - Save part 'xl/theme/theme1.xml'
20:41:54.269 [main] DEBUG - Save part 'xl/workbook.xml'
20:41:54.270 [main] DEBUG - Save part 'xl/worksheets/sheet1.xml'
20:41:54.272 [main] DEBUG - Save part 'xl/worksheets/sheet2.xml'
20:41:54.272 [main] DEBUG - Save part 'xl/worksheets/sheet3.xml'
20:41:54.272 [main] DEBUG - Save part 'xl/worksheets/sheet4.xml'
20:41:54.272 [main] DEBUG - Save part 'xl/worksheets/sheet5.xml'
20:41:54.315 [main] DEBUG - Parsing relationship: /xl/_rels/workbook.xml.rels
20:41:54.316 [main] DEBUG - Parsing relationship: /xl/worksheets/_rels/sheet1.xml.rels
20:41:54.316 [main] DEBUG - Parsing relationship: /_rels/.rels
20:41:54.347 [main] DEBUG - Save content types part
20:41:54.349 [main] DEBUG - Save package relationships
20:41:54.350 [main] DEBUG - Save part 'docProps/app.xml'
20:41:54.351 [main] DEBUG - Save part 'docProps/core.xml'
20:41:54.353 [main] DEBUG - Save part 'xl/sharedStrings.xml'
20:41:54.353 [main] DEBUG - Save part 'xl/styles.xml'
20:41:54.354 [main] DEBUG - Save part 'xl/theme/theme1.xml'
20:41:54.354 [main] DEBUG - Save part 'xl/workbook.xml'
20:41:54.355 [main] DEBUG - Save part 'xl/worksheets/sheet1.xml'
20:41:54.357 [main] DEBUG - Save part 'xl/worksheets/sheet2.xml'
20:41:54.357 [main] DEBUG - Save part 'xl/worksheets/sheet3.xml'
20:41:54.357 [main] DEBUG - Save part 'xl/worksheets/sheet4.xml'
20:41:54.357 [main] DEBUG - Save part 'xl/worksheets/sheet5.xml'
20:41:54.363 [main] DEBUG - Parsing relationship: /xl/_rels/workbook.xml.rels
20:41:54.364 [main] DEBUG - Parsing relationship: /xl/worksheets/_rels/sheet1.xml.rels
20:41:54.364 [main] DEBUG - Parsing relationship: /_rels/.rels
20:41:54.393 [main] DEBUG - Save content types part
20:41:54.394 [main] DEBUG - Save package relationships
20:41:54.395 [main] DEBUG - Save part 'docProps/app.xml'
20:41:54.396 [main] DEBUG - Save part 'docProps/core.xml'
20:41:54.397 [main] DEBUG - Save part 'xl/sharedStrings.xml'
20:41:54.397 [main] DEBUG - Save part 'xl/styles.xml'
20:41:54.398 [main] DEBUG - Save part 'xl/theme/theme1.xml'
20:41:54.398 [main] DEBUG - Save part 'xl/workbook.xml'
20:41:54.399 [main] DEBUG - Save part 'xl/worksheets/sheet1.xml'
20:41:54.400 [main] DEBUG - Save part 'xl/worksheets/sheet2.xml'
20:41:54.401 [main] DEBUG - Save part 'xl/worksheets/sheet3.xml'
20:41:54.401 [main] DEBUG - Save part 'xl/worksheets/sheet4.xml'
20:41:54.401 [main] DEBUG - Save part 'xl/worksheets/sheet5.xml'
20:41:54.441 [main] DEBUG - Parsing relationship: /xl/_rels/workbook.xml.rels
20:41:54.442 [main] DEBUG - Parsing relationship: /xl/worksheets/_rels/sheet1.xml.rels
20:41:54.442 [main] DEBUG - Parsing relationship: /_rels/.rels
20:41:54.473 [main] DEBUG - Save content types part
20:41:54.475 [main] DEBUG - Save package relationships
20:41:54.476 [main] DEBUG - Save part 'docProps/app.xml'
20:41:54.476 [main] DEBUG - Save part 'docProps/core.xml'
20:41:54.477 [main] DEBUG - Save part 'xl/sharedStrings.xml'
20:41:54.478 [main] DEBUG - Save part 'xl/styles.xml'
20:41:54.478 [main] DEBUG - Save part 'xl/theme/theme1.xml'
20:41:54.478 [main] DEBUG - Save part 'xl/workbook.xml'
20:41:54.479 [main] DEBUG - Save part 'xl/worksheets/sheet1.xml'
20:41:54.481 [main] DEBUG - Save part 'xl/worksheets/sheet2.xml'
20:41:54.481 [main] DEBUG - Save part 'xl/worksheets/sheet3.xml'
20:41:54.481 [main] DEBUG - Save part 'xl/worksheets/sheet4.xml'
20:41:54.481 [main] DEBUG - Save part 'xl/worksheets/sheet5.xml'
20:41:54.486 [main] DEBUG - Parsing relationship: /xl/_rels/workbook.xml.rels
20:41:54.487 [main] DEBUG - Parsing relationship: /xl/worksheets/_rels/sheet1.xml.rels
20:41:54.487 [main] DEBUG - Parsing relationship: /_rels/.rels
20:41:54.514 [main] DEBUG - Save content types part
20:41:54.516 [main] DEBUG - Save package relationships
20:41:54.517 [main] DEBUG - Save part 'docProps/app.xml'
20:41:54.517 [main] DEBUG - Save part 'docProps/core.xml'
20:41:54.518 [main] DEBUG - Save part 'xl/sharedStrings.xml'
20:41:54.518 [main] DEBUG - Save part 'xl/styles.xml'
20:41:54.518 [main] DEBUG - Save part 'xl/theme/theme1.xml'
20:41:54.519 [main] DEBUG - Save part 'xl/workbook.xml'
20:41:54.520 [main] DEBUG - Save part 'xl/worksheets/sheet1.xml'
20:41:54.521 [main] DEBUG - Save part 'xl/worksheets/sheet2.xml'
20:41:54.521 [main] DEBUG - Save part 'xl/worksheets/sheet3.xml'
20:41:54.521 [main] DEBUG - Save part 'xl/worksheets/sheet4.xml'
20:41:54.522 [main] DEBUG - Save part 'xl/worksheets/sheet5.xml'
20:41:54.565 [main] DEBUG - Parsing relationship: /xl/_rels/workbook.xml.rels
20:41:54.566 [main] DEBUG - Parsing relationship: /xl/worksheets/_rels/sheet1.xml.rels
20:41:54.566 [main] DEBUG - Parsing relationship: /_rels/.rels
20:41:54.591 [main] DEBUG - Save content types part
20:41:54.593 [main] DEBUG - Save package relationships
20:41:54.593 [main] DEBUG - Save part 'docProps/app.xml'
20:41:54.594 [main] DEBUG - Save part 'docProps/core.xml'
20:41:54.595 [main] DEBUG - Save part 'xl/sharedStrings.xml'
20:41:54.595 [main] DEBUG - Save part 'xl/styles.xml'
20:41:54.595 [main] DEBUG - Save part 'xl/theme/theme1.xml'
20:41:54.595 [main] DEBUG - Save part 'xl/workbook.xml'
20:41:54.597 [main] DEBUG - Save part 'xl/worksheets/sheet1.xml'
20:41:54.598 [main] DEBUG - Save part 'xl/worksheets/sheet2.xml'
20:41:54.598 [main] DEBUG - Save part 'xl/worksheets/sheet3.xml'
20:41:54.598 [main] DEBUG - Save part 'xl/worksheets/sheet4.xml'
20:41:54.598 [main] DEBUG - Save part 'xl/worksheets/sheet5.xml'
20:41:54.603 [main] DEBUG - Parsing relationship: /xl/_rels/workbook.xml.rels
20:41:54.604 [main] DEBUG - Parsing relationship: /xl/worksheets/_rels/sheet1.xml.rels
20:41:54.604 [main] DEBUG - Parsing relationship: /_rels/.rels
20:41:54.643 [main] DEBUG - Save content types part
20:41:54.645 [main] DEBUG - Save package relationships
20:41:54.647 [main] DEBUG - Save part 'docProps/app.xml'
20:41:54.647 [main] DEBUG - Save part 'docProps/core.xml'
20:41:54.650 [main] DEBUG - Save part 'xl/sharedStrings.xml'
20:41:54.651 [main] DEBUG - Save part 'xl/styles.xml'
20:41:54.651 [main] DEBUG - Save part 'xl/theme/theme1.xml'
20:41:54.652 [main] DEBUG - Save part 'xl/workbook.xml'
20:41:54.655 [main] DEBUG - Save part 'xl/worksheets/sheet1.xml'
20:41:54.658 [main] DEBUG - Save part 'xl/worksheets/sheet2.xml'
20:41:54.658 [main] DEBUG - Save part 'xl/worksheets/sheet3.xml'
20:41:54.658 [main] DEBUG - Save part 'xl/worksheets/sheet4.xml'
20:41:54.658 [main] DEBUG - Save part 'xl/worksheets/sheet5.xml'
20:41:54.723 [main] DEBUG - Parsing relationship: /xl/_rels/workbook.xml.rels
20:41:54.724 [main] DEBUG - Parsing relationship: /xl/worksheets/_rels/sheet1.xml.rels
20:41:54.724 [main] DEBUG - Parsing relationship: /_rels/.rels
20:41:54.755 [main] DEBUG - Save content types part
20:41:54.756 [main] DEBUG - Save package relationships
20:41:54.757 [main] DEBUG - Save part 'docProps/app.xml'
20:41:54.758 [main] DEBUG - Save part 'docProps/core.xml'
20:41:54.759 [main] DEBUG - Save part 'xl/sharedStrings.xml'
20:41:54.759 [main] DEBUG - Save part 'xl/styles.xml'
20:41:54.759 [main] DEBUG - Save part 'xl/theme/theme1.xml'
20:41:54.760 [main] DEBUG - Save part 'xl/workbook.xml'
20:41:54.761 [main] DEBUG - Save part 'xl/worksheets/sheet1.xml'
20:41:54.762 [main] DEBUG - Save part 'xl/worksheets/sheet2.xml'
20:41:54.762 [main] DEBUG - Save part 'xl/worksheets/sheet3.xml'
20:41:54.762 [main] DEBUG - Save part 'xl/worksheets/sheet4.xml'
20:41:54.763 [main] DEBUG - Save part 'xl/worksheets/sheet5.xml'
20:41:54.768 [main] DEBUG - Parsing relationship: /xl/_rels/workbook.xml.rels
20:41:54.769 [main] DEBUG - Parsing relationship: /xl/worksheets/_rels/sheet1.xml.rels
20:41:54.769 [main] DEBUG - Parsing relationship: /_rels/.rels
20:41:54.796 [main] DEBUG - Save content types part
20:41:54.797 [main] DEBUG - Save package relationships
20:41:54.799 [main] DEBUG - Save part 'docProps/app.xml'
20:41:54.799 [main] DEBUG - Save part 'docProps/core.xml'
20:41:54.800 [main] DEBUG - Save part 'xl/sharedStrings.xml'
20:41:54.800 [main] DEBUG - Save part 'xl/styles.xml'
20:41:54.801 [main] DEBUG - Save part 'xl/theme/theme1.xml'
20:41:54.801 [main] DEBUG - Save part 'xl/workbook.xml'
20:41:54.802 [main] DEBUG - Save part 'xl/worksheets/sheet1.xml'
20:41:54.803 [main] DEBUG - Save part 'xl/worksheets/sheet2.xml'
20:41:54.803 [main] DEBUG - Save part 'xl/worksheets/sheet3.xml'
20:41:54.804 [main] DEBUG - Save part 'xl/worksheets/sheet4.xml'
20:41:54.804 [main] DEBUG - Save part 'xl/worksheets/sheet5.xml'
20:41:54.844 [main] DEBUG - Parsing relationship: /xl/_rels/workbook.xml.rels
20:41:54.844 [main] DEBUG - Parsing relationship: /xl/worksheets/_rels/sheet1.xml.rels
20:41:54.845 [main] DEBUG - Parsing relationship: /_rels/.rels
20:41:54.871 [main] DEBUG - Save content types part
20:41:54.872 [main] DEBUG - Save package relationships
20:41:54.873 [main] DEBUG - Save part 'docProps/app.xml'
20:41:54.873 [main] DEBUG - Save part 'docProps/core.xml'
20:41:54.875 [main] DEBUG - Save part 'xl/sharedStrings.xml'
20:41:54.875 [main] DEBUG - Save part 'xl/styles.xml'
20:41:54.875 [main] DEBUG - Save part 'xl/theme/theme1.xml'
20:41:54.875 [main] DEBUG - Save part 'xl/workbook.xml'
20:41:54.876 [main] DEBUG - Save part 'xl/worksheets/sheet1.xml'
20:41:54.878 [main] DEBUG - Save part 'xl/worksheets/sheet2.xml'
20:41:54.878 [main] DEBUG - Save part 'xl/worksheets/sheet3.xml'
20:41:54.878 [main] DEBUG - Save part 'xl/worksheets/sheet4.xml'
20:41:54.878 [main] DEBUG - Save part 'xl/worksheets/sheet5.xml'
20:41:54.886 [main] DEBUG - Parsing relationship: /xl/_rels/workbook.xml.rels
20:41:54.887 [main] DEBUG - Parsing relationship: /xl/worksheets/_rels/sheet1.xml.rels
20:41:54.887 [main] DEBUG - Parsing relationship: /_rels/.rels
20:41:54.918 [main] DEBUG - Save content types part
20:41:54.920 [main] DEBUG - Save package relationships
20:41:54.921 [main] DEBUG - Save part 'docProps/app.xml'
20:41:54.921 [main] DEBUG - Save part 'docProps/core.xml'
20:41:54.922 [main] DEBUG - Save part 'xl/sharedStrings.xml'
20:41:54.922 [main] DEBUG - Save part 'xl/styles.xml'
20:41:54.922 [main] DEBUG - Save part 'xl/theme/theme1.xml'
20:41:54.923 [main] DEBUG - Save part 'xl/workbook.xml'
20:41:54.924 [main] DEBUG - Save part 'xl/worksheets/sheet1.xml'
20:41:54.925 [main] DEBUG - Save part 'xl/worksheets/sheet2.xml'
20:41:54.925 [main] DEBUG - Save part 'xl/worksheets/sheet3.xml'
20:41:54.925 [main] DEBUG - Save part 'xl/worksheets/sheet4.xml'
20:41:54.925 [main] DEBUG - Save part 'xl/worksheets/sheet5.xml'
20:41:54.973 [main] DEBUG - Parsing relationship: /xl/_rels/workbook.xml.rels
20:41:54.973 [main] DEBUG - Parsing relationship: /xl/worksheets/_rels/sheet1.xml.rels
20:41:54.974 [main] DEBUG - Parsing relationship: /_rels/.rels
20:41:55.001 [main] DEBUG - Save content types part
20:41:55.003 [main] DEBUG - Save package relationships
20:41:55.004 [main] DEBUG - Save part 'docProps/app.xml'
20:41:55.004 [main] DEBUG - Save part 'docProps/core.xml'
20:41:55.005 [main] DEBUG - Save part 'xl/sharedStrings.xml'
20:41:55.006 [main] DEBUG - Save part 'xl/styles.xml'
20:41:55.007 [main] DEBUG - Save part 'xl/theme/theme1.xml'
20:41:55.007 [main] DEBUG - Save part 'xl/workbook.xml'
20:41:55.008 [main] DEBUG - Save part 'xl/worksheets/sheet1.xml'
20:41:55.009 [main] DEBUG - Save part 'xl/worksheets/sheet2.xml'
20:41:55.010 [main] DEBUG - Save part 'xl/worksheets/sheet3.xml'
20:41:55.010 [main] DEBUG - Save part 'xl/worksheets/sheet4.xml'
20:41:55.010 [main] DEBUG - Save part 'xl/worksheets/sheet5.xml'
20:41:55.015 [main] DEBUG - Parsing relationship: /xl/_rels/workbook.xml.rels
20:41:55.016 [main] DEBUG - Parsing relationship: /xl/worksheets/_rels/sheet1.xml.rels
20:41:55.016 [main] DEBUG - Parsing relationship: /_rels/.rels
20:41:55.047 [main] DEBUG - Save content types part
20:41:55.048 [main] DEBUG - Save package relationships
20:41:55.049 [main] DEBUG - Save part 'docProps/app.xml'
20:41:55.049 [main] DEBUG - Save part 'docProps/core.xml'
20:41:55.050 [main] DEBUG - Save part 'xl/sharedStrings.xml'
20:41:55.051 [main] DEBUG - Save part 'xl/styles.xml'
20:41:55.051 [main] DEBUG - Save part 'xl/theme/theme1.xml'
20:41:55.052 [main] DEBUG - Save part 'xl/workbook.xml'
20:41:55.053 [main] DEBUG - Save part 'xl/worksheets/sheet1.xml'
20:41:55.054 [main] DEBUG - Save part 'xl/worksheets/sheet2.xml'
20:41:55.054 [main] DEBUG - Save part 'xl/worksheets/sheet3.xml'
20:41:55.055 [main] DEBUG - Save part 'xl/worksheets/sheet4.xml'
20:41:55.055 [main] DEBUG - Save part 'xl/worksheets/sheet5.xml'
20:41:55.103 [main] DEBUG - Parsing relationship: /xl/_rels/workbook.xml.rels
20:41:55.103 [main] DEBUG - Parsing relationship: /xl/worksheets/_rels/sheet1.xml.rels
20:41:55.104 [main] DEBUG - Parsing relationship: /_rels/.rels
20:41:55.130 [main] DEBUG - Save content types part
20:41:55.131 [main] DEBUG - Save package relationships
20:41:55.134 [main] DEBUG - Save part 'docProps/app.xml'
20:41:55.134 [main] DEBUG - Save part 'docProps/core.xml'
20:41:55.135 [main] DEBUG - Save part 'xl/sharedStrings.xml'
20:41:55.135 [main] DEBUG - Save part 'xl/styles.xml'
20:41:55.135 [main] DEBUG - Save part 'xl/theme/theme1.xml'
20:41:55.136 [main] DEBUG - Save part 'xl/workbook.xml'
20:41:55.137 [main] DEBUG - Save part 'xl/worksheets/sheet1.xml'
20:41:55.138 [main] DEBUG - Save part 'xl/worksheets/sheet2.xml'
20:41:55.138 [main] DEBUG - Save part 'xl/worksheets/sheet3.xml'
20:41:55.138 [main] DEBUG - Save part 'xl/worksheets/sheet4.xml'
20:41:55.139 [main] DEBUG - Save part 'xl/worksheets/sheet5.xml'
20:41:55.143 [main] DEBUG - Parsing relationship: /xl/_rels/workbook.xml.rels
20:41:55.143 [main] DEBUG - Parsing relationship: /xl/worksheets/_rels/sheet1.xml.rels
20:41:55.144 [main] DEBUG - Parsing relationship: /_rels/.rels
20:41:55.167 [main] DEBUG - Save content types part
20:41:55.168 [main] DEBUG - Save package relationships
20:41:55.169 [main] DEBUG - Save part 'docProps/app.xml'
20:41:55.169 [main] DEBUG - Save part 'docProps/core.xml'
20:41:55.170 [main] DEBUG - Save part 'xl/sharedStrings.xml'
20:41:55.170 [main] DEBUG - Save part 'xl/styles.xml'
20:41:55.171 [main] DEBUG - Save part 'xl/theme/theme1.xml'
20:41:55.171 [main] DEBUG - Save part 'xl/workbook.xml'
20:41:55.172 [main] DEBUG - Save part 'xl/worksheets/sheet1.xml'
20:41:55.173 [main] DEBUG - Save part 'xl/worksheets/sheet2.xml'
20:41:55.173 [main] DEBUG - Save part 'xl/worksheets/sheet3.xml'
20:41:55.173 [main] DEBUG - Save part 'xl/worksheets/sheet4.xml'
20:41:55.174 [main] DEBUG - Save part 'xl/worksheets/sheet5.xml'
